############################
##### IN WEEDLE SUNRISE ####
############################
 == IN READ WEEDLE CLIMATE  == 
## Read Weedle WSunriseRED:ON
 == IN READ WEEDLE CLIMATE  == 
## Read Weedle WSunriseBLUE:ON
 == IN READ WEEDLE CLIMATE  == 
##  Read Weedle WSunriseWHITE:ON
####    WEEDLE SUNRISE  #####
#############################
##  WSunsetRED = ON
##  WSunsetBLUE = ON
##  WSunsetWHITE = ON
#############################
Turn ON RedSUN
##### IN RED LIGHT ON ####
Red Light ON...
----
Turn ON BlueSUN
##### IN BLUE LIGHT ON ####
Blue Light ON...
----
Turn On whiteSUN
##### IN WHITE LIGHT ON ####
White Light ON...
----
#######################################
#### IN WEEDLE ADJUSTMENT CLIMATE  ####
#######################################
\/\/\/\/\/\/\/\/\/\/\/\/\/\/\/\/\/\/\/\/
##############################################
#### STARTING WEEDLE ADJUSTMENT CLIMATE  ####
##############################################
 == IN READ WEEDLE CLIMATE  == 
##  Read Weedle WTemperature:30
 == IN READ WEEDLE CLIMATE  == 
##  Read Weedle WHumidityAir:80
 == IN READ WEEDLE CLIMATE  == 
##  Read Weedle WHumiditySoil:65
 == IN READ WEEDLE CLIMATE  == 
##  Read Weedle WCO2:60
 == IN READ WEEDLE CLIMATE  == 
##  Read Weedle WLuminosity:200
####################################
######   WEEDLE CLIMATE HIGH  ######
####################################
## WTemperature = 30
## WHumidityAir = 80
## WHumiditySoil = 65
## WCO2 = 60
## WLuminosity = 200
####################################
 == IN READ WEEDLE CLIMATE  == 
##  Read Weedle Wtemperature:20
 == IN READ WEEDLE CLIMATE  == 
##  Read Weedle Whumidity:50
 == IN READ WEEDLE CLIMATE  == 
##  Read Weedle Whumiditysoil:50
 == IN READ WEEDLE CLIMATE  == 
##  Read Weedle Wco2:40
 == IN READ WEEDLE CLIMATE  == 
##  Read Weedle Wluminosity:30
####################################
######    WEEDLE CLIMATE LOW  ######
####################################
##  Wtemperature = 20
##  Whumidityair = 50
##  Whumiditysoil = 50
##  Wco2 = 40
##  Wluminosity = 30
####################################
== IN READ AIR TEMPERATURE IN THE BOX == 
== IN READ AIR HUMIDITY IN THE BOX == 
== IN READ SOIL HUMIDITY 40 IN THE BOX == 
== IN READ SOIL HUMIDITY 55 IN THE BOX == 
== IN READ SOIL HUMIDITY 70 IN THE BOX == 
== IN READ SOIL HUMIDITY 85 IN THE BOX == 
== IN READ LUMINOSITY IN THE BOX == 
## luminosity = 30
== IN READ AIR TEMPERATURE IN THE BOX == 
## temperature:19.3 C  humidity : 53 %
\/\/\/\/\/\/\/\/
#### ALERT FAILED AIR TEMPERATURE ONCE
\/\/\/\/\/\/\/\/
== IN READ AIR HUMIDITY IN THE BOX == 
\/\/\/\/\/\/\/\/
##### ALERT FAILED AIR HUMIDITY ONCE
\/\/\/\/\/\/\/\/
\/\/\/\/\/\/\/\/
##### ALERT FAILED AIR HUMIDITY TWICE - SET WEEDLE CLIMATE DEFAULT  - NO RUN AIR HUMIDITY
\/\/\/\/\/\/\/\/
\/\/\/\/\/\/\/\/
##### ALERT FAILED SOIL HUMIDITY  - SET WEEDLE CLIMATE DEFAULT  - NO RUN SOIL HUMIDITY
\/\/\/\/\/\/\/\/
####################################
####     IN THE BOX CLIMATE     ###
####################################
## airTemperature = 19
## airHumdity = 80
## soilHumdity40 = 0
## soilHumdity55 = 0
## soilHumdity70 = 0
## soilHumdity85 = 0
## soilHumdity = 65
## luminosity = 30
####################################
#######  ADJUSTMENT ACTIONS  #######
\/\/\/\/\/\/\/\/\/\/\/\/\/\/\/\/\/\/\/\/\/\/\/\/\/
####  WEEDLE ADJUSTMENT TEMPERATURE STARTING  ####
\/\/\/\/\/\/\/\/\/\/\/\/\/\/\/\/\/\/\/\/\/\/\/\/\/
////////////////////////////
=======   TOO COLD  ======
////////////////////////////
=======   INCREASE OF +++ 1
////////////////////////////
------------------------
= IN INCREASE TEMPERATURE
------------------------
 == IN READ WEEDLE ADJUSTMENT == 
##  Read Weedle TWater:0
 == IN READ WEEDLE ADJUSTMENT == 
##  Read Weedle TAir:10
 == IN READ WEEDLE ADJUSTMENT == 
## Read Weedle TSun:15
============================
===  GARDENER TO EXECUTE ===
============================
==  water = 0
==  air = 10
==  sun = 15
============================
---
###  Caculated WATER in Sec: 0 ###
---
## Turn ON WATER for: 0
##### IN WATER ON ####
Water ON...
## Turn OFF WATER
##### IN WATER OFF ####
Water OFF...
---
###  Caculated AIR in Sec: 10 ###
---
## Turn ON AIR for: 10
##### IN AIR ON ####
Air ON...
## Turn OFF AIR
##### IN AIR OFF ####
Air OFF...
---
### Caculated SUN (hot Air) in Sec: 15 ###
---
##  Turn ON SUN - HOT AIR for: 15
##### IN SUN ON ####
Hot Air ON...
##  Turn OFF SUN - HOT AIR
##### IN SUN OFF ####
Hot Air OFF...
---
###################################################
####  WEEDLE ADJUSTMENT TEMPERATURE COMPLETED ####
###################################################
\/\/\/\/\/\/\/\/\/\/\/\/\/\/\/\/\/\/\/\/\/\/\/\/\/
\/\/\/\/\/\/\/\/\/\/\/\/\/\/\/\/\/\/\/\/\/\/\/\/\/
####  WEEDLE ADJUSTMENT AIR HUMIDITY STARTING     ####
\/\/\/\/\/\/\/\/\/\/\/\/\/\/\/\/\/\/\/\/\/\/\/\/\/
#################################################
####  WEEDLE ADJUSTMENT AIR HUMIDITY COMPLETED #####
#################################################
\/\/\/\/\/\/\/\/\/\/\/\/\/\/\/\/\/\/\/\/\/\/\/\/\/
\/\/\/\/\/\/\/\/\/\/\/\/\/\/\/\/\/\/\/\/\/\/\/\/\/
####  WEEDLE ADJUSTMENT SOIL HUMIDITY STARTING     ####
\/\/\/\/\/\/\/\/\/\/\/\/\/\/\/\/\/\/\/\/\/\/\/\/\/
######################################################
####  WEEDLE ADJUSTMENT SOIL HUMIDITY COMPLETED #####
######################################################
\/\/\/\/\/\/\/\/\/\/\/\/\/\/\/\/\/\/\/\/\/\/\/\/\/
####  WEEDLE ADJUSTMENT LUMINOSITY STARTING     ####
\/\/\/\/\/\/\/\/\/\/\/\/\/\/\/\/\/\/\/\/\/\/\/\/\/
######################################################
####  WEEDLE ADJUSTMENT LUMINOSITY COMPLETED #####
######################################################
\/\/\/\/\/\/\/\/\/\/\/\/\/\/\/\/\/\/\/\/\/\/\/\/\/
\/\/<3==\/\/<3==\/\/<3==\/\/<3==\/\/<3==\/\/<3==  
################################################
####  WEEDLE ADJUSTMENT CLIMATE COMPLETED #####
################################################
\/\/<3==\/\/<3==\/\/<3==\/\/<3==\/\/<3==\/\/<3==  
\/\/<3==\/\/<3==\/\/<3==\/\/<3==\/\/<3==\/\/<3==  
\/\/<3==\/\/<3==\/\/<3==\/\/<3==\/\/<3==\/\/<3==  
\/\/<3==\/\/<3==\/\/<3==\/\/<3==\/\/<3==\/\/<3==  
#######################################
#### IN WEEDLE ADJUSTMENT CLIMATE  ####
#######################################
\/\/\/\/\/\/\/\/\/\/\/\/\/\/\/\/\/\/\/\/
##############################################
#### STARTING WEEDLE ADJUSTMENT CLIMATE  ####
##############################################
 == IN READ WEEDLE CLIMATE  == 
##  Read Weedle WTemperature:30
 == IN READ WEEDLE CLIMATE  == 
##  Read Weedle WHumidityAir:80
 == IN READ WEEDLE CLIMATE  == 
##  Read Weedle WHumiditySoil:65
 == IN READ WEEDLE CLIMATE  == 
##  Read Weedle WCO2:60
 == IN READ WEEDLE CLIMATE  == 
##  Read Weedle WLuminosity:200
####################################
######   WEEDLE CLIMATE HIGH  ######
####################################
## WTemperature = 30
## WHumidityAir = 80
## WHumiditySoil = 65
## WCO2 = 60
## WLuminosity = 200
####################################
 == IN READ WEEDLE CLIMATE  == 
##  Read Weedle Wtemperature:20
 == IN READ WEEDLE CLIMATE  == 
##  Read Weedle Whumidity:50
 == IN READ WEEDLE CLIMATE  == 
##  Read Weedle Whumiditysoil:50
 == IN READ WEEDLE CLIMATE  == 
##  Read Weedle Wco2:40
 == IN READ WEEDLE CLIMATE  == 
##  Read Weedle Wluminosity:30
####################################
######    WEEDLE CLIMATE LOW  ######
####################################
##  Wtemperature = 20
##  Whumidityair = 50
##  Whumiditysoil = 50
##  Wco2 = 40
##  Wluminosity = 30
####################################
== IN READ AIR TEMPERATURE IN THE BOX == 
== IN READ AIR HUMIDITY IN THE BOX == 
== IN READ SOIL HUMIDITY 40 IN THE BOX == 
== IN READ SOIL HUMIDITY 55 IN THE BOX == 
== IN READ SOIL HUMIDITY 70 IN THE BOX == 
== IN READ SOIL HUMIDITY 85 IN THE BOX == 
== IN READ LUMINOSITY IN THE BOX == 
## luminosity = 29
== IN READ AIR TEMPERATURE IN THE BOX == 
\/\/\/\/\/\/\/\/
#### ALERT FAILED AIR TEMPERATURE ONCE
\/\/\/\/\/\/\/\/
\/\/\/\/\/\/\/\/
#### ALERT FAILED AIR TEMPERATURE TWICE - SET WEEDLE CLIMATE DEFAULT - NO RUN TEMPERATURE
\/\/\/\/\/\/\/\/
== IN READ AIR HUMIDITY IN THE BOX == 
##  temperature:19.4 C  humidity : 57 %
\/\/\/\/\/\/\/\/
##### ALERT FAILED AIR HUMIDITY ONCE
\/\/\/\/\/\/\/\/
\/\/\/\/\/\/\/\/
##### ALERT FAILED SOIL HUMIDITY  - SET WEEDLE CLIMATE DEFAULT  - NO RUN SOIL HUMIDITY
\/\/\/\/\/\/\/\/
####################################
####     IN THE BOX CLIMATE     ###
####################################
## airTemperature = 30
## airHumdity = 57
## soilHumdity40 = 0
## soilHumdity55 = 0
## soilHumdity70 = 0
## soilHumdity85 = 0
## soilHumdity = 65
## luminosity = 29
####################################
#######  ADJUSTMENT ACTIONS  #######
\/\/\/\/\/\/\/\/\/\/\/\/\/\/\/\/\/\/\/\/\/\/\/\/\/
####  WEEDLE ADJUSTMENT TEMPERATURE STARTING  ####
\/\/\/\/\/\/\/\/\/\/\/\/\/\/\/\/\/\/\/\/\/\/\/\/\/
###################################################
####  WEEDLE ADJUSTMENT TEMPERATURE COMPLETED ####
###################################################
\/\/\/\/\/\/\/\/\/\/\/\/\/\/\/\/\/\/\/\/\/\/\/\/\/
\/\/\/\/\/\/\/\/\/\/\/\/\/\/\/\/\/\/\/\/\/\/\/\/\/
####  WEEDLE ADJUSTMENT AIR HUMIDITY STARTING     ####
\/\/\/\/\/\/\/\/\/\/\/\/\/\/\/\/\/\/\/\/\/\/\/\/\/
#################################################
####  WEEDLE ADJUSTMENT AIR HUMIDITY COMPLETED #####
#################################################
\/\/\/\/\/\/\/\/\/\/\/\/\/\/\/\/\/\/\/\/\/\/\/\/\/
\/\/\/\/\/\/\/\/\/\/\/\/\/\/\/\/\/\/\/\/\/\/\/\/\/
####  WEEDLE ADJUSTMENT SOIL HUMIDITY STARTING     ####
\/\/\/\/\/\/\/\/\/\/\/\/\/\/\/\/\/\/\/\/\/\/\/\/\/
######################################################
####  WEEDLE ADJUSTMENT SOIL HUMIDITY COMPLETED #####
######################################################
\/\/\/\/\/\/\/\/\/\/\/\/\/\/\/\/\/\/\/\/\/\/\/\/\/
####  WEEDLE ADJUSTMENT LUMINOSITY STARTING     ####
\/\/\/\/\/\/\/\/\/\/\/\/\/\/\/\/\/\/\/\/\/\/\/\/\/
////////////////////////////
=====    NOT ENOUGHT LIGHT   =======
////////////////////////////
=====    INCREASE OF  +++ 1
////////////////////////////
--------------------------------
----------IN INCREASE LUMINOSITY
--------------------------------
 == IN READ WEEDLE ADJUSTMENT == 
##  Read Weedle LWater:0
 == IN READ WEEDLE ADJUSTMENT == 
##  Read Weedle LAir:0
 == IN READ WEEDLE ADJUSTMENT == 
##  Read Weedle LSun:0
============================
===  GARDENER TO EXECUTE ===
============================
==  water = 0
==  air = 0
==  sun = 0
============================
---
Caculated WATER in Sec: 0
## Turn ON WATER for: 0
##### IN WATER ON ####
Water ON...
## Turn OFF WATER
##### IN WATER OFF ####
Water OFF...
---
---
Caculated AIR in Sec: 0
## Turn ON AIR for: 0
##### IN AIR ON ####
Air ON...
## Turn OFF AIR
##### IN AIR OFF ####
Air OFF...
---
---
Caculated SUN (hot Air) in Sec: 0
##  Turn ON SUN - HOT AIR for: 0
##### IN SUN ON ####
Hot Air ON...
##  Turn OFF SUN - HOT AIR
##### IN SUN OFF ####
Hot Air OFF...
---
######################################################
####  WEEDLE ADJUSTMENT LUMINOSITY COMPLETED #####
######################################################
\/\/\/\/\/\/\/\/\/\/\/\/\/\/\/\/\/\/\/\/\/\/\/\/\/
\/\/<3==\/\/<3==\/\/<3==\/\/<3==\/\/<3==\/\/<3==  
################################################
####  WEEDLE ADJUSTMENT CLIMATE COMPLETED #####
################################################
\/\/<3==\/\/<3==\/\/<3==\/\/<3==\/\/<3==\/\/<3==  
\/\/<3==\/\/<3==\/\/<3==\/\/<3==\/\/<3==\/\/<3==  
\/\/<3==\/\/<3==\/\/<3==\/\/<3==\/\/<3==\/\/<3==  
\/\/<3==\/\/<3==\/\/<3==\/\/<3==\/\/<3==\/\/<3==  
#######################################
#### IN WEEDLE ADJUSTMENT CLIMATE  ####
#######################################
\/\/\/\/\/\/\/\/\/\/\/\/\/\/\/\/\/\/\/\/
##############################################
#### STARTING WEEDLE ADJUSTMENT CLIMATE  ####
##############################################
 == IN READ WEEDLE CLIMATE  == 
##  Read Weedle WTemperature:30
 == IN READ WEEDLE CLIMATE  == 
##  Read Weedle WHumidityAir:80
 == IN READ WEEDLE CLIMATE  == 
##  Read Weedle WHumiditySoil:65
 == IN READ WEEDLE CLIMATE  == 
##  Read Weedle WCO2:60
 == IN READ WEEDLE CLIMATE  == 
##  Read Weedle WLuminosity:200
####################################
######   WEEDLE CLIMATE HIGH  ######
####################################
## WTemperature = 30
## WHumidityAir = 80
## WHumiditySoil = 65
## WCO2 = 60
## WLuminosity = 200
####################################
 == IN READ WEEDLE CLIMATE  == 
##  Read Weedle Wtemperature:20
 == IN READ WEEDLE CLIMATE  == 
##  Read Weedle Whumidity:50
 == IN READ WEEDLE CLIMATE  == 
##  Read Weedle Whumiditysoil:50
 == IN READ WEEDLE CLIMATE  == 
##  Read Weedle Wco2:40
 == IN READ WEEDLE CLIMATE  == 
##  Read Weedle Wluminosity:30
####################################
######    WEEDLE CLIMATE LOW  ######
####################################
##  Wtemperature = 20
##  Whumidityair = 50
##  Whumiditysoil = 50
##  Wco2 = 40
##  Wluminosity = 30
####################################
== IN READ AIR TEMPERATURE IN THE BOX == 
== IN READ AIR HUMIDITY IN THE BOX == 
##  temperature:19.5 C  humidity : 60 %
== IN READ SOIL HUMIDITY 40 IN THE BOX == 
== IN READ SOIL HUMIDITY 55 IN THE BOX == 
== IN READ SOIL HUMIDITY 70 IN THE BOX == 
== IN READ SOIL HUMIDITY 85 IN THE BOX == 
== IN READ LUMINOSITY IN THE BOX == 
## luminosity = 29
== IN READ AIR TEMPERATURE IN THE BOX == 
## temperature:19.7 C  humidity : 60 %
\/\/\/\/\/\/\/\/
#### ALERT FAILED AIR TEMPERATURE ONCE
\/\/\/\/\/\/\/\/
\/\/\/\/\/\/\/\/
##### ALERT FAILED SOIL HUMIDITY  - SET WEEDLE CLIMATE DEFAULT  - NO RUN SOIL HUMIDITY
\/\/\/\/\/\/\/\/
####################################
####     IN THE BOX CLIMATE     ###
####################################
## airTemperature = 19
## airHumdity = 60
## soilHumdity40 = 0
## soilHumdity55 = 0
## soilHumdity70 = 0
## soilHumdity85 = 0
## soilHumdity = 65
## luminosity = 29
####################################
#######  ADJUSTMENT ACTIONS  #######
\/\/\/\/\/\/\/\/\/\/\/\/\/\/\/\/\/\/\/\/\/\/\/\/\/
####  WEEDLE ADJUSTMENT TEMPERATURE STARTING  ####
\/\/\/\/\/\/\/\/\/\/\/\/\/\/\/\/\/\/\/\/\/\/\/\/\/
////////////////////////////
=======   TOO COLD  ======
////////////////////////////
=======   INCREASE OF +++ 1
////////////////////////////
------------------------
= IN INCREASE TEMPERATURE
------------------------
 == IN READ WEEDLE ADJUSTMENT == 
##  Read Weedle TWater:0
 == IN READ WEEDLE ADJUSTMENT == 
##  Read Weedle TAir:10
 == IN READ WEEDLE ADJUSTMENT == 
## Read Weedle TSun:15
============================
===  GARDENER TO EXECUTE ===
============================
==  water = 0
==  air = 10
==  sun = 15
============================
---
###  Caculated WATER in Sec: 0 ###
---
## Turn ON WATER for: 0
##### IN WATER ON ####
Water ON...
## Turn OFF WATER
##### IN WATER OFF ####
Water OFF...
---
###  Caculated AIR in Sec: 10 ###
---
## Turn ON AIR for: 10
##### IN AIR ON ####
Air ON...
## Turn OFF AIR
##### IN AIR OFF ####
Air OFF...
---
### Caculated SUN (hot Air) in Sec: 15 ###
---
##  Turn ON SUN - HOT AIR for: 15
##### IN SUN ON ####
Hot Air ON...
##  Turn OFF SUN - HOT AIR
##### IN SUN OFF ####
Hot Air OFF...
---
###################################################
####  WEEDLE ADJUSTMENT TEMPERATURE COMPLETED ####
###################################################
\/\/\/\/\/\/\/\/\/\/\/\/\/\/\/\/\/\/\/\/\/\/\/\/\/
\/\/\/\/\/\/\/\/\/\/\/\/\/\/\/\/\/\/\/\/\/\/\/\/\/
####  WEEDLE ADJUSTMENT AIR HUMIDITY STARTING     ####
\/\/\/\/\/\/\/\/\/\/\/\/\/\/\/\/\/\/\/\/\/\/\/\/\/
#################################################
####  WEEDLE ADJUSTMENT AIR HUMIDITY COMPLETED #####
#################################################
\/\/\/\/\/\/\/\/\/\/\/\/\/\/\/\/\/\/\/\/\/\/\/\/\/
\/\/\/\/\/\/\/\/\/\/\/\/\/\/\/\/\/\/\/\/\/\/\/\/\/
####  WEEDLE ADJUSTMENT SOIL HUMIDITY STARTING     ####
\/\/\/\/\/\/\/\/\/\/\/\/\/\/\/\/\/\/\/\/\/\/\/\/\/
######################################################
####  WEEDLE ADJUSTMENT SOIL HUMIDITY COMPLETED #####
######################################################
\/\/\/\/\/\/\/\/\/\/\/\/\/\/\/\/\/\/\/\/\/\/\/\/\/
####  WEEDLE ADJUSTMENT LUMINOSITY STARTING     ####
\/\/\/\/\/\/\/\/\/\/\/\/\/\/\/\/\/\/\/\/\/\/\/\/\/
////////////////////////////
=====    NOT ENOUGHT LIGHT   =======
////////////////////////////
=====    INCREASE OF  +++ 1
////////////////////////////
--------------------------------
----------IN INCREASE LUMINOSITY
--------------------------------
 == IN READ WEEDLE ADJUSTMENT == 
##  Read Weedle LWater:0
 == IN READ WEEDLE ADJUSTMENT == 
##  Read Weedle LAir:0
 == IN READ WEEDLE ADJUSTMENT == 
##  Read Weedle LSun:0
============================
===  GARDENER TO EXECUTE ===
============================
==  water = 0
==  air = 0
==  sun = 0
============================
---
Caculated WATER in Sec: 0
## Turn ON WATER for: 0
##### IN WATER ON ####
Water ON...
## Turn OFF WATER
##### IN WATER OFF ####
Water OFF...
---
---
Caculated AIR in Sec: 0
## Turn ON AIR for: 0
##### IN AIR ON ####
Air ON...
## Turn OFF AIR
##### IN AIR OFF ####
Air OFF...
---
---
Caculated SUN (hot Air) in Sec: 0
##  Turn ON SUN - HOT AIR for: 0
##### IN SUN ON ####
Hot Air ON...
##  Turn OFF SUN - HOT AIR
##### IN SUN OFF ####
Hot Air OFF...
---
######################################################
####  WEEDLE ADJUSTMENT LUMINOSITY COMPLETED #####
######################################################
\/\/\/\/\/\/\/\/\/\/\/\/\/\/\/\/\/\/\/\/\/\/\/\/\/
\/\/<3==\/\/<3==\/\/<3==\/\/<3==\/\/<3==\/\/<3==  
################################################
####  WEEDLE ADJUSTMENT CLIMATE COMPLETED #####
################################################
\/\/<3==\/\/<3==\/\/<3==\/\/<3==\/\/<3==\/\/<3==  
\/\/<3==\/\/<3==\/\/<3==\/\/<3==\/\/<3==\/\/<3==  
\/\/<3==\/\/<3==\/\/<3==\/\/<3==\/\/<3==\/\/<3==  
\/\/<3==\/\/<3==\/\/<3==\/\/<3==\/\/<3==\/\/<3==  
#######################################
#### IN WEEDLE ADJUSTMENT CLIMATE  ####
#######################################
\/\/\/\/\/\/\/\/\/\/\/\/\/\/\/\/\/\/\/\/
##############################################
#### STARTING WEEDLE ADJUSTMENT CLIMATE  ####
##############################################
 == IN READ WEEDLE CLIMATE  == 
##  Read Weedle WTemperature:30
 == IN READ WEEDLE CLIMATE  == 
##  Read Weedle WHumidityAir:80
 == IN READ WEEDLE CLIMATE  == 
##  Read Weedle WHumiditySoil:80
 == IN READ WEEDLE CLIMATE  == 
##  Read Weedle WCO2:60
 == IN READ WEEDLE CLIMATE  == 
##  Read Weedle WLuminosity:200
####################################
######   WEEDLE CLIMATE HIGH  ######
####################################
## WTemperature = 30
## WHumidityAir = 80
## WHumiditySoil = 80
## WCO2 = 60
## WLuminosity = 200
####################################
 == IN READ WEEDLE CLIMATE  == 
##  Read Weedle Wtemperature:22
 == IN READ WEEDLE CLIMATE  == 
##  Read Weedle Whumidity:65
 == IN READ WEEDLE CLIMATE  == 
##  Read Weedle Whumiditysoil:65
 == IN READ WEEDLE CLIMATE  == 
##  Read Weedle Wco2:40
 == IN READ WEEDLE CLIMATE  == 
##  Read Weedle Wluminosity:30
####################################
######    WEEDLE CLIMATE LOW  ######
####################################
##  Wtemperature = 22
##  Whumidityair = 65
##  Whumiditysoil = 65
##  Wco2 = 40
##  Wluminosity = 30
####################################
== IN READ AIR TEMPERATURE IN THE BOX == 
== IN READ AIR HUMIDITY IN THE BOX == 
== IN READ SOIL HUMIDITY 40 IN THE BOX == 
== IN READ SOIL HUMIDITY 55 IN THE BOX == 
== IN READ SOIL HUMIDITY 70 IN THE BOX == 
== IN READ SOIL HUMIDITY 85 IN THE BOX == 
== IN READ LUMINOSITY IN THE BOX == 
## luminosity = 29
== IN READ AIR TEMPERATURE IN THE BOX == 
\/\/\/\/\/\/\/\/
#### ALERT FAILED AIR TEMPERATURE ONCE
\/\/\/\/\/\/\/\/
\/\/\/\/\/\/\/\/
#### ALERT FAILED AIR TEMPERATURE TWICE - SET WEEDLE CLIMATE DEFAULT - NO RUN TEMPERATURE
\/\/\/\/\/\/\/\/
== IN READ AIR HUMIDITY IN THE BOX == 
##  temperature:19.5 C  humidity : 58 %
\/\/\/\/\/\/\/\/
##### ALERT FAILED AIR HUMIDITY ONCE
\/\/\/\/\/\/\/\/
\/\/\/\/\/\/\/\/
##### ALERT FAILED SOIL HUMIDITY  - SET WEEDLE CLIMATE DEFAULT  - NO RUN SOIL HUMIDITY
\/\/\/\/\/\/\/\/
####################################
####     IN THE BOX CLIMATE     ###
####################################
## airTemperature = 30
## airHumdity = 58
## soilHumdity40 = 0
## soilHumdity55 = 0
## soilHumdity70 = 0
## soilHumdity85 = 0
## soilHumdity = 80
## luminosity = 29
####################################
#######  ADJUSTMENT ACTIONS  #######
\/\/\/\/\/\/\/\/\/\/\/\/\/\/\/\/\/\/\/\/\/\/\/\/\/
####  WEEDLE ADJUSTMENT TEMPERATURE STARTING  ####
\/\/\/\/\/\/\/\/\/\/\/\/\/\/\/\/\/\/\/\/\/\/\/\/\/
###################################################
####  WEEDLE ADJUSTMENT TEMPERATURE COMPLETED ####
###################################################
\/\/\/\/\/\/\/\/\/\/\/\/\/\/\/\/\/\/\/\/\/\/\/\/\/
\/\/\/\/\/\/\/\/\/\/\/\/\/\/\/\/\/\/\/\/\/\/\/\/\/
####  WEEDLE ADJUSTMENT AIR HUMIDITY STARTING     ####
\/\/\/\/\/\/\/\/\/\/\/\/\/\/\/\/\/\/\/\/\/\/\/\/\/
///////////////////////////////
=====    AIR TOO DRY   =======
///////////////////////////////
=====    INCREASE OF  +++ 7
////////////////////////////
------------------------
= IN INCREASE AIR HUMDITY
------------------------
 == IN READ WEEDLE ADJUSTMENT == 
##  Read Weedle HAWater:2
 == IN READ WEEDLE ADJUSTMENT == 
##  Read Weedle HAAir:20
 == IN READ WEEDLE ADJUSTMENT == 
##  Read Weedle HASun:5
============================
===  GARDENER TO EXECUTE ===
============================
==  water = 2
==  air = 20
==  sun = 5
============================
---
###  Caculated WATER in Sec: 14
## Turn ON WATER for: 14
##### IN WATER ON ####
Water ON...
## Turn OFF WATER
##### IN WATER OFF ####
Water OFF...
---
---
###  Caculated AIR in Sec: 140
## Turn ON AIR for: 140
##### IN AIR ON ####
Air ON...
## Turn OFF AIR
##### IN AIR OFF ####
Air OFF...
---
---
###  Caculated SUN (hot Air) in Sec: 35
##  Turn ON SUN - HOT AIR for: 35
##### IN SUN ON ####
Hot Air ON...
##  Turn OFF SUN - HOT AIR
##### IN SUN OFF ####
Hot Air OFF...
---
#################################################
####  WEEDLE ADJUSTMENT AIR HUMIDITY COMPLETED #####
#################################################
\/\/\/\/\/\/\/\/\/\/\/\/\/\/\/\/\/\/\/\/\/\/\/\/\/
\/\/\/\/\/\/\/\/\/\/\/\/\/\/\/\/\/\/\/\/\/\/\/\/\/
####  WEEDLE ADJUSTMENT SOIL HUMIDITY STARTING     ####
\/\/\/\/\/\/\/\/\/\/\/\/\/\/\/\/\/\/\/\/\/\/\/\/\/
######################################################
####  WEEDLE ADJUSTMENT SOIL HUMIDITY COMPLETED #####
######################################################
\/\/\/\/\/\/\/\/\/\/\/\/\/\/\/\/\/\/\/\/\/\/\/\/\/
####  WEEDLE ADJUSTMENT LUMINOSITY STARTING     ####
\/\/\/\/\/\/\/\/\/\/\/\/\/\/\/\/\/\/\/\/\/\/\/\/\/
////////////////////////////
=====    NOT ENOUGHT LIGHT   =======
////////////////////////////
=====    INCREASE OF  +++ 1
////////////////////////////
--------------------------------
----------IN INCREASE LUMINOSITY
--------------------------------
 == IN READ WEEDLE ADJUSTMENT == 
##  Read Weedle LWater:0
 == IN READ WEEDLE ADJUSTMENT == 
##  Read Weedle LAir:0
 == IN READ WEEDLE ADJUSTMENT == 
##  Read Weedle LSun:0
============================
===  GARDENER TO EXECUTE ===
============================
==  water = 0
==  air = 0
==  sun = 0
============================
---
Caculated WATER in Sec: 0
## Turn ON WATER for: 0
##### IN WATER ON ####
Water ON...
## Turn OFF WATER
##### IN WATER OFF ####
Water OFF...
---
---
Caculated AIR in Sec: 0
## Turn ON AIR for: 0
##### IN AIR ON ####
Air ON...
## Turn OFF AIR
##### IN AIR OFF ####
Air OFF...
---
---
Caculated SUN (hot Air) in Sec: 0
##  Turn ON SUN - HOT AIR for: 0
##### IN SUN ON ####
Hot Air ON...
##  Turn OFF SUN - HOT AIR
##### IN SUN OFF ####
Hot Air OFF...
---
######################################################
####  WEEDLE ADJUSTMENT LUMINOSITY COMPLETED #####
######################################################
\/\/\/\/\/\/\/\/\/\/\/\/\/\/\/\/\/\/\/\/\/\/\/\/\/
\/\/<3==\/\/<3==\/\/<3==\/\/<3==\/\/<3==\/\/<3==  
################################################
####  WEEDLE ADJUSTMENT CLIMATE COMPLETED #####
################################################
\/\/<3==\/\/<3==\/\/<3==\/\/<3==\/\/<3==\/\/<3==  
\/\/<3==\/\/<3==\/\/<3==\/\/<3==\/\/<3==\/\/<3==  
\/\/<3==\/\/<3==\/\/<3==\/\/<3==\/\/<3==\/\/<3==  
\/\/<3==\/\/<3==\/\/<3==\/\/<3==\/\/<3==\/\/<3==  
#######################################
#### IN WEEDLE ADJUSTMENT CLIMATE  ####
#######################################
\/\/\/\/\/\/\/\/\/\/\/\/\/\/\/\/\/\/\/\/
##############################################
#### STARTING WEEDLE ADJUSTMENT CLIMATE  ####
##############################################
 == IN READ WEEDLE CLIMATE  == 
##  Read Weedle WTemperature:30
 == IN READ WEEDLE CLIMATE  == 
##  Read Weedle WHumidityAir:80
 == IN READ WEEDLE CLIMATE  == 
##  Read Weedle WHumiditySoil:80
 == IN READ WEEDLE CLIMATE  == 
##  Read Weedle WCO2:60
 == IN READ WEEDLE CLIMATE  == 
##  Read Weedle WLuminosity:200
####################################
######   WEEDLE CLIMATE HIGH  ######
####################################
## WTemperature = 30
## WHumidityAir = 80
## WHumiditySoil = 80
## WCO2 = 60
## WLuminosity = 200
####################################
 == IN READ WEEDLE CLIMATE  == 
##  Read Weedle Wtemperature:22
 == IN READ WEEDLE CLIMATE  == 
##  Read Weedle Whumidity:65
 == IN READ WEEDLE CLIMATE  == 
##  Read Weedle Whumiditysoil:65
 == IN READ WEEDLE CLIMATE  == 
##  Read Weedle Wco2:40
 == IN READ WEEDLE CLIMATE  == 
##  Read Weedle Wluminosity:30
####################################
######    WEEDLE CLIMATE LOW  ######
####################################
##  Wtemperature = 22
##  Whumidityair = 65
##  Whumiditysoil = 65
##  Wco2 = 40
##  Wluminosity = 30
####################################
== IN READ AIR TEMPERATURE IN THE BOX == 
## temperature:19.4 C  humidity : 60 %
== IN READ AIR HUMIDITY IN THE BOX == 
##  temperature:19.5 C  humidity : 59 %
== IN READ SOIL HUMIDITY 40 IN THE BOX == 
== IN READ SOIL HUMIDITY 55 IN THE BOX == 
== IN READ SOIL HUMIDITY 70 IN THE BOX == 
== IN READ SOIL HUMIDITY 85 IN THE BOX == 
== IN READ LUMINOSITY IN THE BOX == 
## luminosity = 29
\/\/\/\/\/\/\/\/
##### ALERT FAILED SOIL HUMIDITY  - SET WEEDLE CLIMATE DEFAULT  - NO RUN SOIL HUMIDITY
\/\/\/\/\/\/\/\/
####################################
####     IN THE BOX CLIMATE     ###
####################################
## airTemperature = 19
## airHumdity = 59
## soilHumdity40 = 0
## soilHumdity55 = 0
## soilHumdity70 = 0
## soilHumdity85 = 0
## soilHumdity = 80
## luminosity = 29
####################################
#######  ADJUSTMENT ACTIONS  #######
\/\/\/\/\/\/\/\/\/\/\/\/\/\/\/\/\/\/\/\/\/\/\/\/\/
####  WEEDLE ADJUSTMENT TEMPERATURE STARTING  ####
\/\/\/\/\/\/\/\/\/\/\/\/\/\/\/\/\/\/\/\/\/\/\/\/\/
////////////////////////////
=======   TOO COLD  ======
////////////////////////////
=======   INCREASE OF +++ 3
////////////////////////////
------------------------
= IN INCREASE TEMPERATURE
------------------------
 == IN READ WEEDLE ADJUSTMENT == 
##  Read Weedle TWater:0
 == IN READ WEEDLE ADJUSTMENT == 
##  Read Weedle TAir:10
 == IN READ WEEDLE ADJUSTMENT == 
## Read Weedle TSun:15
============================
===  GARDENER TO EXECUTE ===
============================
==  water = 0
==  air = 10
==  sun = 15
============================
---
###  Caculated WATER in Sec: 0 ###
---
## Turn ON WATER for: 0
##### IN WATER ON ####
Water ON...
## Turn OFF WATER
##### IN WATER OFF ####
Water OFF...
---
###  Caculated AIR in Sec: 30 ###
---
## Turn ON AIR for: 30
##### IN AIR ON ####
Air ON...
## Turn OFF AIR
##### IN AIR OFF ####
Air OFF...
---
### Caculated SUN (hot Air) in Sec: 45 ###
---
##  Turn ON SUN - HOT AIR for: 45
##### IN SUN ON ####
Hot Air ON...
##  Turn OFF SUN - HOT AIR
##### IN SUN OFF ####
Hot Air OFF...
---
###################################################
####  WEEDLE ADJUSTMENT TEMPERATURE COMPLETED ####
###################################################
\/\/\/\/\/\/\/\/\/\/\/\/\/\/\/\/\/\/\/\/\/\/\/\/\/
\/\/\/\/\/\/\/\/\/\/\/\/\/\/\/\/\/\/\/\/\/\/\/\/\/
####  WEEDLE ADJUSTMENT AIR HUMIDITY STARTING     ####
\/\/\/\/\/\/\/\/\/\/\/\/\/\/\/\/\/\/\/\/\/\/\/\/\/
///////////////////////////////
=====    AIR TOO DRY   =======
///////////////////////////////
=====    INCREASE OF  +++ 6
////////////////////////////
------------------------
= IN INCREASE AIR HUMDITY
------------------------
 == IN READ WEEDLE ADJUSTMENT == 
##  Read Weedle HAWater:2
 == IN READ WEEDLE ADJUSTMENT == 
##  Read Weedle HAAir:20
 == IN READ WEEDLE ADJUSTMENT == 
##  Read Weedle HASun:5
============================
===  GARDENER TO EXECUTE ===
============================
==  water = 2
==  air = 20
==  sun = 5
============================
---
###  Caculated WATER in Sec: 12
## Turn ON WATER for: 12
##### IN WATER ON ####
Water ON...
## Turn OFF WATER
##### IN WATER OFF ####
Water OFF...
---
---
###  Caculated AIR in Sec: 120
## Turn ON AIR for: 120
##### IN AIR ON ####
Air ON...
## Turn OFF AIR
##### IN AIR OFF ####
Air OFF...
---
---
###  Caculated SUN (hot Air) in Sec: 30
##  Turn ON SUN - HOT AIR for: 30
##### IN SUN ON ####
Hot Air ON...
##  Turn OFF SUN - HOT AIR
##### IN SUN OFF ####
Hot Air OFF...
---
#################################################
####  WEEDLE ADJUSTMENT AIR HUMIDITY COMPLETED #####
#################################################
\/\/\/\/\/\/\/\/\/\/\/\/\/\/\/\/\/\/\/\/\/\/\/\/\/
\/\/\/\/\/\/\/\/\/\/\/\/\/\/\/\/\/\/\/\/\/\/\/\/\/
####  WEEDLE ADJUSTMENT SOIL HUMIDITY STARTING     ####
\/\/\/\/\/\/\/\/\/\/\/\/\/\/\/\/\/\/\/\/\/\/\/\/\/
######################################################
####  WEEDLE ADJUSTMENT SOIL HUMIDITY COMPLETED #####
######################################################
\/\/\/\/\/\/\/\/\/\/\/\/\/\/\/\/\/\/\/\/\/\/\/\/\/
####  WEEDLE ADJUSTMENT LUMINOSITY STARTING     ####
\/\/\/\/\/\/\/\/\/\/\/\/\/\/\/\/\/\/\/\/\/\/\/\/\/
////////////////////////////
=====    NOT ENOUGHT LIGHT   =======
////////////////////////////
=====    INCREASE OF  +++ 1
////////////////////////////
--------------------------------
----------IN INCREASE LUMINOSITY
--------------------------------
 == IN READ WEEDLE ADJUSTMENT == 
##  Read Weedle LWater:0
 == IN READ WEEDLE ADJUSTMENT == 
##  Read Weedle LAir:0
 == IN READ WEEDLE ADJUSTMENT == 
##  Read Weedle LSun:0
============================
===  GARDENER TO EXECUTE ===
============================
==  water = 0
==  air = 0
==  sun = 0
============================
---
Caculated WATER in Sec: 0
## Turn ON WATER for: 0
##### IN WATER ON ####
Water ON...
## Turn OFF WATER
##### IN WATER OFF ####
Water OFF...
---
---
Caculated AIR in Sec: 0
## Turn ON AIR for: 0
##### IN AIR ON ####
Air ON...
## Turn OFF AIR
##### IN AIR OFF ####
Air OFF...
---
---
Caculated SUN (hot Air) in Sec: 0
##  Turn ON SUN - HOT AIR for: 0
##### IN SUN ON ####
Hot Air ON...
##  Turn OFF SUN - HOT AIR
##### IN SUN OFF ####
Hot Air OFF...
---
######################################################
####  WEEDLE ADJUSTMENT LUMINOSITY COMPLETED #####
######################################################
\/\/\/\/\/\/\/\/\/\/\/\/\/\/\/\/\/\/\/\/\/\/\/\/\/
\/\/<3==\/\/<3==\/\/<3==\/\/<3==\/\/<3==\/\/<3==  
################################################
####  WEEDLE ADJUSTMENT CLIMATE COMPLETED #####
################################################
\/\/<3==\/\/<3==\/\/<3==\/\/<3==\/\/<3==\/\/<3==  
\/\/<3==\/\/<3==\/\/<3==\/\/<3==\/\/<3==\/\/<3==  
\/\/<3==\/\/<3==\/\/<3==\/\/<3==\/\/<3==\/\/<3==  
\/\/<3==\/\/<3==\/\/<3==\/\/<3==\/\/<3==\/\/<3==  
#######################################
#### IN WEEDLE ADJUSTMENT CLIMATE  ####
#######################################
\/\/\/\/\/\/\/\/\/\/\/\/\/\/\/\/\/\/\/\/
##############################################
#### STARTING WEEDLE ADJUSTMENT CLIMATE  ####
##############################################
 == IN READ WEEDLE CLIMATE  == 
##  Read Weedle WTemperature:30
 == IN READ WEEDLE CLIMATE  == 
##  Read Weedle WHumidityAir:80
 == IN READ WEEDLE CLIMATE  == 
##  Read Weedle WHumiditySoil:80
 == IN READ WEEDLE CLIMATE  == 
##  Read Weedle WCO2:60
 == IN READ WEEDLE CLIMATE  == 
##  Read Weedle WLuminosity:200
####################################
######   WEEDLE CLIMATE HIGH  ######
####################################
## WTemperature = 30
## WHumidityAir = 80
## WHumiditySoil = 80
## WCO2 = 60
## WLuminosity = 200
####################################
 == IN READ WEEDLE CLIMATE  == 
##  Read Weedle Wtemperature:22
 == IN READ WEEDLE CLIMATE  == 
##  Read Weedle Whumidity:65
 == IN READ WEEDLE CLIMATE  == 
##  Read Weedle Whumiditysoil:65
 == IN READ WEEDLE CLIMATE  == 
##  Read Weedle Wco2:40
 == IN READ WEEDLE CLIMATE  == 
##  Read Weedle Wluminosity:30
####################################
######    WEEDLE CLIMATE LOW  ######
####################################
##  Wtemperature = 22
##  Whumidityair = 65
##  Whumiditysoil = 65
##  Wco2 = 40
##  Wluminosity = 30
####################################
== IN READ AIR TEMPERATURE IN THE BOX == 
## temperature:19.5 C  humidity : 60 %
== IN READ AIR HUMIDITY IN THE BOX == 
== IN READ SOIL HUMIDITY 40 IN THE BOX == 
== IN READ SOIL HUMIDITY 55 IN THE BOX == 
== IN READ SOIL HUMIDITY 70 IN THE BOX == 
== IN READ SOIL HUMIDITY 85 IN THE BOX == 
== IN READ LUMINOSITY IN THE BOX == 
## luminosity = 29
== IN READ AIR HUMIDITY IN THE BOX == 
##  temperature:19.7 C  humidity : 62 %
\/\/\/\/\/\/\/\/
##### ALERT FAILED AIR HUMIDITY ONCE
\/\/\/\/\/\/\/\/
\/\/\/\/\/\/\/\/
##### ALERT FAILED SOIL HUMIDITY  - SET WEEDLE CLIMATE DEFAULT  - NO RUN SOIL HUMIDITY
\/\/\/\/\/\/\/\/
####################################
####     IN THE BOX CLIMATE     ###
####################################
## airTemperature = 19
## airHumdity = 62
## soilHumdity40 = 0
## soilHumdity55 = 0
## soilHumdity70 = 0
## soilHumdity85 = 0
## soilHumdity = 80
## luminosity = 29
####################################
#######  ADJUSTMENT ACTIONS  #######
\/\/\/\/\/\/\/\/\/\/\/\/\/\/\/\/\/\/\/\/\/\/\/\/\/
####  WEEDLE ADJUSTMENT TEMPERATURE STARTING  ####
\/\/\/\/\/\/\/\/\/\/\/\/\/\/\/\/\/\/\/\/\/\/\/\/\/
////////////////////////////
=======   TOO COLD  ======
////////////////////////////
=======   INCREASE OF +++ 3
////////////////////////////
------------------------
= IN INCREASE TEMPERATURE
------------------------
 == IN READ WEEDLE ADJUSTMENT == 
##  Read Weedle TWater:0
 == IN READ WEEDLE ADJUSTMENT == 
##  Read Weedle TAir:10
 == IN READ WEEDLE ADJUSTMENT == 
## Read Weedle TSun:15
============================
===  GARDENER TO EXECUTE ===
============================
==  water = 0
==  air = 10
==  sun = 15
============================
---
###  Caculated WATER in Sec: 0 ###
---
## Turn ON WATER for: 0
##### IN WATER ON ####
Water ON...
## Turn OFF WATER
##### IN WATER OFF ####
Water OFF...
---
###  Caculated AIR in Sec: 30 ###
---
## Turn ON AIR for: 30
##### IN AIR ON ####
Air ON...
## Turn OFF AIR
##### IN AIR OFF ####
Air OFF...
---
### Caculated SUN (hot Air) in Sec: 45 ###
---
##  Turn ON SUN - HOT AIR for: 45
##### IN SUN ON ####
Hot Air ON...
##  Turn OFF SUN - HOT AIR
##### IN SUN OFF ####
Hot Air OFF...
---
###################################################
####  WEEDLE ADJUSTMENT TEMPERATURE COMPLETED ####
###################################################
\/\/\/\/\/\/\/\/\/\/\/\/\/\/\/\/\/\/\/\/\/\/\/\/\/
\/\/\/\/\/\/\/\/\/\/\/\/\/\/\/\/\/\/\/\/\/\/\/\/\/
####  WEEDLE ADJUSTMENT AIR HUMIDITY STARTING     ####
\/\/\/\/\/\/\/\/\/\/\/\/\/\/\/\/\/\/\/\/\/\/\/\/\/
///////////////////////////////
=====    AIR TOO DRY   =======
///////////////////////////////
=====    INCREASE OF  +++ 3
////////////////////////////
------------------------
= IN INCREASE AIR HUMDITY
------------------------
 == IN READ WEEDLE ADJUSTMENT == 
##  Read Weedle HAWater:2
 == IN READ WEEDLE ADJUSTMENT == 
##  Read Weedle HAAir:20
 == IN READ WEEDLE ADJUSTMENT == 
##  Read Weedle HASun:5
============================
===  GARDENER TO EXECUTE ===
============================
==  water = 2
==  air = 20
==  sun = 5
============================
---
###  Caculated WATER in Sec: 6
## Turn ON WATER for: 6
##### IN WATER ON ####
Water ON...
## Turn OFF WATER
##### IN WATER OFF ####
Water OFF...
---
---
###  Caculated AIR in Sec: 60
## Turn ON AIR for: 60
##### IN AIR ON ####
Air ON...
## Turn OFF AIR
##### IN AIR OFF ####
Air OFF...
---
---
###  Caculated SUN (hot Air) in Sec: 15
##  Turn ON SUN - HOT AIR for: 15
##### IN SUN ON ####
Hot Air ON...
##  Turn OFF SUN - HOT AIR
##### IN SUN OFF ####
Hot Air OFF...
---
#################################################
####  WEEDLE ADJUSTMENT AIR HUMIDITY COMPLETED #####
#################################################
\/\/\/\/\/\/\/\/\/\/\/\/\/\/\/\/\/\/\/\/\/\/\/\/\/
\/\/\/\/\/\/\/\/\/\/\/\/\/\/\/\/\/\/\/\/\/\/\/\/\/
####  WEEDLE ADJUSTMENT SOIL HUMIDITY STARTING     ####
\/\/\/\/\/\/\/\/\/\/\/\/\/\/\/\/\/\/\/\/\/\/\/\/\/
######################################################
####  WEEDLE ADJUSTMENT SOIL HUMIDITY COMPLETED #####
######################################################
\/\/\/\/\/\/\/\/\/\/\/\/\/\/\/\/\/\/\/\/\/\/\/\/\/
####  WEEDLE ADJUSTMENT LUMINOSITY STARTING     ####
\/\/\/\/\/\/\/\/\/\/\/\/\/\/\/\/\/\/\/\/\/\/\/\/\/
////////////////////////////
=====    NOT ENOUGHT LIGHT   =======
////////////////////////////
=====    INCREASE OF  +++ 1
////////////////////////////
--------------------------------
----------IN INCREASE LUMINOSITY
--------------------------------
 == IN READ WEEDLE ADJUSTMENT == 
##  Read Weedle LWater:0
 == IN READ WEEDLE ADJUSTMENT == 
##  Read Weedle LAir:0
 == IN READ WEEDLE ADJUSTMENT == 
##  Read Weedle LSun:0
============================
===  GARDENER TO EXECUTE ===
============================
==  water = 0
==  air = 0
==  sun = 0
============================
---
Caculated WATER in Sec: 0
## Turn ON WATER for: 0
##### IN WATER ON ####
Water ON...
## Turn OFF WATER
##### IN WATER OFF ####
Water OFF...
---
---
Caculated AIR in Sec: 0
## Turn ON AIR for: 0
##### IN AIR ON ####
Air ON...
## Turn OFF AIR
##### IN AIR OFF ####
Air OFF...
---
---
Caculated SUN (hot Air) in Sec: 0
##  Turn ON SUN - HOT AIR for: 0
##### IN SUN ON ####
Hot Air ON...
##  Turn OFF SUN - HOT AIR
##### IN SUN OFF ####
Hot Air OFF...
---
######################################################
####  WEEDLE ADJUSTMENT LUMINOSITY COMPLETED #####
######################################################
\/\/\/\/\/\/\/\/\/\/\/\/\/\/\/\/\/\/\/\/\/\/\/\/\/
\/\/<3==\/\/<3==\/\/<3==\/\/<3==\/\/<3==\/\/<3==  
################################################
####  WEEDLE ADJUSTMENT CLIMATE COMPLETED #####
################################################
\/\/<3==\/\/<3==\/\/<3==\/\/<3==\/\/<3==\/\/<3==  
\/\/<3==\/\/<3==\/\/<3==\/\/<3==\/\/<3==\/\/<3==  
\/\/<3==\/\/<3==\/\/<3==\/\/<3==\/\/<3==\/\/<3==  
\/\/<3==\/\/<3==\/\/<3==\/\/<3==\/\/<3==\/\/<3==  
#######################################
#### IN WEEDLE ADJUSTMENT CLIMATE  ####
#######################################
\/\/\/\/\/\/\/\/\/\/\/\/\/\/\/\/\/\/\/\/
##############################################
#### STARTING WEEDLE ADJUSTMENT CLIMATE  ####
##############################################
 == IN READ WEEDLE CLIMATE  == 
##  Read Weedle WTemperature:30
 == IN READ WEEDLE CLIMATE  == 
##  Read Weedle WHumidityAir:80
 == IN READ WEEDLE CLIMATE  == 
##  Read Weedle WHumiditySoil:80
 == IN READ WEEDLE CLIMATE  == 
##  Read Weedle WCO2:60
 == IN READ WEEDLE CLIMATE  == 
##  Read Weedle WLuminosity:200
####################################
######   WEEDLE CLIMATE HIGH  ######
####################################
## WTemperature = 30
## WHumidityAir = 80
## WHumiditySoil = 80
## WCO2 = 60
## WLuminosity = 200
####################################
 == IN READ WEEDLE CLIMATE  == 
##  Read Weedle Wtemperature:22
 == IN READ WEEDLE CLIMATE  == 
##  Read Weedle Whumidity:65
 == IN READ WEEDLE CLIMATE  == 
##  Read Weedle Whumiditysoil:65
 == IN READ WEEDLE CLIMATE  == 
##  Read Weedle Wco2:40
 == IN READ WEEDLE CLIMATE  == 
##  Read Weedle Wluminosity:30
####################################
######    WEEDLE CLIMATE LOW  ######
####################################
##  Wtemperature = 22
##  Whumidityair = 65
##  Whumiditysoil = 65
##  Wco2 = 40
##  Wluminosity = 30
####################################
== IN READ AIR TEMPERATURE IN THE BOX == 
## temperature:19.7 C  humidity : 61 %
== IN READ AIR HUMIDITY IN THE BOX == 
== IN READ SOIL HUMIDITY 40 IN THE BOX == 
== IN READ SOIL HUMIDITY 55 IN THE BOX == 
== IN READ SOIL HUMIDITY 70 IN THE BOX == 
== IN READ SOIL HUMIDITY 85 IN THE BOX == 
== IN READ LUMINOSITY IN THE BOX == 
## luminosity = 29
== IN READ AIR HUMIDITY IN THE BOX == 
\/\/\/\/\/\/\/\/
##### ALERT FAILED AIR HUMIDITY ONCE
\/\/\/\/\/\/\/\/
\/\/\/\/\/\/\/\/
##### ALERT FAILED AIR HUMIDITY TWICE - SET WEEDLE CLIMATE DEFAULT  - NO RUN AIR HUMIDITY
\/\/\/\/\/\/\/\/
\/\/\/\/\/\/\/\/
##### ALERT FAILED SOIL HUMIDITY  - SET WEEDLE CLIMATE DEFAULT  - NO RUN SOIL HUMIDITY
\/\/\/\/\/\/\/\/
####################################
####     IN THE BOX CLIMATE     ###
####################################
## airTemperature = 19
## airHumdity = 80
## soilHumdity40 = 0
## soilHumdity55 = 0
## soilHumdity70 = 0
## soilHumdity85 = 0
## soilHumdity = 80
## luminosity = 29
####################################
#######  ADJUSTMENT ACTIONS  #######
\/\/\/\/\/\/\/\/\/\/\/\/\/\/\/\/\/\/\/\/\/\/\/\/\/
####  WEEDLE ADJUSTMENT TEMPERATURE STARTING  ####
\/\/\/\/\/\/\/\/\/\/\/\/\/\/\/\/\/\/\/\/\/\/\/\/\/
////////////////////////////
=======   TOO COLD  ======
////////////////////////////
=======   INCREASE OF +++ 3
////////////////////////////
------------------------
= IN INCREASE TEMPERATURE
------------------------
 == IN READ WEEDLE ADJUSTMENT == 
##  Read Weedle TWater:0
 == IN READ WEEDLE ADJUSTMENT == 
##  Read Weedle TAir:10
 == IN READ WEEDLE ADJUSTMENT == 
## Read Weedle TSun:15
============================
===  GARDENER TO EXECUTE ===
============================
==  water = 0
==  air = 10
==  sun = 15
============================
---
###  Caculated WATER in Sec: 0 ###
---
## Turn ON WATER for: 0
##### IN WATER ON ####
Water ON...
## Turn OFF WATER
##### IN WATER OFF ####
Water OFF...
---
###  Caculated AIR in Sec: 30 ###
---
## Turn ON AIR for: 30
##### IN AIR ON ####
Air ON...
## Turn OFF AIR
##### IN AIR OFF ####
Air OFF...
---
### Caculated SUN (hot Air) in Sec: 45 ###
---
##  Turn ON SUN - HOT AIR for: 45
##### IN SUN ON ####
Hot Air ON...
##  Turn OFF SUN - HOT AIR
##### IN SUN OFF ####
Hot Air OFF...
---
###################################################
####  WEEDLE ADJUSTMENT TEMPERATURE COMPLETED ####
###################################################
\/\/\/\/\/\/\/\/\/\/\/\/\/\/\/\/\/\/\/\/\/\/\/\/\/
\/\/\/\/\/\/\/\/\/\/\/\/\/\/\/\/\/\/\/\/\/\/\/\/\/
####  WEEDLE ADJUSTMENT AIR HUMIDITY STARTING     ####
\/\/\/\/\/\/\/\/\/\/\/\/\/\/\/\/\/\/\/\/\/\/\/\/\/
#################################################
####  WEEDLE ADJUSTMENT AIR HUMIDITY COMPLETED #####
#################################################
\/\/\/\/\/\/\/\/\/\/\/\/\/\/\/\/\/\/\/\/\/\/\/\/\/
\/\/\/\/\/\/\/\/\/\/\/\/\/\/\/\/\/\/\/\/\/\/\/\/\/
####  WEEDLE ADJUSTMENT SOIL HUMIDITY STARTING     ####
\/\/\/\/\/\/\/\/\/\/\/\/\/\/\/\/\/\/\/\/\/\/\/\/\/
######################################################
####  WEEDLE ADJUSTMENT SOIL HUMIDITY COMPLETED #####
######################################################
\/\/\/\/\/\/\/\/\/\/\/\/\/\/\/\/\/\/\/\/\/\/\/\/\/
####  WEEDLE ADJUSTMENT LUMINOSITY STARTING     ####
\/\/\/\/\/\/\/\/\/\/\/\/\/\/\/\/\/\/\/\/\/\/\/\/\/
////////////////////////////
=====    NOT ENOUGHT LIGHT   =======
////////////////////////////
=====    INCREASE OF  +++ 1
////////////////////////////
--------------------------------
----------IN INCREASE LUMINOSITY
--------------------------------
 == IN READ WEEDLE ADJUSTMENT == 
##  Read Weedle LWater:0
 == IN READ WEEDLE ADJUSTMENT == 
##  Read Weedle LAir:0
 == IN READ WEEDLE ADJUSTMENT == 
##  Read Weedle LSun:0
============================
===  GARDENER TO EXECUTE ===
============================
==  water = 0
==  air = 0
==  sun = 0
============================
---
Caculated WATER in Sec: 0
## Turn ON WATER for: 0
##### IN WATER ON ####
Water ON...
## Turn OFF WATER
##### IN WATER OFF ####
Water OFF...
---
---
Caculated AIR in Sec: 0
## Turn ON AIR for: 0
##### IN AIR ON ####
Air ON...
## Turn OFF AIR
##### IN AIR OFF ####
Air OFF...
---
---
Caculated SUN (hot Air) in Sec: 0
##  Turn ON SUN - HOT AIR for: 0
##### IN SUN ON ####
Hot Air ON...
##  Turn OFF SUN - HOT AIR
##### IN SUN OFF ####
Hot Air OFF...
---
######################################################
####  WEEDLE ADJUSTMENT LUMINOSITY COMPLETED #####
######################################################
\/\/\/\/\/\/\/\/\/\/\/\/\/\/\/\/\/\/\/\/\/\/\/\/\/
\/\/<3==\/\/<3==\/\/<3==\/\/<3==\/\/<3==\/\/<3==  
################################################
####  WEEDLE ADJUSTMENT CLIMATE COMPLETED #####
################################################
\/\/<3==\/\/<3==\/\/<3==\/\/<3==\/\/<3==\/\/<3==  
\/\/<3==\/\/<3==\/\/<3==\/\/<3==\/\/<3==\/\/<3==  
\/\/<3==\/\/<3==\/\/<3==\/\/<3==\/\/<3==\/\/<3==  
\/\/<3==\/\/<3==\/\/<3==\/\/<3==\/\/<3==\/\/<3==  
Weedle OFF...
Day Time Line Config in place
Day Intervale line Config in place
Weedle Day Config in place
Weedle Adjustment Config in place
Weedle Climate Config in place
Initializing Weedle Day...
Initialization complete.
current time is: 12:43
There are no command to trigger for current time: 12:43
Main thread sleeping for 31 seconds
current time is: 12:44
There are 1 commands to trigger
Execute python /home/pi/weedle/gardener/main/weedleSunON.py
Main thread sleeping for 60 seconds
current time is: 12:45
There are 1 commands to trigger
Execute python /home/pi/weedle/gardener/main/weedleAdjustClimate.py
Main thread sleeping for 20 seconds
current time is: 12:46
There are no command to trigger for current time: 12:46
Main thread sleeping for 60 seconds
current time is: 12:47
There are no command to trigger for current time: 12:47
Main thread sleeping for 60 seconds
current time is: 12:48
There are no command to trigger for current time: 12:48
Main thread sleeping for 60 seconds
current time is: 12:49
There are no command to trigger for current time: 12:49
Main thread sleeping for 60 seconds
current time is: 12:50
There are 1 commands to trigger
Execute python /home/pi/weedle/gardener/main/weedleAdjustClimate.py
Main thread sleeping for 45 seconds
current time is: 12:51
There are no command to trigger for current time: 12:51
Main thread sleeping for 59 seconds
current time is: 12:52
There are no command to trigger for current time: 12:52
Main thread sleeping for 60 seconds
current time is: 12:53
There are no command to trigger for current time: 12:53
Main thread sleeping for 60 seconds
current time is: 12:54
There are no command to trigger for current time: 12:54
Main thread sleeping for 60 seconds
current time is: 12:55
There are 1 commands to trigger
Execute python /home/pi/weedle/gardener/main/weedleAdjustClimate.py
Main thread sleeping for 24 seconds
current time is: 12:56
There are no command to trigger for current time: 12:56
Main thread sleeping for 60 seconds
current time is: 12:57
There are no command to trigger for current time: 12:57
Main thread sleeping for 60 seconds
current time is: 12:58
There are no command to trigger for current time: 12:58
Main thread sleeping for 60 seconds
current time is: 12:59
There are no command to trigger for current time: 12:59
Main thread sleeping for 60 seconds
current time is: 13:00
There are no command to trigger for current time: 13:00
Main thread sleeping for 60 seconds
current time is: 13:01
There are 1 commands to trigger
Execute python /home/pi/weedle/gardener/main/weedleAdjustClimate.py
Main thread sleeping for 46 seconds
current time is: 13:09
There are no command to trigger for current time: 13:09
Main thread sleeping for 60 seconds
current time is: 13:10
There are 1 commands to trigger
Execute python /home/pi/weedle/gardener/main/weedleAdjustClimate.py
Main thread sleeping for 57 seconds
current time is: 13:15
There are no command to trigger for current time: 13:15
Main thread sleeping for 59 seconds
current time is: 13:16
There are no command to trigger for current time: 13:16
Main thread sleeping for 60 seconds
current time is: 13:17
There are no command to trigger for current time: 13:17
Main thread sleeping for 60 seconds
current time is: 13:18
There are no command to trigger for current time: 13:18
Main thread sleeping for 60 seconds
current time is: 13:19
There are no command to trigger for current time: 13:19
Main thread sleeping for 60 seconds
current time is: 13:20
There are 1 commands to trigger
Execute python /home/pi/weedle/gardener/main/weedleAdjustClimate.py
Main thread sleeping for 15 seconds
current time is: 13:23
There are no command to trigger for current time: 13:23
Main thread sleeping for 60 seconds
current time is: 13:24
There are no command to trigger for current time: 13:24
Main thread sleeping for 60 seconds
current time is: 13:25
There are 1 commands to trigger
Execute python /home/pi/weedle/gardener/main/weedleAdjustClimate.py
Main thread sleeping for 34 seconds
current time is: 13:27
There are no command to trigger for current time: 13:27
#######################################
#### IN WEEDLE ADJUSTMENT CLIMATE  ####
#######################################
\/\/\/\/\/\/\/\/\/\/\/\/\/\/\/\/\/\/\/\/
##############################################
#### STARTING WEEDLE ADJUSTMENT CLIMATE  ####
##############################################
 == IN READ WEEDLE CLIMATE  == 
##  Read Weedle WTemperature:30
 == IN READ WEEDLE CLIMATE  == 
##  Read Weedle WHumidityAir:80
 == IN READ WEEDLE CLIMATE  == 
##  Read Weedle WHumiditySoil:80
 == IN READ WEEDLE CLIMATE  == 
##  Read Weedle WCO2:60
 == IN READ WEEDLE CLIMATE  == 
##  Read Weedle WLuminosity:200
####################################
######   WEEDLE CLIMATE HIGH  ######
####################################
## WTemperature = 30
## WHumidityAir = 80
## WHumiditySoil = 80
## WCO2 = 60
## WLuminosity = 200
####################################
 == IN READ WEEDLE CLIMATE  == 
##  Read Weedle Wtemperature:22
 == IN READ WEEDLE CLIMATE  == 
##  Read Weedle Whumidity:65
 == IN READ WEEDLE CLIMATE  == 
##  Read Weedle Whumiditysoil:65
 == IN READ WEEDLE CLIMATE  == 
##  Read Weedle Wco2:40
 == IN READ WEEDLE CLIMATE  == 
##  Read Weedle Wluminosity:30
####################################
######    WEEDLE CLIMATE LOW  ######
####################################
##  Wtemperature = 22
##  Whumidityair = 65
##  Whumiditysoil = 65
##  Wco2 = 40
##  Wluminosity = 30
####################################
== IN READ AIR TEMPERATURE IN THE BOX == 
## temperature:19.7 C  humidity : 61 %
== IN READ AIR HUMIDITY IN THE BOX == 
== IN READ SOIL HUMIDITY 40 IN THE BOX == 
== IN READ SOIL HUMIDITY 55 IN THE BOX == 
== IN READ SOIL HUMIDITY 70 IN THE BOX == 
== IN READ SOIL HUMIDITY 85 IN THE BOX == 
== IN READ LUMINOSITY IN THE BOX == 
## luminosity = 29
== IN READ AIR HUMIDITY IN THE BOX == 
##  temperature:19.5 C  humidity : 60 %
\/\/\/\/\/\/\/\/
##### ALERT FAILED AIR HUMIDITY ONCE
\/\/\/\/\/\/\/\/
\/\/\/\/\/\/\/\/
##### ALERT FAILED SOIL HUMIDITY  - SET WEEDLE CLIMATE DEFAULT  - NO RUN SOIL HUMIDITY
\/\/\/\/\/\/\/\/
####################################
####     IN THE BOX CLIMATE     ###
####################################
## airTemperature = 19
## airHumdity = 60
## soilHumdity40 = 0
## soilHumdity55 = 0
## soilHumdity70 = 0
## soilHumdity85 = 0
## soilHumdity = 80
## luminosity = 29
####################################
#######  ADJUSTMENT ACTIONS  #######
\/\/\/\/\/\/\/\/\/\/\/\/\/\/\/\/\/\/\/\/\/\/\/\/\/
####  WEEDLE ADJUSTMENT TEMPERATURE STARTING  ####
\/\/\/\/\/\/\/\/\/\/\/\/\/\/\/\/\/\/\/\/\/\/\/\/\/
////////////////////////////
=======   TOO COLD  ======
////////////////////////////
=======   INCREASE OF +++ 3
////////////////////////////
------------------------
= IN INCREASE TEMPERATURE
------------------------
 == IN READ WEEDLE ADJUSTMENT == 
##  Read Weedle TWater:0
 == IN READ WEEDLE ADJUSTMENT == 
##  Read Weedle TAir:10
 == IN READ WEEDLE ADJUSTMENT == 
## Read Weedle TSun:15
============================
===  GARDENER TO EXECUTE ===
============================
==  water = 0
==  air = 10
==  sun = 15
============================
---
###  Caculated WATER in Sec: 0 ###
---
## Turn ON WATER for: 0
##### IN WATER ON ####
Water ON...
## Turn OFF WATER
##### IN WATER OFF ####
Water OFF...
---
###  Caculated AIR in Sec: 30 ###
---
## Turn ON AIR for: 30
##### IN AIR ON ####
Air ON...
## Turn OFF AIR
##### IN AIR OFF ####
Air OFF...
---
### Caculated SUN (hot Air) in Sec: 45 ###
---
##  Turn ON SUN - HOT AIR for: 45
##### IN SUN ON ####
Hot Air ON...
##  Turn OFF SUN - HOT AIR
##### IN SUN OFF ####
Hot Air OFF...
---
###################################################
####  WEEDLE ADJUSTMENT TEMPERATURE COMPLETED ####
###################################################
\/\/\/\/\/\/\/\/\/\/\/\/\/\/\/\/\/\/\/\/\/\/\/\/\/
\/\/\/\/\/\/\/\/\/\/\/\/\/\/\/\/\/\/\/\/\/\/\/\/\/
####  WEEDLE ADJUSTMENT AIR HUMIDITY STARTING     ####
\/\/\/\/\/\/\/\/\/\/\/\/\/\/\/\/\/\/\/\/\/\/\/\/\/
///////////////////////////////
=====    AIR TOO DRY   =======
///////////////////////////////
=====    INCREASE OF  +++ 5
////////////////////////////
------------------------
= IN INCREASE AIR HUMDITY
------------------------
 == IN READ WEEDLE ADJUSTMENT == 
##  Read Weedle HAWater:2
 == IN READ WEEDLE ADJUSTMENT == 
##  Read Weedle HAAir:20
 == IN READ WEEDLE ADJUSTMENT == 
##  Read Weedle HASun:5
============================
===  GARDENER TO EXECUTE ===
============================
==  water = 2
==  air = 20
==  sun = 5
============================
---
###  Caculated WATER in Sec: 10
## Turn ON WATER for: 10
##### IN WATER ON ####
Water ON...
## Turn OFF WATER
##### IN WATER OFF ####
Water OFF...
---
---
###  Caculated AIR in Sec: 100
## Turn ON AIR for: 100
##### IN AIR ON ####
Air ON...
## Turn OFF AIR
##### IN AIR OFF ####
Air OFF...
---
---
###  Caculated SUN (hot Air) in Sec: 25
##  Turn ON SUN - HOT AIR for: 25
##### IN SUN ON ####
Hot Air ON...
##  Turn OFF SUN - HOT AIR
##### IN SUN OFF ####
Hot Air OFF...
---
#################################################
####  WEEDLE ADJUSTMENT AIR HUMIDITY COMPLETED #####
#################################################
\/\/\/\/\/\/\/\/\/\/\/\/\/\/\/\/\/\/\/\/\/\/\/\/\/
\/\/\/\/\/\/\/\/\/\/\/\/\/\/\/\/\/\/\/\/\/\/\/\/\/
####  WEEDLE ADJUSTMENT SOIL HUMIDITY STARTING     ####
\/\/\/\/\/\/\/\/\/\/\/\/\/\/\/\/\/\/\/\/\/\/\/\/\/
######################################################
####  WEEDLE ADJUSTMENT SOIL HUMIDITY COMPLETED #####
######################################################
\/\/\/\/\/\/\/\/\/\/\/\/\/\/\/\/\/\/\/\/\/\/\/\/\/
####  WEEDLE ADJUSTMENT LUMINOSITY STARTING     ####
\/\/\/\/\/\/\/\/\/\/\/\/\/\/\/\/\/\/\/\/\/\/\/\/\/
////////////////////////////
=====    NOT ENOUGHT LIGHT   =======
////////////////////////////
=====    INCREASE OF  +++ 1
////////////////////////////
--------------------------------
----------IN INCREASE LUMINOSITY
--------------------------------
 == IN READ WEEDLE ADJUSTMENT == 
##  Read Weedle LWater:0
 == IN READ WEEDLE ADJUSTMENT == 
##  Read Weedle LAir:0
 == IN READ WEEDLE ADJUSTMENT == 
##  Read Weedle LSun:0
============================
===  GARDENER TO EXECUTE ===
============================
==  water = 0
==  air = 0
==  sun = 0
============================
---
Caculated WATER in Sec: 0
## Turn ON WATER for: 0
##### IN WATER ON ####
Water ON...
## Turn OFF WATER
##### IN WATER OFF ####
Water OFF...
---
---
Caculated AIR in Sec: 0
## Turn ON AIR for: 0
##### IN AIR ON ####
Air ON...
## Turn OFF AIR
##### IN AIR OFF ####
Air OFF...
---
---
Caculated SUN (hot Air) in Sec: 0
##  Turn ON SUN - HOT AIR for: 0
##### IN SUN ON ####
Hot Air ON...
##  Turn OFF SUN - HOT AIR
##### IN SUN OFF ####
Hot Air OFF...
---
######################################################
####  WEEDLE ADJUSTMENT LUMINOSITY COMPLETED #####
######################################################
\/\/\/\/\/\/\/\/\/\/\/\/\/\/\/\/\/\/\/\/\/\/\/\/\/
\/\/<3==\/\/<3==\/\/<3==\/\/<3==\/\/<3==\/\/<3==  
################################################
####  WEEDLE ADJUSTMENT CLIMATE COMPLETED #####
################################################
\/\/<3==\/\/<3==\/\/<3==\/\/<3==\/\/<3==\/\/<3==  
\/\/<3==\/\/<3==\/\/<3==\/\/<3==\/\/<3==\/\/<3==  
\/\/<3==\/\/<3==\/\/<3==\/\/<3==\/\/<3==\/\/<3==  
\/\/<3==\/\/<3==\/\/<3==\/\/<3==\/\/<3==\/\/<3==  
#######################################
#### IN WEEDLE ADJUSTMENT CLIMATE  ####
#######################################
\/\/\/\/\/\/\/\/\/\/\/\/\/\/\/\/\/\/\/\/
##############################################
#### STARTING WEEDLE ADJUSTMENT CLIMATE  ####
##############################################
 == IN READ WEEDLE CLIMATE  == 
##  Read Weedle WTemperature:30
 == IN READ WEEDLE CLIMATE  == 
##  Read Weedle WHumidityAir:80
 == IN READ WEEDLE CLIMATE  == 
##  Read Weedle WHumiditySoil:80
 == IN READ WEEDLE CLIMATE  == 
##  Read Weedle WCO2:60
 == IN READ WEEDLE CLIMATE  == 
##  Read Weedle WLuminosity:200
####################################
######   WEEDLE CLIMATE HIGH  ######
####################################
## WTemperature = 30
## WHumidityAir = 80
## WHumiditySoil = 80
## WCO2 = 60
## WLuminosity = 200
####################################
 == IN READ WEEDLE CLIMATE  == 
##  Read Weedle Wtemperature:22
 == IN READ WEEDLE CLIMATE  == 
##  Read Weedle Whumidity:65
 == IN READ WEEDLE CLIMATE  == 
##  Read Weedle Whumiditysoil:65
 == IN READ WEEDLE CLIMATE  == 
##  Read Weedle Wco2:40
 == IN READ WEEDLE CLIMATE  == 
##  Read Weedle Wluminosity:30
####################################
######    WEEDLE CLIMATE LOW  ######
####################################
##  Wtemperature = 22
##  Whumidityair = 65
##  Whumiditysoil = 65
##  Wco2 = 40
##  Wluminosity = 30
####################################
== IN READ AIR TEMPERATURE IN THE BOX == 
## temperature:19.8 C  humidity : 59 %
== IN READ AIR HUMIDITY IN THE BOX == 
== IN READ SOIL HUMIDITY 40 IN THE BOX == 
== IN READ SOIL HUMIDITY 55 IN THE BOX == 
== IN READ SOIL HUMIDITY 70 IN THE BOX == 
== IN READ SOIL HUMIDITY 85 IN THE BOX == 
== IN READ LUMINOSITY IN THE BOX == 
## luminosity = 29
== IN READ AIR HUMIDITY IN THE BOX == 
##  temperature:19.8 C  humidity : 61 %
\/\/\/\/\/\/\/\/
##### ALERT FAILED AIR HUMIDITY ONCE
\/\/\/\/\/\/\/\/
\/\/\/\/\/\/\/\/
##### ALERT FAILED SOIL HUMIDITY  - SET WEEDLE CLIMATE DEFAULT  - NO RUN SOIL HUMIDITY
\/\/\/\/\/\/\/\/
####################################
####     IN THE BOX CLIMATE     ###
####################################
## airTemperature = 19
## airHumdity = 61
## soilHumdity40 = 0
## soilHumdity55 = 0
## soilHumdity70 = 0
## soilHumdity85 = 0
## soilHumdity = 80
## luminosity = 29
####################################
#######  ADJUSTMENT ACTIONS  #######
\/\/\/\/\/\/\/\/\/\/\/\/\/\/\/\/\/\/\/\/\/\/\/\/\/
####  WEEDLE ADJUSTMENT TEMPERATURE STARTING  ####
\/\/\/\/\/\/\/\/\/\/\/\/\/\/\/\/\/\/\/\/\/\/\/\/\/
////////////////////////////
=======   TOO COLD  ======
////////////////////////////
=======   INCREASE OF +++ 3
////////////////////////////
------------------------
= IN INCREASE TEMPERATURE
------------------------
 == IN READ WEEDLE ADJUSTMENT == 
##  Read Weedle TWater:0
 == IN READ WEEDLE ADJUSTMENT == 
##  Read Weedle TAir:10
 == IN READ WEEDLE ADJUSTMENT == 
## Read Weedle TSun:15
============================
===  GARDENER TO EXECUTE ===
============================
==  water = 0
==  air = 10
==  sun = 15
============================
---
###  Caculated WATER in Sec: 0 ###
---
## Turn ON WATER for: 0
##### IN WATER ON ####
Water ON...
## Turn OFF WATER
##### IN WATER OFF ####
Water OFF...
---
###  Caculated AIR in Sec: 30 ###
---
## Turn ON AIR for: 30
##### IN AIR ON ####
Air ON...
## Turn OFF AIR
##### IN AIR OFF ####
Air OFF...
---
### Caculated SUN (hot Air) in Sec: 45 ###
---
##  Turn ON SUN - HOT AIR for: 45
##### IN SUN ON ####
Hot Air ON...
##  Turn OFF SUN - HOT AIR
##### IN SUN OFF ####
Hot Air OFF...
---
###################################################
####  WEEDLE ADJUSTMENT TEMPERATURE COMPLETED ####
###################################################
\/\/\/\/\/\/\/\/\/\/\/\/\/\/\/\/\/\/\/\/\/\/\/\/\/
\/\/\/\/\/\/\/\/\/\/\/\/\/\/\/\/\/\/\/\/\/\/\/\/\/
####  WEEDLE ADJUSTMENT AIR HUMIDITY STARTING     ####
\/\/\/\/\/\/\/\/\/\/\/\/\/\/\/\/\/\/\/\/\/\/\/\/\/
///////////////////////////////
=====    AIR TOO DRY   =======
///////////////////////////////
=====    INCREASE OF  +++ 4
////////////////////////////
------------------------
= IN INCREASE AIR HUMDITY
------------------------
 == IN READ WEEDLE ADJUSTMENT == 
##  Read Weedle HAWater:2
 == IN READ WEEDLE ADJUSTMENT == 
##  Read Weedle HAAir:20
 == IN READ WEEDLE ADJUSTMENT == 
##  Read Weedle HASun:5
============================
===  GARDENER TO EXECUTE ===
============================
==  water = 2
==  air = 20
==  sun = 5
============================
---
###  Caculated WATER in Sec: 8
## Turn ON WATER for: 8
##### IN WATER ON ####
Water ON...
## Turn OFF WATER
##### IN WATER OFF ####
Water OFF...
---
---
###  Caculated AIR in Sec: 80
## Turn ON AIR for: 80
##### IN AIR ON ####
Air ON...
## Turn OFF AIR
##### IN AIR OFF ####
Air OFF...
---
---
###  Caculated SUN (hot Air) in Sec: 20
##  Turn ON SUN - HOT AIR for: 20
##### IN SUN ON ####
Hot Air ON...
##  Turn OFF SUN - HOT AIR
##### IN SUN OFF ####
Hot Air OFF...
---
#################################################
####  WEEDLE ADJUSTMENT AIR HUMIDITY COMPLETED #####
#################################################
\/\/\/\/\/\/\/\/\/\/\/\/\/\/\/\/\/\/\/\/\/\/\/\/\/
\/\/\/\/\/\/\/\/\/\/\/\/\/\/\/\/\/\/\/\/\/\/\/\/\/
####  WEEDLE ADJUSTMENT SOIL HUMIDITY STARTING     ####
\/\/\/\/\/\/\/\/\/\/\/\/\/\/\/\/\/\/\/\/\/\/\/\/\/
######################################################
####  WEEDLE ADJUSTMENT SOIL HUMIDITY COMPLETED #####
######################################################
\/\/\/\/\/\/\/\/\/\/\/\/\/\/\/\/\/\/\/\/\/\/\/\/\/
####  WEEDLE ADJUSTMENT LUMINOSITY STARTING     ####
\/\/\/\/\/\/\/\/\/\/\/\/\/\/\/\/\/\/\/\/\/\/\/\/\/
////////////////////////////
=====    NOT ENOUGHT LIGHT   =======
////////////////////////////
=====    INCREASE OF  +++ 1
////////////////////////////
--------------------------------
----------IN INCREASE LUMINOSITY
--------------------------------
 == IN READ WEEDLE ADJUSTMENT == 
##  Read Weedle LWater:0
 == IN READ WEEDLE ADJUSTMENT == 
##  Read Weedle LAir:0
 == IN READ WEEDLE ADJUSTMENT == 
##  Read Weedle LSun:0
============================
===  GARDENER TO EXECUTE ===
============================
==  water = 0
==  air = 0
==  sun = 0
============================
---
Caculated WATER in Sec: 0
## Turn ON WATER for: 0
##### IN WATER ON ####
Water ON...
## Turn OFF WATER
##### IN WATER OFF ####
Water OFF...
---
---
Caculated AIR in Sec: 0
## Turn ON AIR for: 0
##### IN AIR ON ####
Air ON...
## Turn OFF AIR
##### IN AIR OFF ####
Air OFF...
---
---
Caculated SUN (hot Air) in Sec: 0
##  Turn ON SUN - HOT AIR for: 0
##### IN SUN ON ####
Hot Air ON...
##  Turn OFF SUN - HOT AIR
##### IN SUN OFF ####
Hot Air OFF...
---
######################################################
####  WEEDLE ADJUSTMENT LUMINOSITY COMPLETED #####
######################################################
\/\/\/\/\/\/\/\/\/\/\/\/\/\/\/\/\/\/\/\/\/\/\/\/\/
\/\/<3==\/\/<3==\/\/<3==\/\/<3==\/\/<3==\/\/<3==  
################################################
####  WEEDLE ADJUSTMENT CLIMATE COMPLETED #####
################################################
\/\/<3==\/\/<3==\/\/<3==\/\/<3==\/\/<3==\/\/<3==  
\/\/<3==\/\/<3==\/\/<3==\/\/<3==\/\/<3==\/\/<3==  
\/\/<3==\/\/<3==\/\/<3==\/\/<3==\/\/<3==\/\/<3==  
\/\/<3==\/\/<3==\/\/<3==\/\/<3==\/\/<3==\/\/<3==  
#######################################
#### IN WEEDLE ADJUSTMENT CLIMATE  ####
#######################################
\/\/\/\/\/\/\/\/\/\/\/\/\/\/\/\/\/\/\/\/
##############################################
#### STARTING WEEDLE ADJUSTMENT CLIMATE  ####
##############################################
 == IN READ WEEDLE CLIMATE  == 
##  Read Weedle WTemperature:30
 == IN READ WEEDLE CLIMATE  == 
##  Read Weedle WHumidityAir:80
 == IN READ WEEDLE CLIMATE  == 
##  Read Weedle WHumiditySoil:80
 == IN READ WEEDLE CLIMATE  == 
##  Read Weedle WCO2:60
 == IN READ WEEDLE CLIMATE  == 
##  Read Weedle WLuminosity:200
####################################
######   WEEDLE CLIMATE HIGH  ######
####################################
## WTemperature = 30
## WHumidityAir = 80
## WHumiditySoil = 80
## WCO2 = 60
## WLuminosity = 200
####################################
 == IN READ WEEDLE CLIMATE  == 
##  Read Weedle Wtemperature:22
 == IN READ WEEDLE CLIMATE  == 
##  Read Weedle Whumidity:65
 == IN READ WEEDLE CLIMATE  == 
##  Read Weedle Whumiditysoil:65
 == IN READ WEEDLE CLIMATE  == 
##  Read Weedle Wco2:40
 == IN READ WEEDLE CLIMATE  == 
##  Read Weedle Wluminosity:30
####################################
######    WEEDLE CLIMATE LOW  ######
####################################
##  Wtemperature = 22
##  Whumidityair = 65
##  Whumiditysoil = 65
##  Wco2 = 40
##  Wluminosity = 30
####################################
== IN READ AIR TEMPERATURE IN THE BOX == 
## temperature:19.7 C  humidity : 60 %
== IN READ AIR HUMIDITY IN THE BOX == 
##  temperature:19.6 C  humidity : 60 %
== IN READ SOIL HUMIDITY 40 IN THE BOX == 
== IN READ SOIL HUMIDITY 55 IN THE BOX == 
== IN READ SOIL HUMIDITY 70 IN THE BOX == 
== IN READ SOIL HUMIDITY 85 IN THE BOX == 
== IN READ LUMINOSITY IN THE BOX == 
## luminosity = 29
\/\/\/\/\/\/\/\/
##### ALERT FAILED SOIL HUMIDITY  - SET WEEDLE CLIMATE DEFAULT  - NO RUN SOIL HUMIDITY
\/\/\/\/\/\/\/\/
####################################
####     IN THE BOX CLIMATE     ###
####################################
## airTemperature = 19
## airHumdity = 60
## soilHumdity40 = 0
## soilHumdity55 = 0
## soilHumdity70 = 0
## soilHumdity85 = 0
## soilHumdity = 80
## luminosity = 29
####################################
#######  ADJUSTMENT ACTIONS  #######
\/\/\/\/\/\/\/\/\/\/\/\/\/\/\/\/\/\/\/\/\/\/\/\/\/
####  WEEDLE ADJUSTMENT TEMPERATURE STARTING  ####
\/\/\/\/\/\/\/\/\/\/\/\/\/\/\/\/\/\/\/\/\/\/\/\/\/
////////////////////////////
=======   TOO COLD  ======
////////////////////////////
=======   INCREASE OF +++ 3
////////////////////////////
------------------------
= IN INCREASE TEMPERATURE
------------------------
 == IN READ WEEDLE ADJUSTMENT == 
##  Read Weedle TWater:0
 == IN READ WEEDLE ADJUSTMENT == 
##  Read Weedle TAir:10
 == IN READ WEEDLE ADJUSTMENT == 
## Read Weedle TSun:15
============================
===  GARDENER TO EXECUTE ===
============================
==  water = 0
==  air = 10
==  sun = 15
============================
---
###  Caculated WATER in Sec: 0 ###
---
## Turn ON WATER for: 0
##### IN WATER ON ####
Water ON...
## Turn OFF WATER
##### IN WATER OFF ####
Water OFF...
---
###  Caculated AIR in Sec: 30 ###
---
## Turn ON AIR for: 30
##### IN AIR ON ####
Air ON...
## Turn OFF AIR
##### IN AIR OFF ####
Air OFF...
---
### Caculated SUN (hot Air) in Sec: 45 ###
---
##  Turn ON SUN - HOT AIR for: 45
##### IN SUN ON ####
Hot Air ON...
##  Turn OFF SUN - HOT AIR
##### IN SUN OFF ####
Hot Air OFF...
---
###################################################
####  WEEDLE ADJUSTMENT TEMPERATURE COMPLETED ####
###################################################
\/\/\/\/\/\/\/\/\/\/\/\/\/\/\/\/\/\/\/\/\/\/\/\/\/
\/\/\/\/\/\/\/\/\/\/\/\/\/\/\/\/\/\/\/\/\/\/\/\/\/
####  WEEDLE ADJUSTMENT AIR HUMIDITY STARTING     ####
\/\/\/\/\/\/\/\/\/\/\/\/\/\/\/\/\/\/\/\/\/\/\/\/\/
///////////////////////////////
=====    AIR TOO DRY   =======
///////////////////////////////
=====    INCREASE OF  +++ 5
////////////////////////////
------------------------
= IN INCREASE AIR HUMDITY
------------------------
 == IN READ WEEDLE ADJUSTMENT == 
##  Read Weedle HAWater:2
 == IN READ WEEDLE ADJUSTMENT == 
##  Read Weedle HAAir:20
 == IN READ WEEDLE ADJUSTMENT == 
##  Read Weedle HASun:5
============================
===  GARDENER TO EXECUTE ===
============================
==  water = 2
==  air = 20
==  sun = 5
============================
---
###  Caculated WATER in Sec: 10
## Turn ON WATER for: 10
##### IN WATER ON ####
Water ON...
## Turn OFF WATER
##### IN WATER OFF ####
Water OFF...
---
---
###  Caculated AIR in Sec: 100
## Turn ON AIR for: 100
##### IN AIR ON ####
Air ON...
## Turn OFF AIR
##### IN AIR OFF ####
Air OFF...
---
---
###  Caculated SUN (hot Air) in Sec: 25
##  Turn ON SUN - HOT AIR for: 25
##### IN SUN ON ####
Hot Air ON...
##  Turn OFF SUN - HOT AIR
##### IN SUN OFF ####
Hot Air OFF...
---
#################################################
####  WEEDLE ADJUSTMENT AIR HUMIDITY COMPLETED #####
#################################################
\/\/\/\/\/\/\/\/\/\/\/\/\/\/\/\/\/\/\/\/\/\/\/\/\/
\/\/\/\/\/\/\/\/\/\/\/\/\/\/\/\/\/\/\/\/\/\/\/\/\/
####  WEEDLE ADJUSTMENT SOIL HUMIDITY STARTING     ####
\/\/\/\/\/\/\/\/\/\/\/\/\/\/\/\/\/\/\/\/\/\/\/\/\/
######################################################
####  WEEDLE ADJUSTMENT SOIL HUMIDITY COMPLETED #####
######################################################
\/\/\/\/\/\/\/\/\/\/\/\/\/\/\/\/\/\/\/\/\/\/\/\/\/
####  WEEDLE ADJUSTMENT LUMINOSITY STARTING     ####
\/\/\/\/\/\/\/\/\/\/\/\/\/\/\/\/\/\/\/\/\/\/\/\/\/
////////////////////////////
=====    NOT ENOUGHT LIGHT   =======
////////////////////////////
=====    INCREASE OF  +++ 1
////////////////////////////
--------------------------------
----------IN INCREASE LUMINOSITY
--------------------------------
 == IN READ WEEDLE ADJUSTMENT == 
##  Read Weedle LWater:0
 == IN READ WEEDLE ADJUSTMENT == 
##  Read Weedle LAir:0
 == IN READ WEEDLE ADJUSTMENT == 
##  Read Weedle LSun:0
============================
===  GARDENER TO EXECUTE ===
============================
==  water = 0
==  air = 0
==  sun = 0
============================
---
Caculated WATER in Sec: 0
## Turn ON WATER for: 0
##### IN WATER ON ####
Water ON...
## Turn OFF WATER
##### IN WATER OFF ####
Water OFF...
---
---
Caculated AIR in Sec: 0
## Turn ON AIR for: 0
##### IN AIR ON ####
Air ON...
## Turn OFF AIR
##### IN AIR OFF ####
Air OFF...
---
---
Caculated SUN (hot Air) in Sec: 0
##  Turn ON SUN - HOT AIR for: 0
##### IN SUN ON ####
Hot Air ON...
##  Turn OFF SUN - HOT AIR
##### IN SUN OFF ####
Hot Air OFF...
---
######################################################
####  WEEDLE ADJUSTMENT LUMINOSITY COMPLETED #####
######################################################
\/\/\/\/\/\/\/\/\/\/\/\/\/\/\/\/\/\/\/\/\/\/\/\/\/
\/\/<3==\/\/<3==\/\/<3==\/\/<3==\/\/<3==\/\/<3==  
################################################
####  WEEDLE ADJUSTMENT CLIMATE COMPLETED #####
################################################
\/\/<3==\/\/<3==\/\/<3==\/\/<3==\/\/<3==\/\/<3==  
\/\/<3==\/\/<3==\/\/<3==\/\/<3==\/\/<3==\/\/<3==  
\/\/<3==\/\/<3==\/\/<3==\/\/<3==\/\/<3==\/\/<3==  
\/\/<3==\/\/<3==\/\/<3==\/\/<3==\/\/<3==\/\/<3==  
#######################################
#### IN WEEDLE ADJUSTMENT CLIMATE  ####
#######################################
\/\/\/\/\/\/\/\/\/\/\/\/\/\/\/\/\/\/\/\/
##############################################
#### STARTING WEEDLE ADJUSTMENT CLIMATE  ####
##############################################
 == IN READ WEEDLE CLIMATE  == 
##  Read Weedle WTemperature:30
 == IN READ WEEDLE CLIMATE  == 
##  Read Weedle WHumidityAir:80
 == IN READ WEEDLE CLIMATE  == 
##  Read Weedle WHumiditySoil:80
 == IN READ WEEDLE CLIMATE  == 
##  Read Weedle WCO2:60
 == IN READ WEEDLE CLIMATE  == 
##  Read Weedle WLuminosity:200
####################################
######   WEEDLE CLIMATE HIGH  ######
####################################
## WTemperature = 30
## WHumidityAir = 80
## WHumiditySoil = 80
## WCO2 = 60
## WLuminosity = 200
####################################
 == IN READ WEEDLE CLIMATE  == 
##  Read Weedle Wtemperature:22
 == IN READ WEEDLE CLIMATE  == 
##  Read Weedle Whumidity:65
 == IN READ WEEDLE CLIMATE  == 
##  Read Weedle Whumiditysoil:65
 == IN READ WEEDLE CLIMATE  == 
##  Read Weedle Wco2:40
 == IN READ WEEDLE CLIMATE  == 
##  Read Weedle Wluminosity:30
####################################
######    WEEDLE CLIMATE LOW  ######
####################################
##  Wtemperature = 22
##  Whumidityair = 65
##  Whumiditysoil = 65
##  Wco2 = 40
##  Wluminosity = 30
####################################
== IN READ AIR TEMPERATURE IN THE BOX == 
## temperature:19.5 C  humidity : 61 %
== IN READ AIR HUMIDITY IN THE BOX == 
##  temperature:19.6 C  humidity : 59 %
== IN READ SOIL HUMIDITY 40 IN THE BOX == 
== IN READ SOIL HUMIDITY 55 IN THE BOX == 
== IN READ SOIL HUMIDITY 70 IN THE BOX == 
== IN READ SOIL HUMIDITY 85 IN THE BOX == 
== IN READ LUMINOSITY IN THE BOX == 
## luminosity = 29
\/\/\/\/\/\/\/\/
##### ALERT FAILED SOIL HUMIDITY  - SET WEEDLE CLIMATE DEFAULT  - NO RUN SOIL HUMIDITY
\/\/\/\/\/\/\/\/
####################################
####     IN THE BOX CLIMATE     ###
####################################
## airTemperature = 19
## airHumdity = 59
## soilHumdity40 = 0
## soilHumdity55 = 0
## soilHumdity70 = 0
## soilHumdity85 = 0
## soilHumdity = 80
## luminosity = 29
####################################
#######  ADJUSTMENT ACTIONS  #######
\/\/\/\/\/\/\/\/\/\/\/\/\/\/\/\/\/\/\/\/\/\/\/\/\/
####  WEEDLE ADJUSTMENT TEMPERATURE STARTING  ####
\/\/\/\/\/\/\/\/\/\/\/\/\/\/\/\/\/\/\/\/\/\/\/\/\/
////////////////////////////
=======   TOO COLD  ======
////////////////////////////
=======   INCREASE OF +++ 3
////////////////////////////
------------------------
= IN INCREASE TEMPERATURE
------------------------
 == IN READ WEEDLE ADJUSTMENT == 
##  Read Weedle TWater:0
 == IN READ WEEDLE ADJUSTMENT == 
##  Read Weedle TAir:10
 == IN READ WEEDLE ADJUSTMENT == 
## Read Weedle TSun:15
============================
===  GARDENER TO EXECUTE ===
============================
==  water = 0
==  air = 10
==  sun = 15
============================
---
###  Caculated WATER in Sec: 0 ###
---
## Turn ON WATER for: 0
##### IN WATER ON ####
Water ON...
## Turn OFF WATER
##### IN WATER OFF ####
Water OFF...
---
###  Caculated AIR in Sec: 30 ###
---
## Turn ON AIR for: 30
##### IN AIR ON ####
Air ON...
## Turn OFF AIR
##### IN AIR OFF ####
Air OFF...
---
### Caculated SUN (hot Air) in Sec: 45 ###
---
##  Turn ON SUN - HOT AIR for: 45
##### IN SUN ON ####
Hot Air ON...
##  Turn OFF SUN - HOT AIR
##### IN SUN OFF ####
Hot Air OFF...
---
###################################################
####  WEEDLE ADJUSTMENT TEMPERATURE COMPLETED ####
###################################################
\/\/\/\/\/\/\/\/\/\/\/\/\/\/\/\/\/\/\/\/\/\/\/\/\/
\/\/\/\/\/\/\/\/\/\/\/\/\/\/\/\/\/\/\/\/\/\/\/\/\/
####  WEEDLE ADJUSTMENT AIR HUMIDITY STARTING     ####
\/\/\/\/\/\/\/\/\/\/\/\/\/\/\/\/\/\/\/\/\/\/\/\/\/
///////////////////////////////
=====    AIR TOO DRY   =======
///////////////////////////////
=====    INCREASE OF  +++ 6
////////////////////////////
------------------------
= IN INCREASE AIR HUMDITY
------------------------
 == IN READ WEEDLE ADJUSTMENT == 
##  Read Weedle HAWater:2
 == IN READ WEEDLE ADJUSTMENT == 
##  Read Weedle HAAir:20
 == IN READ WEEDLE ADJUSTMENT == 
##  Read Weedle HASun:5
============================
===  GARDENER TO EXECUTE ===
============================
==  water = 2
==  air = 20
==  sun = 5
============================
---
###  Caculated WATER in Sec: 12
## Turn ON WATER for: 12
##### IN WATER ON ####
Water ON...
## Turn OFF WATER
##### IN WATER OFF ####
Water OFF...
---
---
###  Caculated AIR in Sec: 120
## Turn ON AIR for: 120
##### IN AIR ON ####
Air ON...
## Turn OFF AIR
##### IN AIR OFF ####
Air OFF...
---
---
###  Caculated SUN (hot Air) in Sec: 30
##  Turn ON SUN - HOT AIR for: 30
##### IN SUN ON ####
Hot Air ON...
##  Turn OFF SUN - HOT AIR
##### IN SUN OFF ####
Hot Air OFF...
---
#################################################
####  WEEDLE ADJUSTMENT AIR HUMIDITY COMPLETED #####
#################################################
\/\/\/\/\/\/\/\/\/\/\/\/\/\/\/\/\/\/\/\/\/\/\/\/\/
\/\/\/\/\/\/\/\/\/\/\/\/\/\/\/\/\/\/\/\/\/\/\/\/\/
####  WEEDLE ADJUSTMENT SOIL HUMIDITY STARTING     ####
\/\/\/\/\/\/\/\/\/\/\/\/\/\/\/\/\/\/\/\/\/\/\/\/\/
######################################################
####  WEEDLE ADJUSTMENT SOIL HUMIDITY COMPLETED #####
######################################################
\/\/\/\/\/\/\/\/\/\/\/\/\/\/\/\/\/\/\/\/\/\/\/\/\/
####  WEEDLE ADJUSTMENT LUMINOSITY STARTING     ####
\/\/\/\/\/\/\/\/\/\/\/\/\/\/\/\/\/\/\/\/\/\/\/\/\/
////////////////////////////
=====    NOT ENOUGHT LIGHT   =======
////////////////////////////
=====    INCREASE OF  +++ 1
////////////////////////////
--------------------------------
----------IN INCREASE LUMINOSITY
--------------------------------
 == IN READ WEEDLE ADJUSTMENT == 
##  Read Weedle LWater:0
 == IN READ WEEDLE ADJUSTMENT == 
##  Read Weedle LAir:0
 == IN READ WEEDLE ADJUSTMENT == 
##  Read Weedle LSun:0
============================
===  GARDENER TO EXECUTE ===
============================
==  water = 0
==  air = 0
==  sun = 0
============================
---
Caculated WATER in Sec: 0
## Turn ON WATER for: 0
##### IN WATER ON ####
Water ON...
## Turn OFF WATER
##### IN WATER OFF ####
Water OFF...
---
---
Caculated AIR in Sec: 0
## Turn ON AIR for: 0
##### IN AIR ON ####
Air ON...
## Turn OFF AIR
##### IN AIR OFF ####
Air OFF...
---
---
Caculated SUN (hot Air) in Sec: 0
##  Turn ON SUN - HOT AIR for: 0
##### IN SUN ON ####
Hot Air ON...
##  Turn OFF SUN - HOT AIR
##### IN SUN OFF ####
Hot Air OFF...
---
######################################################
####  WEEDLE ADJUSTMENT LUMINOSITY COMPLETED #####
######################################################
\/\/\/\/\/\/\/\/\/\/\/\/\/\/\/\/\/\/\/\/\/\/\/\/\/
\/\/<3==\/\/<3==\/\/<3==\/\/<3==\/\/<3==\/\/<3==  
################################################
####  WEEDLE ADJUSTMENT CLIMATE COMPLETED #####
################################################
\/\/<3==\/\/<3==\/\/<3==\/\/<3==\/\/<3==\/\/<3==  
\/\/<3==\/\/<3==\/\/<3==\/\/<3==\/\/<3==\/\/<3==  
\/\/<3==\/\/<3==\/\/<3==\/\/<3==\/\/<3==\/\/<3==  
\/\/<3==\/\/<3==\/\/<3==\/\/<3==\/\/<3==\/\/<3==  
#######################################
#### IN WEEDLE ADJUSTMENT CLIMATE  ####
#######################################
\/\/\/\/\/\/\/\/\/\/\/\/\/\/\/\/\/\/\/\/
##############################################
#### STARTING WEEDLE ADJUSTMENT CLIMATE  ####
##############################################
 == IN READ WEEDLE CLIMATE  == 
##  Read Weedle WTemperature:30
 == IN READ WEEDLE CLIMATE  == 
##  Read Weedle WHumidityAir:80
 == IN READ WEEDLE CLIMATE  == 
##  Read Weedle WHumiditySoil:80
 == IN READ WEEDLE CLIMATE  == 
##  Read Weedle WCO2:60
 == IN READ WEEDLE CLIMATE  == 
##  Read Weedle WLuminosity:200
####################################
######   WEEDLE CLIMATE HIGH  ######
####################################
## WTemperature = 30
## WHumidityAir = 80
## WHumiditySoil = 80
## WCO2 = 60
## WLuminosity = 200
####################################
 == IN READ WEEDLE CLIMATE  == 
##  Read Weedle Wtemperature:22
 == IN READ WEEDLE CLIMATE  == 
##  Read Weedle Whumidity:65
 == IN READ WEEDLE CLIMATE  == 
##  Read Weedle Whumiditysoil:65
 == IN READ WEEDLE CLIMATE  == 
##  Read Weedle Wco2:40
 == IN READ WEEDLE CLIMATE  == 
##  Read Weedle Wluminosity:30
####################################
######    WEEDLE CLIMATE LOW  ######
####################################
##  Wtemperature = 22
##  Whumidityair = 65
##  Whumiditysoil = 65
##  Wco2 = 40
##  Wluminosity = 30
####################################
== IN READ AIR TEMPERATURE IN THE BOX == 
== IN READ AIR HUMIDITY IN THE BOX == 
== IN READ SOIL HUMIDITY 40 IN THE BOX == 
== IN READ SOIL HUMIDITY 55 IN THE BOX == 
== IN READ SOIL HUMIDITY 70 IN THE BOX == 
== IN READ SOIL HUMIDITY 85 IN THE BOX == 
== IN READ LUMINOSITY IN THE BOX == 
## luminosity = 29
== IN READ AIR TEMPERATURE IN THE BOX == 
\/\/\/\/\/\/\/\/
#### ALERT FAILED AIR TEMPERATURE ONCE
\/\/\/\/\/\/\/\/
\/\/\/\/\/\/\/\/
#### ALERT FAILED AIR TEMPERATURE TWICE - SET WEEDLE CLIMATE DEFAULT - NO RUN TEMPERATURE
\/\/\/\/\/\/\/\/
== IN READ AIR HUMIDITY IN THE BOX == 
##  temperature:19.8 C  humidity : 60 %
\/\/\/\/\/\/\/\/
##### ALERT FAILED AIR HUMIDITY ONCE
\/\/\/\/\/\/\/\/
\/\/\/\/\/\/\/\/
##### ALERT FAILED SOIL HUMIDITY  - SET WEEDLE CLIMATE DEFAULT  - NO RUN SOIL HUMIDITY
\/\/\/\/\/\/\/\/
####################################
####     IN THE BOX CLIMATE     ###
####################################
## airTemperature = 30
## airHumdity = 60
## soilHumdity40 = 0
## soilHumdity55 = 0
## soilHumdity70 = 0
## soilHumdity85 = 0
## soilHumdity = 80
## luminosity = 29
####################################
#######  ADJUSTMENT ACTIONS  #######
\/\/\/\/\/\/\/\/\/\/\/\/\/\/\/\/\/\/\/\/\/\/\/\/\/
####  WEEDLE ADJUSTMENT TEMPERATURE STARTING  ####
\/\/\/\/\/\/\/\/\/\/\/\/\/\/\/\/\/\/\/\/\/\/\/\/\/
###################################################
####  WEEDLE ADJUSTMENT TEMPERATURE COMPLETED ####
###################################################
\/\/\/\/\/\/\/\/\/\/\/\/\/\/\/\/\/\/\/\/\/\/\/\/\/
\/\/\/\/\/\/\/\/\/\/\/\/\/\/\/\/\/\/\/\/\/\/\/\/\/
####  WEEDLE ADJUSTMENT AIR HUMIDITY STARTING     ####
\/\/\/\/\/\/\/\/\/\/\/\/\/\/\/\/\/\/\/\/\/\/\/\/\/
///////////////////////////////
=====    AIR TOO DRY   =======
///////////////////////////////
=====    INCREASE OF  +++ 5
////////////////////////////
------------------------
= IN INCREASE AIR HUMDITY
------------------------
 == IN READ WEEDLE ADJUSTMENT == 
##  Read Weedle HAWater:2
 == IN READ WEEDLE ADJUSTMENT == 
##  Read Weedle HAAir:20
 == IN READ WEEDLE ADJUSTMENT == 
##  Read Weedle HASun:5
============================
===  GARDENER TO EXECUTE ===
============================
==  water = 2
==  air = 20
==  sun = 5
============================
---
###  Caculated WATER in Sec: 10
## Turn ON WATER for: 10
##### IN WATER ON ####
Water ON...
## Turn OFF WATER
##### IN WATER OFF ####
Water OFF...
---
---
###  Caculated AIR in Sec: 100
## Turn ON AIR for: 100
##### IN AIR ON ####
Air ON...
## Turn OFF AIR
##### IN AIR OFF ####
Air OFF...
---
---
###  Caculated SUN (hot Air) in Sec: 25
##  Turn ON SUN - HOT AIR for: 25
##### IN SUN ON ####
Hot Air ON...
##  Turn OFF SUN - HOT AIR
##### IN SUN OFF ####
Hot Air OFF...
---
#################################################
####  WEEDLE ADJUSTMENT AIR HUMIDITY COMPLETED #####
#################################################
\/\/\/\/\/\/\/\/\/\/\/\/\/\/\/\/\/\/\/\/\/\/\/\/\/
\/\/\/\/\/\/\/\/\/\/\/\/\/\/\/\/\/\/\/\/\/\/\/\/\/
####  WEEDLE ADJUSTMENT SOIL HUMIDITY STARTING     ####
\/\/\/\/\/\/\/\/\/\/\/\/\/\/\/\/\/\/\/\/\/\/\/\/\/
######################################################
####  WEEDLE ADJUSTMENT SOIL HUMIDITY COMPLETED #####
######################################################
\/\/\/\/\/\/\/\/\/\/\/\/\/\/\/\/\/\/\/\/\/\/\/\/\/
####  WEEDLE ADJUSTMENT LUMINOSITY STARTING     ####
\/\/\/\/\/\/\/\/\/\/\/\/\/\/\/\/\/\/\/\/\/\/\/\/\/
////////////////////////////
=====    NOT ENOUGHT LIGHT   =======
////////////////////////////
=====    INCREASE OF  +++ 1
////////////////////////////
--------------------------------
----------IN INCREASE LUMINOSITY
--------------------------------
 == IN READ WEEDLE ADJUSTMENT == 
##  Read Weedle LWater:0
 == IN READ WEEDLE ADJUSTMENT == 
##  Read Weedle LAir:0
 == IN READ WEEDLE ADJUSTMENT == 
##  Read Weedle LSun:0
============================
===  GARDENER TO EXECUTE ===
============================
==  water = 0
==  air = 0
==  sun = 0
============================
---
Caculated WATER in Sec: 0
## Turn ON WATER for: 0
##### IN WATER ON ####
Water ON...
## Turn OFF WATER
##### IN WATER OFF ####
Water OFF...
---
---
Caculated AIR in Sec: 0
## Turn ON AIR for: 0
##### IN AIR ON ####
Air ON...
## Turn OFF AIR
##### IN AIR OFF ####
Air OFF...
---
---
Caculated SUN (hot Air) in Sec: 0
##  Turn ON SUN - HOT AIR for: 0
##### IN SUN ON ####
Hot Air ON...
##  Turn OFF SUN - HOT AIR
##### IN SUN OFF ####
Hot Air OFF...
---
######################################################
####  WEEDLE ADJUSTMENT LUMINOSITY COMPLETED #####
######################################################
\/\/\/\/\/\/\/\/\/\/\/\/\/\/\/\/\/\/\/\/\/\/\/\/\/
\/\/<3==\/\/<3==\/\/<3==\/\/<3==\/\/<3==\/\/<3==  
################################################
####  WEEDLE ADJUSTMENT CLIMATE COMPLETED #####
################################################
\/\/<3==\/\/<3==\/\/<3==\/\/<3==\/\/<3==\/\/<3==  
\/\/<3==\/\/<3==\/\/<3==\/\/<3==\/\/<3==\/\/<3==  
\/\/<3==\/\/<3==\/\/<3==\/\/<3==\/\/<3==\/\/<3==  
\/\/<3==\/\/<3==\/\/<3==\/\/<3==\/\/<3==\/\/<3==  
#######################################
#####    IN WEEDLE SUNSET          ####
#######################################
 == IN READ WEEDLE CLIMATE  == 
##  Read Weedle WSunsetRED:OFF
 == IN READ WEEDLE CLIMATE  == 
##  Read Weedle WSunsetBLUE:OFF
 == IN READ WEEDLE CLIMATE  == 
## Read Weedle WSunsetWHITE:OFF
####    WEEDLE SUNSET  #####
############################
##  WSunsetRED = OFF
##  WSunsetBLUE = OFF
##  WSunsetWHITE = OFF
############################
##  Turn OFF RedSUN
##### IN RED LIGHT OFF ####
Red Light OFF...
----
## Turn OFF BlueSUN
##### IN BLUE LIGHT OFF ####
Blue Light OFF...
----
##  Turn OFF whiteSUN
##### IN WHITE LIGHT OFF ####
White Light OFF...
----
##### IN WHITE LIGHT ON ####
White Light ON...
##### IN WHITE LIGHT OFF ####
White Light OFF...
##### IN RED LIGHT ON ####
Red Light ON...
##### IN RED LIGHT OFF ####
Red Light OFF...
##### IN BLUE LIGHT ON ####
Blue Light ON...
##### IN BLUE LIGHT OFF ####
Blue Light OFF...
