PULSE|2019-08-23 19:40:08.385571|28|149|70|70|380|END_ACTION|
HA2WAS|2019-08-23 19:40:14.403703|DECREASE|69|0|0|0|0|0|0|END_ACTION|
L2WAS|2019-08-23 19:40:20.414583|DECREASE|25|0|0|0|0|0|0|END_ACTION|
PULSE|2019-08-23 20:00:07.449859|28|42|70|70|380|END_ACTION|
HA2WAS|2019-08-23 20:00:13.461637|INCREASE|13|0|0|0|0|0|0|END_ACTION|
L2WAS|2019-08-23 20:00:19.472672|DECREASE|25|0|0|0|0|0|0|END_ACTION|
PULSE|2019-08-23 21:00:08.434553|28|44|70|70|40|END_ACTION|
T2WAS|2019-08-23 21:09:34.617931|DECREASE|6|0|100|10|0|600|60|END_ACTION|
HA2WAS|2019-08-23 21:09:40.628808|INCREASE|16|0|0|0|0|0|0|END_ACTION|
L2WAS|2019-08-23 21:09:46.639432|DECREASE|25|0|0|0|0|0|0|END_ACTION|
PULSE|2019-08-23 21:20:10.365239|28|44|70|70|40|END_ACTION|
T2WAS|2019-08-23 21:29:36.537219|DECREASE|6|0|100|10|0|600|60|END_ACTION|
HA2WAS|2019-08-23 21:29:42.548109|INCREASE|16|0|0|0|0|0|0|END_ACTION|
L2WAS|2019-08-23 21:29:48.559138|DECREASE|25|0|0|0|0|0|0|END_ACTION|
PULSE|2019-08-23 21:40:07.320577|28|43|70|70|40|END_ACTION|
T2WAS|2019-08-23 21:49:33.492485|DECREASE|6|0|100|10|0|600|60|END_ACTION|
HA2WAS|2019-08-23 21:49:39.503444|INCREASE|17|0|0|0|0|0|0|END_ACTION|
L2WAS|2019-08-23 21:49:45.514517|DECREASE|25|0|0|0|0|0|0|END_ACTION|
PULSE|2019-08-23 22:00:07.369855|27|43|70|70|40|END_ACTION|
PULSE|2019-08-24 23:40:10.956186|26|51|70|70|40|END_ACTION|
PULSE|2019-08-26 13:20:12.144539|26|49|70|70|380|END_ACTION|
HA2WAS|2019-08-26 13:20:18.164706|INCREASE|6|0|0|0|0|0|0|END_ACTION|
L2WAS|2019-08-26 13:20:24.175756|DECREASE|25|0|0|0|0|0|0|END_ACTION|
PULSE|2019-08-26 13:40:10.946415|27|49|70|70|380|END_ACTION|
HA2WAS|2019-08-26 13:40:16.957649|INCREASE|6|0|0|0|0|0|0|END_ACTION|
L2WAS|2019-08-26 13:40:22.968427|DECREASE|25|0|0|0|0|0|0|END_ACTION|
PULSE|2019-08-26 14:00:14.043394|27|49|70|70|380|END_ACTION|
HA2WAS|2019-08-26 14:00:20.054644|INCREASE|6|0|0|0|0|0|0|END_ACTION|
L2WAS|2019-08-26 14:00:26.065465|DECREASE|25|0|0|0|0|0|0|END_ACTION|
PULSE|2019-08-26 15:20:07.530914|28|48|70|70|380|END_ACTION|
HA2WAS|2019-08-26 15:20:13.550724|INCREASE|7|0|0|0|0|0|0|END_ACTION|
L2WAS|2019-08-26 15:20:19.561925|DECREASE|25|0|0|0|0|0|0|END_ACTION|
PULSE|2019-08-26 15:40:10.657430|29|48|70|70|380|END_ACTION|
HA2WAS|2019-08-26 15:40:16.669062|INCREASE|7|0|0|0|0|0|0|END_ACTION|
L2WAS|2019-08-26 15:40:22.680104|DECREASE|25|0|0|0|0|0|0|END_ACTION|
PULSE|2019-08-26 16:00:13.870181|29|55|70|70|380|END_ACTION|
L2WAS|2019-08-26 16:00:19.881678|DECREASE|25|0|0|0|0|0|0|END_ACTION|
PULSE|2019-08-26 16:20:13.987745|29|55|70|70|380|END_ACTION|
L2WAS|2019-08-26 16:20:19.999195|DECREASE|25|0|0|0|0|0|0|END_ACTION|
PULSE|2019-08-26 16:40:14.080173|29|55|70|70|380|END_ACTION|
L2WAS|2019-08-26 16:40:20.091633|DECREASE|25|0|0|0|0|0|0|END_ACTION|
PULSE|2019-08-26 17:00:11.242830|29|46|70|70|380|END_ACTION|
HA2WAS|2019-08-26 17:00:17.254248|INCREASE|9|0|0|0|0|0|0|END_ACTION|
L2WAS|2019-08-26 17:00:23.265148|DECREASE|25|0|0|0|0|0|0|END_ACTION|
PULSE|2019-08-26 17:20:10.355387|30|46|70|70|380|END_ACTION|
T2WAS|2019-08-26 17:22:06.476989|DECREASE|1|0|100|10|0|100|10|END_ACTION|
HA2WAS|2019-08-26 17:22:12.487726|INCREASE|9|0|0|0|0|0|0|END_ACTION|
L2WAS|2019-08-26 17:22:18.498508|DECREASE|25|0|0|0|0|0|0|END_ACTION|
PULSE|2019-08-26 17:40:07.508374|30|46|70|70|380|END_ACTION|
T2WAS|2019-08-26 17:42:03.532253|DECREASE|1|0|100|10|0|100|10|END_ACTION|
HA2WAS|2019-08-26 17:42:09.542954|INCREASE|9|0|0|0|0|0|0|END_ACTION|
L2WAS|2019-08-26 17:42:15.553759|DECREASE|25|0|0|0|0|0|0|END_ACTION|
PULSE|2019-08-26 18:00:11.660766|26|40|70|70|380|END_ACTION|
HA2WAS|2019-08-26 18:00:17.672200|INCREASE|15|0|0|0|0|0|0|END_ACTION|
L2WAS|2019-08-26 18:00:23.682134|DECREASE|25|0|0|0|0|0|0|END_ACTION|
PULSE|2019-08-26 18:20:07.803708|30|39|70|70|380|END_ACTION|
T2WAS|2019-08-26 18:22:03.844302|DECREASE|1|0|100|10|0|100|10|END_ACTION|
HA2WAS|2019-08-26 18:22:09.855544|INCREASE|16|0|0|0|0|0|0|END_ACTION|
L2WAS|2019-08-26 18:22:15.866418|DECREASE|25|0|0|0|0|0|0|END_ACTION|
PULSE|2019-08-26 18:40:13.989331|30|55|70|70|380|END_ACTION|
T2WAS|2019-08-26 18:42:10.110917|DECREASE|1|0|100|10|0|100|10|END_ACTION|
L2WAS|2019-08-26 18:42:16.121965|DECREASE|25|0|0|0|0|0|0|END_ACTION|
PULSE|2019-08-26 19:00:14.089937|30|55|70|70|380|END_ACTION|
T2WAS|2019-08-26 19:02:10.212345|DECREASE|1|0|100|10|0|100|10|END_ACTION|
L2WAS|2019-08-26 19:02:16.223252|DECREASE|25|0|0|0|0|0|0|END_ACTION|
PULSE|2019-08-26 19:20:11.230523|30|40|70|70|380|END_ACTION|
T2WAS|2019-08-26 19:22:07.352108|DECREASE|1|0|100|10|0|100|10|END_ACTION|
HA2WAS|2019-08-26 19:22:13.362870|INCREASE|15|0|0|0|0|0|0|END_ACTION|
L2WAS|2019-08-26 19:22:19.373654|DECREASE|25|0|0|0|0|0|0|END_ACTION|
PULSE|2019-08-26 19:40:10.394806|30|55|70|70|380|END_ACTION|
T2WAS|2019-08-26 19:42:06.516702|DECREASE|1|0|100|10|0|100|10|END_ACTION|
L2WAS|2019-08-26 19:42:12.527665|DECREASE|25|0|0|0|0|0|0|END_ACTION|
PULSE|2019-08-26 20:00:14.630802|26|40|70|70|380|END_ACTION|
HA2WAS|2019-08-26 20:00:20.642243|INCREASE|15|0|0|0|0|0|0|END_ACTION|
L2WAS|2019-08-26 20:00:26.653126|DECREASE|25|0|0|0|0|0|0|END_ACTION|
PULSE|2019-08-26 20:20:10.752350|29|41|70|70|380|END_ACTION|
HA2WAS|2019-08-26 20:20:16.763664|INCREASE|14|0|0|0|0|0|0|END_ACTION|
L2WAS|2019-08-26 20:20:22.774673|DECREASE|25|0|0|0|0|0|0|END_ACTION|
PULSE|2019-08-26 20:40:10.906796|29|42|70|70|380|END_ACTION|
HA2WAS|2019-08-26 20:40:16.917391|INCREASE|13|0|0|0|0|0|0|END_ACTION|
L2WAS|2019-08-26 20:40:22.928147|DECREASE|25|0|0|0|0|0|0|END_ACTION|
PULSE|2019-08-26 21:00:08.028591|29|42|70|70|40|END_ACTION|
PULSE|2019-08-27 17:20:10.684080|28|37|70|70|380|END_ACTION|
SUNRISE|2019-08-27 17:20:16.518164|ON|ON|ON|END_ACTION|
HA2WAS|2019-08-27 17:20:16.702133|INCREASE|18|0|0|0|0|0|0|END_ACTION|
L2WAS|2019-08-27 17:20:22.713447|DECREASE|25|0|0|0|0|0|0|END_ACTION|
PULSE|2019-08-27 17:25:08.161296|27|35|70|70|380|END_ACTION|
HA2WAS|2019-08-27 17:25:14.184270|INCREASE|20|0|0|0|0|0|0|END_ACTION|
L2WAS|2019-08-27 17:25:20.195981|DECREASE|25|0|0|0|0|0|0|END_ACTION|
PULSE|2019-08-27 17:30:11.354165|26|34|70|70|380|END_ACTION|
HA2WAS|2019-08-27 17:30:17.367170|INCREASE|21|0|0|0|0|0|0|END_ACTION|
L2WAS|2019-08-27 17:30:23.378948|DECREASE|25|0|0|0|0|0|0|END_ACTION|
PULSE|2019-08-27 17:35:07.580357|27|33|70|70|380|END_ACTION|
HA2WAS|2019-08-27 17:35:13.592622|INCREASE|22|0|0|0|0|0|0|END_ACTION|
L2WAS|2019-08-27 17:35:19.604713|DECREASE|25|0|0|0|0|0|0|END_ACTION|
PULSE|2019-08-27 17:40:10.786672|27|33|70|70|380|END_ACTION|
HA2WAS|2019-08-27 17:40:16.799734|INCREASE|22|0|0|0|0|0|0|END_ACTION|
L2WAS|2019-08-27 17:40:22.811064|DECREASE|25|0|0|0|0|0|0|END_ACTION|
PULSE|2019-08-27 17:45:11.368991|27|35|70|70|380|END_ACTION|
SUNSET|2019-08-27 17:45:17.191730|OFF|OFF|OFF|END_ACTION|
HA2WAS|2019-08-27 17:45:17.385210|INCREASE|20|0|0|0|0|0|0|END_ACTION|
L2WAS|2019-08-27 17:45:23.396277|DECREASE|25|0|0|0|0|0|0|END_ACTION|
PULSE|2019-08-27 17:50:07.568822|27|36|70|70|380|END_ACTION|
HA2WAS|2019-08-27 17:50:13.580295|INCREASE|19|0|0|0|0|0|0|END_ACTION|
L2WAS|2019-08-27 17:50:19.591310|DECREASE|25|0|0|0|0|0|0|END_ACTION|
PULSE|2019-08-27 17:55:07.856218|28|36|70|70|380|END_ACTION|
HA2WAS|2019-08-27 17:55:13.867553|INCREASE|19|0|0|0|0|0|0|END_ACTION|
L2WAS|2019-08-27 17:55:19.878435|DECREASE|25|0|0|0|0|0|0|END_ACTION|
PULSE|2019-08-27 18:00:08.163038|28|37|70|70|380|END_ACTION|
HA2WAS|2019-08-27 18:00:14.174605|INCREASE|18|0|0|0|0|0|0|END_ACTION|
L2WAS|2019-08-27 18:00:20.185691|DECREASE|25|0|0|0|0|0|0|END_ACTION|
PULSE|2019-08-27 18:05:07.436402|28|38|70|70|380|END_ACTION|
HA2WAS|2019-08-27 18:05:13.447703|INCREASE|17|0|0|0|0|0|0|END_ACTION|
L2WAS|2019-08-27 18:05:19.458505|DECREASE|25|0|0|0|0|0|0|END_ACTION|
PULSE|2019-08-27 18:10:10.751560|28|38|70|70|380|END_ACTION|
HA2WAS|2019-08-27 18:10:16.763105|INCREASE|17|0|0|0|0|0|0|END_ACTION|
L2WAS|2019-08-27 18:10:22.774093|DECREASE|25|0|0|0|0|0|0|END_ACTION|
PULSE|2019-08-27 18:15:08.057375|28|39|70|70|380|END_ACTION|
HA2WAS|2019-08-27 18:15:14.068647|INCREASE|16|0|0|0|0|0|0|END_ACTION|
L2WAS|2019-08-27 18:15:20.079442|DECREASE|25|0|0|0|0|0|0|END_ACTION|
PULSE|2019-08-27 18:20:11.198795|28|55|70|70|380|END_ACTION|
L2WAS|2019-08-27 18:20:17.210374|DECREASE|25|0|0|0|0|0|0|END_ACTION|
PULSE|2019-08-27 18:25:07.379118|29|40|70|70|380|END_ACTION|
HA2WAS|2019-08-27 18:25:13.398843|INCREASE|15|0|0|0|0|0|0|END_ACTION|
L2WAS|2019-08-27 18:25:19.410124|DECREASE|25|0|0|0|0|0|0|END_ACTION|
PULSE|2019-08-27 18:30:07.515083|29|41|70|70|380|END_ACTION|
HA2WAS|2019-08-27 18:30:13.526808|INCREASE|14|0|0|0|0|0|0|END_ACTION|
L2WAS|2019-08-27 18:30:19.537800|DECREASE|25|0|0|0|0|0|0|END_ACTION|
PULSE|2019-08-27 18:35:10.784155|29|41|70|70|380|END_ACTION|
HA2WAS|2019-08-27 18:35:16.795758|INCREASE|14|0|0|0|0|0|0|END_ACTION|
L2WAS|2019-08-27 18:35:22.806656|DECREASE|25|0|0|0|0|0|0|END_ACTION|
PULSE|2019-08-27 18:40:08.061816|29|41|70|70|380|END_ACTION|
HA2WAS|2019-08-27 18:40:14.085373|INCREASE|14|0|0|0|0|0|0|END_ACTION|
SUNRISE|2019-08-27 18:40:17.007633|ON|ON|ON|END_ACTION|
L2WAS|2019-08-27 18:40:20.096203|DECREASE|25|0|0|0|0|0|0|END_ACTION|
PULSE|2019-08-27 18:45:07.256651|29|41|70|70|380|END_ACTION|
HA2WAS|2019-08-27 18:45:13.267928|INCREASE|14|0|0|0|0|0|0|END_ACTION|
L2WAS|2019-08-27 18:45:19.278736|DECREASE|25|0|0|0|0|0|0|END_ACTION|
PULSE|2019-08-27 18:50:10.531492|29|55|70|70|380|END_ACTION|
L2WAS|2019-08-27 18:50:16.543036|DECREASE|25|0|0|0|0|0|0|END_ACTION|
PULSE|2019-08-27 19:00:07.757975|29|41|70|70|380|END_ACTION|
HA2WAS|2019-08-27 19:00:13.778599|INCREASE|14|0|0|0|0|0|0|END_ACTION|
L2WAS|2019-08-27 19:00:19.789522|DECREASE|25|0|0|0|0|0|0|END_ACTION|
PULSE|2019-08-27 19:05:07.908122|29|41|70|70|380|END_ACTION|
HA2WAS|2019-08-27 19:05:13.917946|INCREASE|14|0|0|0|0|0|0|END_ACTION|
L2WAS|2019-08-27 19:05:19.929101|DECREASE|25|0|0|0|0|0|0|END_ACTION|
PULSE|2019-08-27 19:10:11.182386|29|41|70|70|380|END_ACTION|
HA2WAS|2019-08-27 19:10:17.194123|INCREASE|14|0|0|0|0|0|0|END_ACTION|
L2WAS|2019-08-27 19:10:23.205228|DECREASE|25|0|0|0|0|0|0|END_ACTION|
PULSE|2019-08-27 19:15:10.483733|29|41|70|70|380|END_ACTION|
HA2WAS|2019-08-27 19:15:16.495419|INCREASE|14|0|0|0|0|0|0|END_ACTION|
L2WAS|2019-08-27 19:15:22.506812|DECREASE|25|0|0|0|0|0|0|END_ACTION|
PULSE|2019-08-27 19:20:07.761623|29|41|70|70|380|END_ACTION|
HA2WAS|2019-08-27 19:20:13.773371|INCREASE|14|0|0|0|0|0|0|END_ACTION|
L2WAS|2019-08-27 19:20:19.784497|DECREASE|25|0|0|0|0|0|0|END_ACTION|
PULSE|2019-08-27 19:25:11.091050|29|41|70|70|380|END_ACTION|
HA2WAS|2019-08-27 19:25:17.102693|INCREASE|14|0|0|0|0|0|0|END_ACTION|
L2WAS|2019-08-27 19:25:23.113831|DECREASE|25|0|0|0|0|0|0|END_ACTION|
PULSE|2019-08-27 19:30:07.362520|28|41|70|70|380|END_ACTION|
HA2WAS|2019-08-27 19:30:13.374417|INCREASE|14|0|0|0|0|0|0|END_ACTION|
L2WAS|2019-08-27 19:30:19.385440|DECREASE|25|0|0|0|0|0|0|END_ACTION|
PULSE|2019-08-27 19:35:13.707773|28|55|70|70|380|END_ACTION|
L2WAS|2019-08-27 19:35:19.720147|DECREASE|25|0|0|0|0|0|0|END_ACTION|
PULSE|2019-08-27 19:40:07.989235|28|41|70|70|380|END_ACTION|
HA2WAS|2019-08-27 19:40:14.000500|INCREASE|14|0|0|0|0|0|0|END_ACTION|
SUNSET|2019-08-27 19:40:16.912629|OFF|OFF|OFF|END_ACTION|
L2WAS|2019-08-27 19:40:20.011350|DECREASE|25|0|0|0|0|0|0|END_ACTION|
PULSE|2019-08-27 19:45:07.270787|28|41|70|70|380|END_ACTION|
HA2WAS|2019-08-27 19:45:13.280624|INCREASE|14|0|0|0|0|0|0|END_ACTION|
L2WAS|2019-08-27 19:45:19.291441|DECREASE|25|0|0|0|0|0|0|END_ACTION|
PULSE|2019-08-27 19:50:07.573121|28|42|70|70|380|END_ACTION|
HA2WAS|2019-08-27 19:50:13.584736|INCREASE|13|0|0|0|0|0|0|END_ACTION|
L2WAS|2019-08-27 19:50:19.595572|DECREASE|25|0|0|0|0|0|0|END_ACTION|
PULSE|2019-08-27 19:55:07.909585|28|43|70|70|380|END_ACTION|
HA2WAS|2019-08-27 19:55:13.921300|INCREASE|12|0|0|0|0|0|0|END_ACTION|
L2WAS|2019-08-27 19:55:19.932449|DECREASE|25|0|0|0|0|0|0|END_ACTION|
PULSE|2019-08-27 20:00:08.141498|28|43|70|70|380|END_ACTION|
HA2WAS|2019-08-27 20:00:14.152913|INCREASE|12|0|0|0|0|0|0|END_ACTION|
L2WAS|2019-08-27 20:00:20.164179|DECREASE|25|0|0|0|0|0|0|END_ACTION|
PULSE|2019-08-27 20:05:07.459099|28|43|70|70|380|END_ACTION|
HA2WAS|2019-08-27 20:05:13.470416|INCREASE|12|0|0|0|0|0|0|END_ACTION|
L2WAS|2019-08-27 20:05:19.481346|DECREASE|25|0|0|0|0|0|0|END_ACTION|
PULSE|2019-08-27 20:10:10.772130|28|43|70|70|380|END_ACTION|
HA2WAS|2019-08-27 20:10:16.783682|INCREASE|12|0|0|0|0|0|0|END_ACTION|
L2WAS|2019-08-27 20:10:22.794629|DECREASE|25|0|0|0|0|0|0|END_ACTION|
PULSE|2019-08-27 20:15:08.047276|28|43|70|70|380|END_ACTION|
HA2WAS|2019-08-27 20:15:14.058639|INCREASE|12|0|0|0|0|0|0|END_ACTION|
L2WAS|2019-08-27 20:15:20.069549|DECREASE|25|0|0|0|0|0|0|END_ACTION|
PULSE|2019-08-27 20:20:10.370068|28|55|70|70|380|END_ACTION|
L2WAS|2019-08-27 20:20:16.381931|DECREASE|25|0|0|0|0|0|0|END_ACTION|
PULSE|2019-08-27 20:25:07.646553|28|42|70|70|380|END_ACTION|
HA2WAS|2019-08-27 20:25:13.657962|INCREASE|13|0|0|0|0|0|0|END_ACTION|
L2WAS|2019-08-27 20:25:19.669096|DECREASE|25|0|0|0|0|0|0|END_ACTION|
PULSE|2019-08-27 20:30:07.981319|28|43|70|70|380|END_ACTION|
HA2WAS|2019-08-27 20:30:13.992699|INCREASE|12|0|0|0|0|0|0|END_ACTION|
L2WAS|2019-08-27 20:30:20.003666|DECREASE|25|0|0|0|0|0|0|END_ACTION|
PULSE|2019-08-27 20:35:07.264664|28|43|70|70|380|END_ACTION|
HA2WAS|2019-08-27 20:35:13.276049|INCREASE|12|0|0|0|0|0|0|END_ACTION|
L2WAS|2019-08-27 20:35:19.286918|DECREASE|25|0|0|0|0|0|0|END_ACTION|
PULSE|2019-08-27 20:40:11.579652|26|43|70|70|380|END_ACTION|
HA2WAS|2019-08-27 20:40:17.591092|INCREASE|12|0|0|0|0|0|0|END_ACTION|
L2WAS|2019-08-27 20:40:23.602031|DECREASE|25|0|0|0|0|0|0|END_ACTION|
PULSE|2019-08-27 20:45:10.889151|28|44|70|70|380|END_ACTION|
HA2WAS|2019-08-27 20:45:16.900405|INCREASE|11|0|0|0|0|0|0|END_ACTION|
L2WAS|2019-08-27 20:45:22.910224|DECREASE|25|0|0|0|0|0|0|END_ACTION|
PULSE|2019-08-27 20:50:08.168153|28|43|70|70|380|END_ACTION|
HA2WAS|2019-08-27 20:50:14.177819|INCREASE|12|0|0|0|0|0|0|END_ACTION|
L2WAS|2019-08-27 20:50:20.189118|DECREASE|25|0|0|0|0|0|0|END_ACTION|
PULSE|2019-08-27 20:55:10.512128|28|43|70|70|380|END_ACTION|
HA2WAS|2019-08-27 20:55:16.523580|INCREASE|12|0|0|0|0|0|0|END_ACTION|
L2WAS|2019-08-27 20:55:22.534503|DECREASE|25|0|0|0|0|0|0|END_ACTION|
PULSE|2019-08-27 21:00:10.789438|27|43|70|70|40|END_ACTION|
PULSE|2019-08-28 17:36:30.166571|27|48|70|70|40|END_ACTION|
PULSE|2019-08-28 17:40:08.209738|26|47|70|70|380|END_ACTION|
HA2WAS|2019-08-28 17:40:14.221260|INCREASE|8|0|0|0|0|0|0|END_ACTION|
L2WAS|2019-08-28 17:40:20.231076|DECREASE|25|0|0|0|0|0|0|END_ACTION|
PULSE|2019-08-28 17:45:10.536744|27|47|70|70|380|END_ACTION|
HA2WAS|2019-08-28 17:45:16.548840|INCREASE|8|0|0|0|0|0|0|END_ACTION|
L2WAS|2019-08-28 17:45:22.560216|DECREASE|25|0|0|0|0|0|0|END_ACTION|
T2WAS|2019-08-28 17:45:46.369031|DECREASE|5|0|100|10|0|500|50|END_ACTION|
HA2WAS|2019-08-28 17:45:52.380069|INCREASE|12|0|0|0|0|0|0|END_ACTION|
L2WAS|2019-08-28 17:45:58.391038|DECREASE|25|0|0|0|0|0|0|END_ACTION|
PULSE|2019-08-28 17:50:10.815197|27|47|70|70|380|END_ACTION|
HA2WAS|2019-08-28 17:50:16.826403|INCREASE|8|0|0|0|0|0|0|END_ACTION|
L2WAS|2019-08-28 17:50:22.837144|DECREASE|25|0|0|0|0|0|0|END_ACTION|
PULSE|2019-08-28 17:55:12.136190|26|47|70|70|380|END_ACTION|
HA2WAS|2019-08-28 17:55:18.147553|INCREASE|8|0|0|0|0|0|0|END_ACTION|
L2WAS|2019-08-28 17:55:24.158618|DECREASE|25|0|0|0|0|0|0|END_ACTION|
PULSE|2019-08-28 18:00:07.413282|27|47|70|70|380|END_ACTION|
HA2WAS|2019-08-28 18:00:13.424936|INCREASE|8|0|0|0|0|0|0|END_ACTION|
L2WAS|2019-08-28 18:00:19.436030|DECREASE|25|0|0|0|0|0|0|END_ACTION|
PULSE|2019-08-28 18:05:07.734771|27|47|70|70|380|END_ACTION|
HA2WAS|2019-08-28 18:05:13.746434|INCREASE|8|0|0|0|0|0|0|END_ACTION|
L2WAS|2019-08-28 18:05:19.757496|DECREASE|25|0|0|0|0|0|0|END_ACTION|
PULSE|2019-08-28 18:10:08.019520|27|47|70|70|380|END_ACTION|
HA2WAS|2019-08-28 18:10:14.031573|INCREASE|8|0|0|0|0|0|0|END_ACTION|
L2WAS|2019-08-28 18:10:20.042935|DECREASE|25|0|0|0|0|0|0|END_ACTION|
PULSE|2019-08-28 18:15:07.316491|27|48|70|70|380|END_ACTION|
HA2WAS|2019-08-28 18:15:13.328132|INCREASE|7|0|0|0|0|0|0|END_ACTION|
L2WAS|2019-08-28 18:15:19.339223|DECREASE|25|0|0|0|0|0|0|END_ACTION|
PULSE|2019-08-28 18:20:07.618862|27|47|70|70|380|END_ACTION|
HA2WAS|2019-08-28 18:20:13.630700|INCREASE|8|0|0|0|0|0|0|END_ACTION|
L2WAS|2019-08-28 18:20:19.640939|DECREASE|25|0|0|0|0|0|0|END_ACTION|
PULSE|2019-08-28 18:25:07.906846|27|47|70|70|380|END_ACTION|
HA2WAS|2019-08-28 18:25:13.918121|INCREASE|8|0|0|0|0|0|0|END_ACTION|
L2WAS|2019-08-28 18:25:19.929108|DECREASE|25|0|0|0|0|0|0|END_ACTION|
PULSE|2019-08-28 18:30:11.267389|27|48|70|70|380|END_ACTION|
HA2WAS|2019-08-28 18:30:17.278878|INCREASE|7|0|0|0|0|0|0|END_ACTION|
L2WAS|2019-08-28 18:30:23.289886|DECREASE|25|0|0|0|0|0|0|END_ACTION|
PULSE|2019-08-28 18:35:10.515097|27|48|70|70|380|END_ACTION|
HA2WAS|2019-08-28 18:35:16.525594|INCREASE|7|0|0|0|0|0|0|END_ACTION|
L2WAS|2019-08-28 18:35:22.536327|DECREASE|25|0|0|0|0|0|0|END_ACTION|
PULSE|2019-08-28 18:40:07.744679|27|48|70|70|380|END_ACTION|
HA2WAS|2019-08-28 18:40:13.756324|INCREASE|7|0|0|0|0|0|0|END_ACTION|
SUNRISE|2019-08-28 18:40:16.672492|ON|ON|ON|END_ACTION|
L2WAS|2019-08-28 18:40:19.767452|DECREASE|25|0|0|0|0|0|0|END_ACTION|
PULSE|2019-08-28 18:45:10.878065|26|49|70|70|380|END_ACTION|
HA2WAS|2019-08-28 18:45:16.889418|INCREASE|6|0|0|0|0|0|0|END_ACTION|
L2WAS|2019-08-28 18:45:22.900309|DECREASE|25|0|0|0|0|0|0|END_ACTION|
PULSE|2019-08-31 14:10:12.770563|26|44|70|70|380|END_ACTION|
HA2WAS|2019-08-31 14:10:18.819004|INCREASE|11|0|0|0|0|0|0|END_ACTION|
L2WAS|2019-08-31 14:10:24.830282|DECREASE|25|0|0|0|0|0|0|END_ACTION|
PULSE|2019-08-31 14:15:07.426216|27|42|70|70|380|END_ACTION|
HA2WAS|2019-08-31 14:15:13.437641|INCREASE|13|0|0|0|0|0|0|END_ACTION|
L2WAS|2019-08-31 14:15:19.448603|DECREASE|25|0|0|0|0|0|0|END_ACTION|
PULSE|2019-08-31 19:41:29.239981|28|45|70|70|380|END_ACTION|
HA2WAS|2019-08-31 19:41:35.262157|INCREASE|10|0|0|0|0|0|0|END_ACTION|
L2WAS|2019-08-31 19:41:41.273444|DECREASE|25|0|0|0|0|0|0|END_ACTION|
PULSE|2019-08-31 19:45:10.337160|28|44|70|70|380|END_ACTION|
HA2WAS|2019-08-31 19:45:16.348680|INCREASE|11|0|0|0|0|0|0|END_ACTION|
L2WAS|2019-08-31 19:45:22.358376|DECREASE|25|0|0|0|0|0|0|END_ACTION|
PULSE|2019-08-31 19:50:10.642332|28|45|70|70|380|END_ACTION|
HA2WAS|2019-08-31 19:50:16.653968|INCREASE|10|0|0|0|0|0|0|END_ACTION|
L2WAS|2019-08-31 19:50:22.664970|DECREASE|25|0|0|0|0|0|0|END_ACTION|
PULSE|2019-08-31 19:55:11.888150|26|44|70|70|380|END_ACTION|
HA2WAS|2019-08-31 19:55:17.899600|INCREASE|11|0|0|0|0|0|0|END_ACTION|
L2WAS|2019-08-31 19:55:23.910631|DECREASE|25|0|0|0|0|0|0|END_ACTION|
PULSE|2019-08-31 20:00:08.216765|28|45|70|70|380|END_ACTION|
HA2WAS|2019-08-31 20:00:14.228325|INCREASE|10|0|0|0|0|0|0|END_ACTION|
L2WAS|2019-08-31 20:00:20.239309|DECREASE|25|0|0|0|0|0|0|END_ACTION|
PULSE|2019-08-31 20:05:07.478889|28|45|70|70|380|END_ACTION|
HA2WAS|2019-08-31 20:05:13.490965|INCREASE|10|0|0|0|0|0|0|END_ACTION|
L2WAS|2019-08-31 20:05:19.502275|DECREASE|25|0|0|0|0|0|0|END_ACTION|
PULSE|2019-08-31 20:10:10.716933|28|45|70|70|380|END_ACTION|
HA2WAS|2019-08-31 20:10:16.728474|INCREASE|10|0|0|0|0|0|0|END_ACTION|
L2WAS|2019-08-31 20:10:22.739590|DECREASE|25|0|0|0|0|0|0|END_ACTION|
PULSE|2019-08-31 20:15:07.996925|28|45|70|70|380|END_ACTION|
HA2WAS|2019-08-31 20:15:14.008487|INCREASE|10|0|0|0|0|0|0|END_ACTION|
L2WAS|2019-08-31 20:15:20.019494|DECREASE|25|0|0|0|0|0|0|END_ACTION|
PULSE|2019-08-31 20:20:07.275792|28|44|70|70|380|END_ACTION|
HA2WAS|2019-08-31 20:20:13.287868|INCREASE|11|0|0|0|0|0|0|END_ACTION|
L2WAS|2019-08-31 20:20:19.298682|DECREASE|25|0|0|0|0|0|0|END_ACTION|
PULSE|2019-08-31 20:25:10.551662|28|45|70|70|380|END_ACTION|
HA2WAS|2019-08-31 20:25:16.563276|INCREASE|10|0|0|0|0|0|0|END_ACTION|
L2WAS|2019-08-31 20:25:22.574093|DECREASE|25|0|0|0|0|0|0|END_ACTION|
PULSE|2019-08-31 20:30:10.886930|28|44|70|70|380|END_ACTION|
HA2WAS|2019-08-31 20:30:16.898552|INCREASE|11|0|0|0|0|0|0|END_ACTION|
L2WAS|2019-08-31 20:30:22.909518|DECREASE|25|0|0|0|0|0|0|END_ACTION|
PULSE|2019-08-31 20:35:08.086762|28|44|70|70|380|END_ACTION|
HA2WAS|2019-08-31 20:35:14.098659|INCREASE|11|0|0|0|0|0|0|END_ACTION|
L2WAS|2019-08-31 20:35:20.109975|DECREASE|25|0|0|0|0|0|0|END_ACTION|
PULSE|2019-08-31 20:40:10.409298|27|45|70|70|380|END_ACTION|
HA2WAS|2019-08-31 20:40:16.420887|INCREASE|10|0|0|0|0|0|0|END_ACTION|
L2WAS|2019-08-31 20:40:22.431946|DECREASE|25|0|0|0|0|0|0|END_ACTION|
PULSE|2019-08-31 20:45:07.662404|27|45|40|40|380|END_ACTION|
HA2WAS|2019-08-31 20:45:13.675263|INCREASE|10|0|0|0|0|0|0|END_ACTION|
L2WAS|2019-08-31 20:45:19.686209|DECREASE|25|0|0|0|0|0|0|END_ACTION|
PULSE|2019-08-31 20:50:07.950470|28|45|70|70|380|END_ACTION|
HA2WAS|2019-08-31 20:50:13.962260|INCREASE|10|0|0|0|0|0|0|END_ACTION|
L2WAS|2019-08-31 20:50:19.973612|DECREASE|25|0|0|0|0|0|0|END_ACTION|
PULSE|2019-08-31 20:55:08.224723|28|44|70|70|380|END_ACTION|
HA2WAS|2019-08-31 20:55:14.236685|INCREASE|11|0|0|0|0|0|0|END_ACTION|
L2WAS|2019-08-31 20:55:20.246250|DECREASE|25|0|0|0|0|0|0|END_ACTION|
PULSE|2019-08-31 21:00:07.396814|28|44|40|40|40|END_ACTION|
PULSE|2019-08-31 21:05:13.696848|28|44|40|40|40|END_ACTION|
T2WAS|2019-08-31 21:09:33.568590|DECREASE|6|0|100|10|0|600|60|END_ACTION|
HA2WAS|2019-08-31 21:09:39.579392|INCREASE|16|0|0|0|0|0|0|END_ACTION|
L2WAS|2019-08-31 21:09:45.590521|DECREASE|25|0|0|0|0|0|0|END_ACTION|
PULSE|2019-08-31 21:10:07.897796|28|43|40|40|40|END_ACTION|
T2WAS|2019-08-31 21:14:39.868782|DECREASE|6|0|100|10|0|600|60|END_ACTION|
HA2WAS|2019-08-31 21:14:45.879779|INCREASE|16|0|0|0|0|0|0|END_ACTION|
L2WAS|2019-08-31 21:14:51.890913|DECREASE|25|0|0|0|0|0|0|END_ACTION|
PULSE|2019-08-31 21:15:08.203610|28|43|55|55|40|END_ACTION|
T2WAS|2019-08-31 21:19:34.069210|DECREASE|6|0|100|10|0|600|60|END_ACTION|
HA2WAS|2019-08-31 21:19:40.080132|INCREASE|17|0|0|0|0|0|0|END_ACTION|
L2WAS|2019-08-31 21:19:46.091240|DECREASE|25|0|0|0|0|0|0|END_ACTION|
PULSE|2019-08-31 21:20:07.539531|28|43|85|85|40|END_ACTION|
PULSE|2019-08-31 21:25:13.783578|28|44|85|85|40|END_ACTION|
PULSE|2019-08-31 21:30:07.880242|28|44|85|85|40|END_ACTION|
T2WAS|2019-08-31 21:34:39.965413|DECREASE|6|0|100|10|0|600|60|END_ACTION|
HA2WAS|2019-08-31 21:34:45.975793|INCREASE|16|0|0|0|0|0|0|END_ACTION|
L2WAS|2019-08-31 21:34:51.986932|DECREASE|25|0|0|0|0|0|0|END_ACTION|
PULSE|2019-08-31 21:35:08.116010|28|44|85|85|40|END_ACTION|
T2WAS|2019-08-31 21:39:34.052846|DECREASE|6|0|100|10|0|600|60|END_ACTION|
HA2WAS|2019-08-31 21:39:40.063752|INCREASE|16|0|0|0|0|0|0|END_ACTION|
L2WAS|2019-08-31 21:39:46.074804|DECREASE|25|0|0|0|0|0|0|END_ACTION|
PULSE|2019-08-31 21:40:10.359575|28|44|85|85|40|END_ACTION|
T2WAS|2019-08-31 21:44:34.290000|DECREASE|6|0|100|10|0|600|60|END_ACTION|
HA2WAS|2019-08-31 21:44:40.301066|INCREASE|16|0|0|0|0|0|0|END_ACTION|
L2WAS|2019-08-31 21:44:46.312144|DECREASE|25|0|0|0|0|0|0|END_ACTION|
PULSE|2019-08-31 21:45:10.590406|28|44|85|85|40|END_ACTION|
T2WAS|2019-08-31 21:49:36.531494|DECREASE|6|0|100|10|0|600|60|END_ACTION|
HA2WAS|2019-08-31 21:49:42.542565|INCREASE|16|0|0|0|0|0|0|END_ACTION|
L2WAS|2019-08-31 21:49:48.553534|DECREASE|25|0|0|0|0|0|0|END_ACTION|
PULSE|2019-08-31 21:50:10.851661|28|45|85|85|40|END_ACTION|
T2WAS|2019-08-31 21:54:36.755481|DECREASE|6|0|100|10|0|600|60|END_ACTION|
HA2WAS|2019-08-31 21:54:42.766738|INCREASE|16|0|0|0|0|0|0|END_ACTION|
L2WAS|2019-08-31 21:54:48.777704|DECREASE|25|0|0|0|0|0|0|END_ACTION|
PULSE|2019-08-31 21:55:08.086230|28|45|85|85|40|END_ACTION|
T2WAS|2019-08-31 21:59:37.023767|DECREASE|6|0|100|10|0|600|60|END_ACTION|
HA2WAS|2019-08-31 21:59:43.034814|INCREASE|15|0|0|0|0|0|0|END_ACTION|
L2WAS|2019-08-31 21:59:49.045825|DECREASE|25|0|0|0|0|0|0|END_ACTION|
PULSE|2019-08-31 22:00:10.414781|28|45|85|85|40|END_ACTION|
T2WAS|2019-08-31 22:04:34.255484|DECREASE|6|0|100|10|0|600|60|END_ACTION|
HA2WAS|2019-08-31 22:04:40.265708|INCREASE|15|0|0|0|0|0|0|END_ACTION|
L2WAS|2019-08-31 22:04:46.276627|DECREASE|25|0|0|0|0|0|0|END_ACTION|
PULSE|2019-08-31 22:05:11.667816|19|45|85|85|40|END_ACTION|
HA2WAS|2019-08-31 22:05:17.679386|INCREASE|15|0|0|0|0|0|0|END_ACTION|
L2WAS|2019-08-31 22:05:23.690517|DECREASE|25|0|0|0|0|0|0|END_ACTION|
T2WAS|2019-08-31 22:09:36.518097|DECREASE|6|0|100|10|0|600|60|END_ACTION|
HA2WAS|2019-08-31 22:09:42.528039|INCREASE|15|0|0|0|0|0|0|END_ACTION|
L2WAS|2019-08-31 22:09:48.539120|DECREASE|25|0|0|0|0|0|0|END_ACTION|
PULSE|2019-08-31 22:10:10.857669|28|44|85|85|40|END_ACTION|
PULSE|2019-08-31 22:15:11.121123|28|45|85|85|40|END_ACTION|
T2WAS|2019-08-31 22:19:37.029211|DECREASE|6|0|100|10|0|600|60|END_ACTION|
HA2WAS|2019-08-31 22:19:43.040039|INCREASE|16|0|0|0|0|0|0|END_ACTION|
L2WAS|2019-08-31 22:19:49.050990|DECREASE|25|0|0|0|0|0|0|END_ACTION|
PULSE|2019-08-31 22:20:07.335053|28|45|85|85|40|END_ACTION|
T2WAS|2019-08-31 22:24:37.292929|DECREASE|6|0|100|10|0|600|60|END_ACTION|
HA2WAS|2019-08-31 22:24:43.303671|INCREASE|15|0|0|0|0|0|0|END_ACTION|
L2WAS|2019-08-31 22:24:49.313196|DECREASE|25|0|0|0|0|0|0|END_ACTION|
PULSE|2019-08-31 22:25:13.676348|28|60|85|85|40|END_ACTION|
T2WAS|2019-08-31 22:29:33.477905|DECREASE|6|0|100|10|0|600|60|END_ACTION|
HA2WAS|2019-08-31 22:29:39.488557|INCREASE|15|0|0|0|0|0|0|END_ACTION|
L2WAS|2019-08-31 22:29:45.499354|DECREASE|25|0|0|0|0|0|0|END_ACTION|
PULSE|2019-08-31 22:30:10.916307|28|44|85|85|40|END_ACTION|
T2WAS|2019-08-31 22:34:39.845439|DECREASE|6|0|100|10|0|600|60|END_ACTION|
L2WAS|2019-08-31 22:34:45.856375|DECREASE|25|0|0|0|0|0|0|END_ACTION|
PULSE|2019-08-31 22:35:11.229742|28|44|85|85|40|END_ACTION|
T2WAS|2019-08-31 22:39:37.087844|DECREASE|6|0|100|10|0|600|60|END_ACTION|
HA2WAS|2019-08-31 22:39:43.098564|INCREASE|16|0|0|0|0|0|0|END_ACTION|
L2WAS|2019-08-31 22:39:49.109365|DECREASE|25|0|0|0|0|0|0|END_ACTION|
PULSE|2019-08-31 22:40:07.493818|28|44|85|85|40|END_ACTION|
T2WAS|2019-08-31 22:44:37.401383|DECREASE|6|0|100|10|0|600|60|END_ACTION|
HA2WAS|2019-08-31 22:44:43.412198|INCREASE|16|0|0|0|0|0|0|END_ACTION|
L2WAS|2019-08-31 22:44:49.423146|DECREASE|25|0|0|0|0|0|0|END_ACTION|
PULSE|2019-08-31 22:45:07.793846|28|44|85|85|40|END_ACTION|
T2WAS|2019-08-31 22:49:33.625423|DECREASE|6|0|100|10|0|600|60|END_ACTION|
HA2WAS|2019-08-31 22:49:39.635544|INCREASE|16|0|0|0|0|0|0|END_ACTION|
L2WAS|2019-08-31 22:49:45.646427|DECREASE|25|0|0|0|0|0|0|END_ACTION|
PULSE|2019-08-31 22:50:08.103723|28|44|85|85|40|END_ACTION|
T2WAS|2019-08-31 22:54:33.976996|DECREASE|6|0|100|10|0|600|60|END_ACTION|
HA2WAS|2019-08-31 22:54:39.987702|INCREASE|16|0|0|0|0|0|0|END_ACTION|
L2WAS|2019-08-31 22:54:45.998465|DECREASE|25|0|0|0|0|0|0|END_ACTION|
PULSE|2019-08-31 22:55:07.401103|28|44|85|85|40|END_ACTION|
T2WAS|2019-08-31 22:59:34.243095|DECREASE|6|0|100|10|0|600|60|END_ACTION|
HA2WAS|2019-08-31 22:59:40.253216|INCREASE|16|0|0|0|0|0|0|END_ACTION|
L2WAS|2019-08-31 22:59:46.264116|DECREASE|25|0|0|0|0|0|0|END_ACTION|
PULSE|2019-08-31 23:00:07.729442|28|44|85|85|40|END_ACTION|
T2WAS|2019-08-31 23:04:33.547942|DECREASE|6|0|100|10|0|600|60|END_ACTION|
HA2WAS|2019-08-31 23:04:39.558724|INCREASE|16|0|0|0|0|0|0|END_ACTION|
L2WAS|2019-08-31 23:04:45.569594|DECREASE|25|0|0|0|0|0|0|END_ACTION|
PULSE|2019-08-31 23:05:08.036429|28|43|85|85|40|END_ACTION|
T2WAS|2019-08-31 23:09:33.901098|DECREASE|6|0|100|10|0|600|60|END_ACTION|
HA2WAS|2019-08-31 23:09:39.911887|INCREASE|16|0|0|0|0|0|0|END_ACTION|
L2WAS|2019-08-31 23:09:45.922793|DECREASE|25|0|0|0|0|0|0|END_ACTION|
PULSE|2019-08-31 23:10:13.376723|27|43|85|85|40|END_ACTION|
T2WAS|2019-08-31 23:14:34.207895|DECREASE|6|0|100|10|0|600|60|END_ACTION|
HA2WAS|2019-08-31 23:14:40.218614|INCREASE|17|0|0|0|0|0|0|END_ACTION|
L2WAS|2019-08-31 23:14:46.229376|DECREASE|25|0|0|0|0|0|0|END_ACTION|
PULSE|2019-08-31 23:15:10.650459|27|44|85|85|40|END_ACTION|
T2WAS|2019-08-31 23:19:29.538457|DECREASE|5|0|100|10|0|500|50|END_ACTION|
HA2WAS|2019-08-31 23:19:35.549268|INCREASE|17|0|0|0|0|0|0|END_ACTION|
L2WAS|2019-08-31 23:19:41.560174|DECREASE|25|0|0|0|0|0|0|END_ACTION|
PULSE|2019-08-31 23:20:07.906731|28|44|85|85|40|END_ACTION|
T2WAS|2019-08-31 23:24:26.812157|DECREASE|5|0|100|10|0|500|50|END_ACTION|
HA2WAS|2019-08-31 23:24:32.822928|INCREASE|16|0|0|0|0|0|0|END_ACTION|
L2WAS|2019-08-31 23:24:38.833744|DECREASE|25|0|0|0|0|0|0|END_ACTION|
PULSE|2019-08-31 23:25:11.259410|28|44|85|85|40|END_ACTION|
T2WAS|2019-08-31 23:29:34.075433|DECREASE|6|0|100|10|0|600|60|END_ACTION|
HA2WAS|2019-08-31 23:29:40.086164|INCREASE|16|0|0|0|0|0|0|END_ACTION|
L2WAS|2019-08-31 23:29:46.095522|DECREASE|25|0|0|0|0|0|0|END_ACTION|
PULSE|2019-08-31 23:30:07.530324|28|43|85|85|40|END_ACTION|
T2WAS|2019-08-31 23:34:37.431033|DECREASE|6|0|100|10|0|600|60|END_ACTION|
HA2WAS|2019-08-31 23:34:43.441831|INCREASE|16|0|0|0|0|0|0|END_ACTION|
L2WAS|2019-08-31 23:34:49.452764|DECREASE|25|0|0|0|0|0|0|END_ACTION|
PULSE|2019-08-31 23:35:10.860350|28|43|85|85|40|END_ACTION|
T2WAS|2019-08-31 23:39:33.679483|DECREASE|6|0|100|10|0|600|60|END_ACTION|
HA2WAS|2019-08-31 23:39:39.690641|INCREASE|17|0|0|0|0|0|0|END_ACTION|
L2WAS|2019-08-31 23:39:45.701853|DECREASE|25|0|0|0|0|0|0|END_ACTION|
PULSE|2019-08-31 23:40:14.175594|28|60|85|85|40|END_ACTION|
T2WAS|2019-08-31 23:44:37.025431|DECREASE|6|0|100|10|0|600|60|END_ACTION|
HA2WAS|2019-08-31 23:44:43.036230|INCREASE|17|0|0|0|0|0|0|END_ACTION|
L2WAS|2019-08-31 23:44:49.045556|DECREASE|25|0|0|0|0|0|0|END_ACTION|
PULSE|2019-08-31 23:45:10.459318|28|43|85|85|40|END_ACTION|
T2WAS|2019-08-31 23:49:40.307228|DECREASE|6|0|100|10|0|600|60|END_ACTION|
L2WAS|2019-08-31 23:49:46.318268|DECREASE|25|0|0|0|0|0|0|END_ACTION|
PULSE|2019-08-31 23:50:07.739766|28|42|85|85|40|END_ACTION|
PULSE|2019-09-01 11:20:10.590952|24|54|85|85|380|END_ACTION|
T2WAS|2019-09-01 11:23:38.708238|INCREASE|2|0|1|100|0|2|200|END_ACTION|
HA2WAS|2019-09-01 11:23:44.718952|INCREASE|1|0|0|0|0|0|0|END_ACTION|
L2WAS|2019-09-01 11:23:50.730338|DECREASE|25|0|0|0|0|0|0|END_ACTION|
PULSE|2019-09-01 11:25:07.718043|24|53|85|85|380|END_ACTION|
T2WAS|2019-09-01 11:28:35.810606|INCREASE|2|0|1|100|0|2|200|END_ACTION|
HA2WAS|2019-09-01 11:28:41.820294|INCREASE|2|0|0|0|0|0|0|END_ACTION|
L2WAS|2019-09-01 11:28:47.831291|DECREASE|25|0|0|0|0|0|0|END_ACTION|
PULSE|2019-09-01 11:30:08.020803|25|52|85|85|380|END_ACTION|
L2WAS|2019-09-01 11:30:14.033032|DECREASE|25|0|0|0|0|0|0|END_ACTION|
PULSE|2019-09-01 11:35:11.198786|20|51|85|85|380|END_ACTION|
L2WAS|2019-09-01 11:35:17.211856|DECREASE|25|0|0|0|0|0|0|END_ACTION|
PULSE|2019-09-01 11:40:10.470474|26|52|85|85|380|END_ACTION|
L2WAS|2019-09-01 11:40:16.482288|DECREASE|25|0|0|0|0|0|0|END_ACTION|
PULSE|2019-09-01 11:45:13.741087|26|51|85|85|380|END_ACTION|
L2WAS|2019-09-01 11:45:19.753766|DECREASE|25|0|0|0|0|0|0|END_ACTION|
PULSE|2019-09-01 12:00:08.334511|26|51|85|85|380|END_ACTION|
L2WAS|2019-09-01 12:00:14.355123|DECREASE|25|0|0|0|0|0|0|END_ACTION|
PULSE|2019-09-01 12:15:08.118397|26|53|85|85|380|END_ACTION|
L2WAS|2019-09-01 12:15:14.130064|DECREASE|25|0|0|0|0|0|0|END_ACTION|
PULSE|2019-09-01 12:30:11.046517|26|50|85|85|380|END_ACTION|
L2WAS|2019-09-01 12:30:17.058089|DECREASE|25|0|0|0|0|0|0|END_ACTION|
PULSE|2019-09-01 12:45:07.744666|27|56|85|85|380|END_ACTION|
L2WAS|2019-09-01 12:45:13.756028|DECREASE|25|0|0|0|0|0|0|END_ACTION|
PULSE|2019-09-01 13:00:14.633237|20|50|85|85|380|END_ACTION|
L2WAS|2019-09-01 13:00:20.644640|DECREASE|25|0|0|0|0|0|0|END_ACTION|
PULSE|2019-09-01 13:15:07.493467|27|56|85|85|380|END_ACTION|
L2WAS|2019-09-01 13:15:13.504809|DECREASE|25|0|0|0|0|0|0|END_ACTION|
PULSE|2019-09-01 13:30:10.337009|27|56|85|85|380|END_ACTION|
L2WAS|2019-09-01 13:30:16.348613|DECREASE|25|0|0|0|0|0|0|END_ACTION|
PULSE|2019-09-01 13:45:11.097889|27|55|85|85|380|END_ACTION|
L2WAS|2019-09-01 13:45:17.109425|DECREASE|25|0|0|0|0|0|0|END_ACTION|
PULSE|2019-09-01 14:00:10.996574|27|56|85|85|380|END_ACTION|
L2WAS|2019-09-01 14:00:17.008360|DECREASE|25|0|0|0|0|0|0|END_ACTION|
PULSE|2019-09-01 14:15:11.844447|20|55|70|70|380|END_ACTION|
L2WAS|2019-09-01 14:15:17.855873|DECREASE|25|0|0|0|0|0|0|END_ACTION|
PULSE|2019-09-01 14:30:07.625384|28|54|70|70|380|END_ACTION|
L2WAS|2019-09-01 14:30:13.636869|DECREASE|25|0|0|0|0|0|0|END_ACTION|
PULSE|2019-09-01 14:45:07.410031|28|53|70|70|380|END_ACTION|
L2WAS|2019-09-01 14:45:13.421542|DECREASE|25|0|0|0|0|0|0|END_ACTION|
PULSE|2019-09-01 15:00:10.299322|28|50|85|85|380|END_ACTION|
L2WAS|2019-09-01 15:00:16.311003|DECREASE|25|0|0|0|0|0|0|END_ACTION|
PULSE|2019-09-01 15:15:08.173516|28|52|85|85|380|END_ACTION|
L2WAS|2019-09-01 15:15:14.193137|DECREASE|25|0|0|0|0|0|0|END_ACTION|
PULSE|2019-09-01 15:30:08.082032|28|52|85|85|380|END_ACTION|
L2WAS|2019-09-01 15:30:14.093708|DECREASE|25|0|0|0|0|0|0|END_ACTION|
PULSE|2019-09-01 15:45:07.875343|29|51|85|85|380|END_ACTION|
L2WAS|2019-09-01 15:45:13.887131|DECREASE|25|0|0|0|0|0|0|END_ACTION|
PULSE|2019-09-01 16:00:10.816209|29|49|85|85|380|END_ACTION|
HA2WAS|2019-09-01 16:01:56.927618|INCREASE|1|0|100|0|0|100|0|END_ACTION|
L2WAS|2019-09-01 16:02:02.938658|DECREASE|25|0|0|0|0|0|0|END_ACTION|
PULSE|2019-09-01 16:15:13.732874|29|50|85|85|380|END_ACTION|
L2WAS|2019-09-01 16:15:19.744455|DECREASE|25|0|0|0|0|0|0|END_ACTION|
PULSE|2019-09-01 16:30:11.575214|20|46|85|85|380|END_ACTION|
HA2WAS|2019-09-01 16:36:57.686553|INCREASE|4|0|100|0|0|400|0|END_ACTION|
L2WAS|2019-09-01 16:37:03.697411|DECREASE|25|0|0|0|0|0|0|END_ACTION|
PULSE|2019-09-01 16:45:07.494415|29|41|85|85|380|END_ACTION|
HA2WAS|2019-09-01 16:53:33.605959|INCREASE|9|0|100|0|0|900|0|END_ACTION|
L2WAS|2019-09-01 16:53:39.616871|DECREASE|25|0|0|0|0|0|0|END_ACTION|
PULSE|2019-09-01 17:00:11.187641|29|42|85|85|380|END_ACTION|
HA2WAS|2019-09-01 17:08:37.299268|INCREASE|8|0|100|0|0|800|0|END_ACTION|
L2WAS|2019-09-01 17:08:43.310104|DECREASE|25|0|0|0|0|0|0|END_ACTION|
PULSE|2019-09-01 17:15:10.940543|29|43|85|85|380|END_ACTION|
HA2WAS|2019-09-01 17:23:36.965699|INCREASE|7|0|100|0|0|700|0|END_ACTION|
L2WAS|2019-09-01 17:23:42.976479|DECREASE|25|0|0|0|0|0|0|END_ACTION|
PULSE|2019-09-01 17:30:07.662853|29|42|85|85|380|END_ACTION|
HA2WAS|2019-09-01 17:38:33.774197|INCREASE|8|0|100|0|0|800|0|END_ACTION|
L2WAS|2019-09-01 17:38:39.784942|DECREASE|25|0|0|0|0|0|0|END_ACTION|
PULSE|2019-09-01 17:45:10.407700|29|41|85|85|380|END_ACTION|
HA2WAS|2019-09-01 17:53:36.519298|INCREASE|9|0|100|0|0|900|0|END_ACTION|
L2WAS|2019-09-01 17:53:42.530206|DECREASE|25|0|0|0|0|0|0|END_ACTION|
PULSE|2019-09-01 18:00:08.161070|28|42|85|85|380|END_ACTION|
HA2WAS|2019-09-01 18:08:34.272477|INCREASE|8|0|100|0|0|800|0|END_ACTION|
L2WAS|2019-09-01 18:08:40.283310|DECREASE|25|0|0|0|0|0|0|END_ACTION|
PULSE|2019-09-01 18:15:10.936945|28|42|85|85|380|END_ACTION|
HA2WAS|2019-09-01 18:23:37.048492|INCREASE|8|0|100|0|0|800|0|END_ACTION|
L2WAS|2019-09-01 18:23:43.059419|DECREASE|25|0|0|0|0|0|0|END_ACTION|
PULSE|2019-09-01 18:30:07.620055|28|43|85|85|380|END_ACTION|
HA2WAS|2019-09-01 18:38:33.665735|INCREASE|7|0|100|0|0|700|0|END_ACTION|
L2WAS|2019-09-01 18:38:39.676662|DECREASE|25|0|0|0|0|0|0|END_ACTION|
PULSE|2019-09-01 18:45:07.282870|28|43|85|85|380|END_ACTION|
HA2WAS|2019-09-01 18:53:33.394296|INCREASE|7|0|100|0|0|700|0|END_ACTION|
L2WAS|2019-09-01 18:53:39.405133|DECREASE|25|0|0|0|0|0|0|END_ACTION|
PULSE|2019-09-01 19:00:11.066444|28|43|85|85|380|END_ACTION|
HA2WAS|2019-09-01 19:08:37.177831|INCREASE|7|0|100|0|0|700|0|END_ACTION|
L2WAS|2019-09-01 19:08:43.188719|DECREASE|25|0|0|0|0|0|0|END_ACTION|
PULSE|2019-09-01 19:15:10.876747|28|50|85|85|380|END_ACTION|
L2WAS|2019-09-01 19:15:16.888342|DECREASE|25|0|0|0|0|0|0|END_ACTION|
PULSE|2019-09-01 19:30:10.686686|28|50|85|85|380|END_ACTION|
L2WAS|2019-09-01 19:30:16.698299|DECREASE|25|0|0|0|0|0|0|END_ACTION|
PULSE|2019-09-01 19:45:13.405269|28|50|85|85|380|END_ACTION|
L2WAS|2019-09-01 19:45:19.416650|DECREASE|25|0|0|0|0|0|0|END_ACTION|
PULSE|2019-09-01 20:00:11.089073|28|47|85|85|380|END_ACTION|
HA2WAS|2019-09-01 20:05:17.200203|INCREASE|3|0|100|0|0|300|0|END_ACTION|
L2WAS|2019-09-01 20:05:23.209609|DECREASE|25|0|0|0|0|0|0|END_ACTION|
PULSE|2019-09-01 20:15:10.799765|28|45|40|40|380|END_ACTION|
HA2WAS|2019-09-01 20:23:36.911721|INCREASE|5|0|100|0|0|500|0|END_ACTION|
L2WAS|2019-09-01 20:23:42.922182|DECREASE|25|0|0|0|0|0|0|END_ACTION|
PULSE|2019-09-01 20:30:10.468400|27|45|1|1|380|END_ACTION|
PULSE|2019-09-01 20:35:16.076794|27|44|1|1|380|END_ACTION|
PULSE|2019-09-01 20:40:12.283827|20|44|0|0|380|END_ACTION|
HA2WAS|2019-09-01 20:43:42.198973|INCREASE|6|0|100|0|0|600|0|END_ACTION|
PULSE|2019-09-01 20:45:07.545283|27|44|0|0|380|END_ACTION|
HA2WAS|2019-09-01 20:48:38.322530|INCREASE|6|0|100|0|0|600|0|END_ACTION|
HS2WAS|2019-09-01 20:48:44.332021|INCREASE|1|0|0|0|0|0|0|END_ACTION|
PULSE|2019-09-01 20:50:10.819267|27|44|0|0|380|END_ACTION|
HA2WAS|2019-09-01 20:53:33.557364|INCREASE|6|0|100|0|0|600|0|END_ACTION|
HS2WAS|2019-09-01 20:53:40.568101|INCREASE|1|1|0|0|1|0|0|END_ACTION|
PULSE|2019-09-01 20:55:11.080286|27|44|0|0|380|END_ACTION|
HA2WAS|2019-09-01 20:58:36.864521|INCREASE|6|0|100|0|0|600|0|END_ACTION|
HS2WAS|2019-09-01 20:58:43.876652|INCREASE|1|1|0|0|1|0|0|END_ACTION|
PULSE|2019-09-01 21:00:10.316951|27|44|0|0|380|END_ACTION|
HA2WAS|2019-09-01 21:03:37.193472|INCREASE|6|0|100|0|0|600|0|END_ACTION|
HS2WAS|2019-09-01 21:03:44.205747|INCREASE|1|1|0|0|1|0|0|END_ACTION|
PULSE|2019-09-01 21:05:11.614735|20|43|0|0|380|END_ACTION|
PULSE|2019-09-01 21:06:40.788415|27|44|0|0|380|END_ACTION|
PULSE|2019-09-01 21:10:11.839686|20|43|0|0|380|END_ACTION|
HA2WAS|2019-09-01 21:15:06.921488|INCREASE|6|0|100|0|0|600|0|END_ACTION|
PULSE|2019-09-01 21:15:08.060569|27|44|0|0|380|END_ACTION|
HA2WAS|2019-09-01 21:18:37.952104|INCREASE|7|0|100|0|0|700|0|END_ACTION|
PULSE|2019-09-01 21:20:11.410375|20|44|0|0|380|END_ACTION|
HA2WAS|2019-09-01 21:23:34.172297|INCREASE|6|0|100|0|0|600|0|END_ACTION|
PULSE|2019-09-01 21:25:10.689912|28|45|0|0|380|END_ACTION|
HA2WAS|2019-09-01 21:28:37.521437|INCREASE|6|0|100|0|0|600|0|END_ACTION|
PULSE|2019-09-01 21:30:14.009281|28|50|0|0|380|END_ACTION|
HS2WAS|2019-09-01 21:30:21.022526|INCREASE|1|1|0|0|1|0|0|END_ACTION|
HA2WAS|2019-09-01 21:33:36.801383|INCREASE|5|0|100|0|0|500|0|END_ACTION|
PULSE|2019-09-01 21:35:14.319184|27|44|0|0|380|END_ACTION|
HA2WAS|2019-09-01 21:35:38.349309|INCREASE|6|0|3|0|0|18|0|END_ACTION|
HS2WAS|2019-09-01 21:35:45.361411|INCREASE|1|1|0|0|1|0|0|END_ACTION|
PULSE|2019-09-01 21:40:10.580054|27|45|0|0|380|END_ACTION|
HA2WAS|2019-09-01 21:40:31.608514|INCREASE|5|0|3|0|0|15|0|END_ACTION|
HS2WAS|2019-09-01 21:40:39.621796|INCREASE|1|10|0|0|10|0|0|END_ACTION|
PULSE|2019-09-01 21:45:10.914483|27|46|0|0|380|END_ACTION|
SUNRISE|2019-09-01 21:45:16.818851|ON|ON|ON|END_ACTION|
HA2WAS|2019-09-01 21:45:28.939066|INCREASE|4|0|3|0|0|12|0|END_ACTION|
HS2WAS|2019-09-01 21:45:36.952249|INCREASE|1|10|0|0|10|0|0|END_ACTION|
PULSE|2019-09-01 21:50:08.188688|27|45|0|0|380|END_ACTION|
HA2WAS|2019-09-01 21:50:29.217140|INCREASE|5|0|3|0|0|15|0|END_ACTION|
HS2WAS|2019-09-01 21:50:37.230406|INCREASE|1|10|0|0|10|0|0|END_ACTION|
PULSE|2019-09-01 21:55:11.469582|20|44|0|0|380|END_ACTION|
HA2WAS|2019-09-01 21:55:35.500685|INCREASE|6|0|3|0|0|18|0|END_ACTION|
HS2WAS|2019-09-01 21:55:43.514101|INCREASE|1|10|0|0|10|0|0|END_ACTION|
SUNSET|2019-09-01 21:59:16.669669|OFF|OFF|OFF|END_ACTION|
PULSE|2019-09-01 22:00:07.755982|27|43|0|0|380|END_ACTION|
HA2WAS|2019-09-01 22:00:34.789049|INCREASE|7|0|3|0|0|21|0|END_ACTION|
HS2WAS|2019-09-01 22:00:50.811242|INCREASE|1|10|0|0|10|0|0|END_ACTION|
PULSE|2019-09-01 22:05:07.992558|28|43|0|0|380|END_ACTION|
HA2WAS|2019-09-01 22:05:35.026210|INCREASE|7|0|3|0|0|21|0|END_ACTION|
HS2WAS|2019-09-01 22:05:51.047351|INCREASE|1|10|0|0|10|0|0|END_ACTION|
PULSE|2019-09-01 22:10:10.288434|28|43|0|0|380|END_ACTION|
HA2WAS|2019-09-01 22:10:37.321309|INCREASE|7|0|3|0|0|21|0|END_ACTION|
HS2WAS|2019-09-01 22:10:53.342287|INCREASE|1|10|0|0|10|0|0|END_ACTION|
PULSE|2019-09-01 22:15:07.547505|28|44|0|0|380|END_ACTION|
HA2WAS|2019-09-01 22:15:31.579746|INCREASE|6|0|3|0|0|18|0|END_ACTION|
HS2WAS|2019-09-01 22:15:47.593276|INCREASE|1|10|0|0|10|0|0|END_ACTION|
PULSE|2019-09-01 22:20:07.767224|28|45|0|0|380|END_ACTION|
HA2WAS|2019-09-01 22:20:28.794110|INCREASE|5|0|3|0|0|15|0|END_ACTION|
HS2WAS|2019-09-01 22:20:44.815951|INCREASE|1|10|0|0|10|0|0|END_ACTION|
PULSE|2019-09-01 22:25:08.036560|28|44|0|0|380|END_ACTION|
HA2WAS|2019-09-01 22:25:32.066316|INCREASE|6|0|3|0|0|18|0|END_ACTION|
HS2WAS|2019-09-01 22:25:48.087181|INCREASE|1|10|0|0|10|0|0|END_ACTION|
PULSE|2019-09-01 22:30:10.334393|27|45|0|0|380|END_ACTION|
HA2WAS|2019-09-01 22:30:31.362332|INCREASE|5|0|3|0|0|15|0|END_ACTION|
HS2WAS|2019-09-01 22:30:47.383627|INCREASE|1|10|0|0|10|0|0|END_ACTION|
PULSE|2019-09-02 14:30:07.528802|26|48|0|0|380|END_ACTION|
HA2WAS|2019-09-02 14:30:19.549549|INCREASE|2|0|3|0|0|6|0|END_ACTION|
HS2WAS|2019-09-02 14:30:25.560868|INCREASE|1|0|0|0|0|0|0|END_ACTION|
PULSE|2019-09-02 14:35:11.601307|20|48|0|0|380|END_ACTION|
HA2WAS|2019-09-02 14:35:23.616339|INCREASE|2|0|3|0|0|6|0|END_ACTION|
HS2WAS|2019-09-02 14:35:29.625157|INCREASE|1|0|0|0|0|0|0|END_ACTION|
PULSE|2019-09-02 14:40:11.863731|26|47|380|END_ACTION|
HA2WAS|2019-09-02 14:40:26.884764|INCREASE|3|0|3|0|0|9|0|END_ACTION|
PULSE|2019-09-02 14:45:13.128686|20|50|380|END_ACTION|
PULSE|2019-09-02 14:50:08.389401|27|47|380|END_ACTION|
HA2WAS|2019-09-02 14:50:23.408886|INCREASE|3|0|3|0|0|9|0|END_ACTION|
PULSE|2019-09-02 14:55:05.522848|27|46|380|END_ACTION|
HA2WAS|2019-09-02 14:55:23.550461|INCREASE|4|0|3|0|0|12|0|END_ACTION|
PULSE|2019-09-02 15:00:08.691275|27|46|380|END_ACTION|
HA2WAS|2019-09-02 15:00:26.716155|INCREASE|4|0|3|0|0|12|0|END_ACTION|
PULSE|2019-09-02 15:05:05.969581|27|46|380|END_ACTION|
HA2WAS|2019-09-02 15:05:23.993669|INCREASE|4|0|3|0|0|12|0|END_ACTION|
PULSE|2019-09-02 15:10:09.256003|27|46|380|END_ACTION|
HA2WAS|2019-09-02 15:10:27.279458|INCREASE|4|0|3|0|0|12|0|END_ACTION|
PULSEWATER|2019-09-02 15:15:02.821988|0|END_ACTION|
HS2WAS|2019-09-02 15:15:08.842964|INCREASE|1|0|0|0|0|0|0|END_ACTION|
PULSE|2019-09-02 15:20:06.096328|27|46|380|END_ACTION|
HA2WAS|2019-09-02 15:20:24.120752|INCREASE|4|0|3|0|0|12|0|END_ACTION|
PULSE|2019-09-02 15:30:05.616753|28|45|380|END_ACTION|
HA2WAS|2019-09-02 15:30:26.643788|INCREASE|5|0|3|0|0|15|0|END_ACTION|
PULSE|2019-09-05 18:30:09.871598|20|49|380|END_ACTION|
HA2WAS|2019-09-05 18:30:18.888853|INCREASE|1|0|3|0|0|3|0|END_ACTION|
PULSE|2019-09-07 17:40:05.585852|23|51|380|END_ACTION|
PULSE|2019-09-07 17:50:09.110135|24|50|380|END_ACTION|
PULSE|2019-09-07 18:00:05.636168|24|49|380|END_ACTION|
HA2WAS|2019-09-07 18:00:14.650863|INCREASE|1|0|3|0|0|3|0|END_ACTION|
PULSE|2019-09-07 18:10:06.174565|24|51|380|END_ACTION|
PULSE|2019-09-07 18:30:05.646550|24|52|380|END_ACTION|
PULSE|2019-09-07 20:30:08.698086|24|49|380|END_ACTION|
HA2WAS|2019-09-07 20:30:44.742514|INCREASE|1|0|30|0|0|30|0|END_ACTION|
PULSE|2019-09-07 21:00:05.288140|24|45|380|END_ACTION|
HA2WAS|2019-09-07 21:02:41.399584|INCREASE|5|0|30|0|0|150|0|END_ACTION|
PULSE|2019-09-07 21:30:06.090697|25|45|380|END_ACTION|
HA2WAS|2019-09-07 21:32:42.199132|INCREASE|5|0|30|0|0|150|0|END_ACTION|
PULSE|2019-09-07 22:00:05.748426|26|45|380|END_ACTION|
HA2WAS|2019-09-07 22:02:41.858526|INCREASE|5|0|30|0|0|150|0|END_ACTION|
