#######################################
#### IN WEEDLE ADJUSTMENT CLIMATE  ####
#######################################
\/\/\/\/\/\/\/\/\/\/\/\/\/\/\/\/\/\/\/\/
##############################################
#### STARTING WEEDLE ADJUSTMENT CLIMATE  ####
##############################################
 == IN READ WEEDLE CLIMATE  == 
/home/pi/weedle/gardener/main/config/weedleClimate.config
##  Read Weedle WTemperature:30
 == IN READ WEEDLE CLIMATE  == 
/home/pi/weedle/gardener/main/config/weedleClimate.config
##  Read Weedle WHumidityAir:80
 == IN READ WEEDLE CLIMATE  == 
/home/pi/weedle/gardener/main/config/weedleClimate.config
##  Read Weedle WHumiditySoil:1
 == IN READ WEEDLE CLIMATE  == 
/home/pi/weedle/gardener/main/config/weedleClimate.config
##  Read Weedle WCO2:900
 == IN READ WEEDLE CLIMATE  == 
/home/pi/weedle/gardener/main/config/weedleClimate.config
##  Read Weedle WLuminosity:255
####################################
######   WEEDLE CLIMATE HIGH  ######
####################################
## WTemperature = 30
## WHumidityAir = 80
## WHumiditySoil = 1
## WCO2 = 900
## WLuminosity = 255
####################################
 == IN READ WEEDLE CLIMATE  == 
/home/pi/weedle/gardener/main/config/weedleClimate.config
##  Read Weedle Wtemperature:20
 == IN READ WEEDLE CLIMATE  == 
/home/pi/weedle/gardener/main/config/weedleClimate.config
##  Read Weedle Whumidity:50
 == IN READ WEEDLE CLIMATE  == 
/home/pi/weedle/gardener/main/config/weedleClimate.config
##  Read Weedle Whumiditysoil:1
 == IN READ WEEDLE CLIMATE  == 
/home/pi/weedle/gardener/main/config/weedleClimate.config
##  Read Weedle Wco2:380
 == IN READ WEEDLE CLIMATE  == 
/home/pi/weedle/gardener/main/config/weedleClimate.config
##  Read Weedle Wluminosity:0
####################################
######    WEEDLE CLIMATE LOW  ######
####################################
##  Wtemperature = 20
##  Whumidityair = 50
##  Whumiditysoil = 1
##  Wco2 = 380
##  Wluminosity = 0
####################################
== IN READ AIR TEMPERATURE IN THE BOX == 
## temperature:26.6 C  humidity : 49 %
== IN READ AIR HUMIDITY IN THE BOX == 
##  temperature:26.6 C  humidity : 48 %
== IN READ SOIL HUMIDITY 40 IN THE BOX == 
== IN READ SOIL HUMIDITY 55 IN THE BOX == 
== IN READ SOIL HUMIDITY 70 IN THE BOX == 
== IN READ SOIL HUMIDITY 85 IN THE BOX == 
== IN READ LUMINOSITY IN THE BOX == 
## luminosity = 255
\/\/\/\/\/\/\/\/
##### ALERT FAILED CO2 ONCE
\/\/\/\/\/\/\/\/
\/\/\/\/\/\/\/\/
##### ALERT FAILED CO2 TWICE - SET WEEDLE CLIMATE DEFAULT  - NO RUN CO2
\/\/\/\/\/\/\/\/
####################################
####     IN THE BOX CLIMATE     ###
####################################
## airTemperature = 26
## airHumdity = 48
## soilHumdity40 = 0
## soilHumdity55 = 0
## soilHumdity70 = 0
## soilHumdity85 = 0
## soilHumdity = 0
## luminosity = 255
## co2 = 380
####################################
#######  ADJUSTMENT ACTIONS  #######
\/\/\/\/\/\/\/\/\/\/\/\/\/\/\/\/\/\/\/\/\/\/\/\/\/
####  WEEDLE ADJUSTMENT TEMPERATURE STARTING  ####
\/\/\/\/\/\/\/\/\/\/\/\/\/\/\/\/\/\/\/\/\/\/\/\/\/
###################################################
####  WEEDLE ADJUSTMENT TEMPERATURE COMPLETED ####
###################################################
\/\/\/\/\/\/\/\/\/\/\/\/\/\/\/\/\/\/\/\/\/\/\/\/\/
\/\/\/\/\/\/\/\/\/\/\/\/\/\/\/\/\/\/\/\/\/\/\/\/\/
####  WEEDLE ADJUSTMENT AIR HUMIDITY STARTING     ####
\/\/\/\/\/\/\/\/\/\/\/\/\/\/\/\/\/\/\/\/\/\/\/\/\/
///////////////////////////////
=====    AIR TOO DRY   =======
///////////////////////////////
=====    INCREASE OF  +++ 2
////////////////////////////
------------------------
= IN INCREASE AIR HUMDITY
------------------------
 == IN READ WEEDLE ADJUSTMENT == 
##  Read Weedle HAWater:0
 == IN READ WEEDLE ADJUSTMENT == 
##  Read Weedle HAAir:3
 == IN READ WEEDLE ADJUSTMENT == 
##  Read Weedle HASun:0
============================
===  GARDENER TO EXECUTE ===
============================
==  water = 0
==  air = 3
==  sun = 0
============================
---
###  Caculated WATER in Sec: 0
## Turn ON WATER for: 0
##### IN WATER ON ####
Water ON...
## Turn OFF WATER
##### IN WATER OFF ####
Water OFF...
---
---
###  Caculated AIR in Sec: 6
## Turn ON AIR for: 6
##### IN AIR ON ####
Air ON...
## Turn OFF AIR
##### IN AIR OFF ####
Air OFF...
---
---
###  Caculated SUN (hot Air) in Sec: 0
##  Turn ON SUN - HOT AIR for: 0
##### IN SUN ON ####
Hot Air ON...
##  Turn OFF SUN - HOT AIR
##### IN SUN OFF ####
Hot Air OFF...
---
#################################################
####  WEEDLE ADJUSTMENT AIR HUMIDITY COMPLETED #####
#################################################
\/\/\/\/\/\/\/\/\/\/\/\/\/\/\/\/\/\/\/\/\/\/\/\/\/
\/\/\/\/\/\/\/\/\/\/\/\/\/\/\/\/\/\/\/\/\/\/\/\/\/
####  WEEDLE ADJUSTMENT SOIL HUMIDITY STARTING     ####
\/\/\/\/\/\/\/\/\/\/\/\/\/\/\/\/\/\/\/\/\/\/\/\/\/
////////////////////////////
=====    TOO DRY   =======
////////////////////////////
=====    INCREASE OF  +++ 1
////////////////////////////
------------------------
= IN INCREASE HUMDITY
------------------------
 == IN READ WEEDLE ADJUSTMENT == 
##  Read Weedle HSWater:0
 == IN READ WEEDLE ADJUSTMENT == 
##  Read Weedle HSAir:0
 == IN READ WEEDLE ADJUSTMENT == 
##  Read Weedle HSSun:0
============================
===  GARDENER TO EXECUTE ===
============================
==  water = 0
==  air = 0
==  sun = 0
============================
---
###  Caculated WATER in Sec: 0
## Turn ON WATER for: 0
##### IN WATER ON ####
Water ON...
## Turn OFF WATER
##### IN WATER OFF ####
Water OFF...
---
---
###  Caculated AIR in Sec: 0
## Turn ON AIR for: 0
##### IN AIR ON ####
Air ON...
## Turn OFF AIR
##### IN AIR OFF ####
Air OFF...
---
---
###  Caculated SUN (hot Air) in Sec: 0
##  Turn ON SUN - HOT AIR for: 0
##### IN SUN ON ####
Hot Air ON...
##  Turn OFF SUN - HOT AIR
##### IN SUN OFF ####
Hot Air OFF...
---
######################################################
####  WEEDLE ADJUSTMENT SOIL HUMIDITY COMPLETED #####
######################################################
\/\/\/\/\/\/\/\/\/\/\/\/\/\/\/\/\/\/\/\/\/\/\/\/\/
####  WEEDLE ADJUSTMENT LUMINOSITY STARTING     ####
\/\/\/\/\/\/\/\/\/\/\/\/\/\/\/\/\/\/\/\/\/\/\/\/\/
######################################################
####  WEEDLE ADJUSTMENT LUMINOSITY COMPLETED #####
######################################################
\/\/\/\/\/\/\/\/\/\/\/\/\/\/\/\/\/\/\/\/\/\/\/\/\/
####  WEEDLE ADJUSTMENT CO2 STARTING     ####
\/\/\/\/\/\/\/\/\/\/\/\/\/\/\/\/\/\/\/\/\/\/\/\/\/
######################################################
####  WEEDLE ADJUSTMENT CO2 COMPLETED #####
######################################################
\/\/\/\/\/\/\/\/\/\/\/\/\/\/\/\/\/\/\/\/\/\/\/\/\/
\/\/<3==\/\/<3==\/\/<3==\/\/<3==\/\/<3==\/\/<3==  
################################################
####  WEEDLE ADJUSTMENT CLIMATE COMPLETED #####
################################################
\/\/<3==\/\/<3==\/\/<3==\/\/<3==\/\/<3==\/\/<3==  
\/\/<3==\/\/<3==\/\/<3==\/\/<3==\/\/<3==\/\/<3==  
\/\/<3==\/\/<3==\/\/<3==\/\/<3==\/\/<3==\/\/<3==  
\/\/<3==\/\/<3==\/\/<3==\/\/<3==\/\/<3==\/\/<3==  
#######################################
#### IN WEEDLE ADJUSTMENT CLIMATE  ####
#######################################
\/\/\/\/\/\/\/\/\/\/\/\/\/\/\/\/\/\/\/\/
##############################################
#### STARTING WEEDLE ADJUSTMENT CLIMATE  ####
##############################################
 == IN READ WEEDLE CLIMATE  == 
/home/pi/weedle/gardener/main/config/weedleClimate.config
##  Read Weedle WTemperature:30
 == IN READ WEEDLE CLIMATE  == 
/home/pi/weedle/gardener/main/config/weedleClimate.config
##  Read Weedle WHumidityAir:80
 == IN READ WEEDLE CLIMATE  == 
/home/pi/weedle/gardener/main/config/weedleClimate.config
##  Read Weedle WHumiditySoil:1
 == IN READ WEEDLE CLIMATE  == 
/home/pi/weedle/gardener/main/config/weedleClimate.config
##  Read Weedle WCO2:900
 == IN READ WEEDLE CLIMATE  == 
/home/pi/weedle/gardener/main/config/weedleClimate.config
##  Read Weedle WLuminosity:255
####################################
######   WEEDLE CLIMATE HIGH  ######
####################################
## WTemperature = 30
## WHumidityAir = 80
## WHumiditySoil = 1
## WCO2 = 900
## WLuminosity = 255
####################################
 == IN READ WEEDLE CLIMATE  == 
/home/pi/weedle/gardener/main/config/weedleClimate.config
##  Read Weedle Wtemperature:20
 == IN READ WEEDLE CLIMATE  == 
/home/pi/weedle/gardener/main/config/weedleClimate.config
##  Read Weedle Whumidity:50
 == IN READ WEEDLE CLIMATE  == 
/home/pi/weedle/gardener/main/config/weedleClimate.config
##  Read Weedle Whumiditysoil:1
 == IN READ WEEDLE CLIMATE  == 
/home/pi/weedle/gardener/main/config/weedleClimate.config
##  Read Weedle Wco2:380
 == IN READ WEEDLE CLIMATE  == 
/home/pi/weedle/gardener/main/config/weedleClimate.config
##  Read Weedle Wluminosity:0
####################################
######    WEEDLE CLIMATE LOW  ######
####################################
##  Wtemperature = 20
##  Whumidityair = 50
##  Whumiditysoil = 1
##  Wco2 = 380
##  Wluminosity = 0
####################################
== IN READ AIR TEMPERATURE IN THE BOX == 
== IN READ AIR HUMIDITY IN THE BOX == 
##  temperature:26.8 C  humidity : 48 %
== IN READ SOIL HUMIDITY 40 IN THE BOX == 
== IN READ SOIL HUMIDITY 55 IN THE BOX == 
== IN READ SOIL HUMIDITY 70 IN THE BOX == 
== IN READ SOIL HUMIDITY 85 IN THE BOX == 
== IN READ LUMINOSITY IN THE BOX == 
## luminosity = 255
== IN READ AIR TEMPERATURE IN THE BOX == 
\/\/\/\/\/\/\/\/
#### ALERT FAILED AIR TEMPERATURE ONCE
\/\/\/\/\/\/\/\/
\/\/\/\/\/\/\/\/
#### ALERT FAILED AIR TEMPERATURE TWICE - SET WEEDLE CLIMATE DEFAULT - NO RUN TEMPERATURE
\/\/\/\/\/\/\/\/
\/\/\/\/\/\/\/\/
##### ALERT FAILED CO2 ONCE
\/\/\/\/\/\/\/\/
\/\/\/\/\/\/\/\/
##### ALERT FAILED CO2 TWICE - SET WEEDLE CLIMATE DEFAULT  - NO RUN CO2
\/\/\/\/\/\/\/\/
####################################
####     IN THE BOX CLIMATE     ###
####################################
## airTemperature = 20
## airHumdity = 48
## soilHumdity40 = 0
## soilHumdity55 = 0
## soilHumdity70 = 0
## soilHumdity85 = 0
## soilHumdity = 0
## luminosity = 255
## co2 = 380
####################################
#######  ADJUSTMENT ACTIONS  #######
\/\/\/\/\/\/\/\/\/\/\/\/\/\/\/\/\/\/\/\/\/\/\/\/\/
####  WEEDLE ADJUSTMENT TEMPERATURE STARTING  ####
\/\/\/\/\/\/\/\/\/\/\/\/\/\/\/\/\/\/\/\/\/\/\/\/\/
###################################################
####  WEEDLE ADJUSTMENT TEMPERATURE COMPLETED ####
###################################################
\/\/\/\/\/\/\/\/\/\/\/\/\/\/\/\/\/\/\/\/\/\/\/\/\/
\/\/\/\/\/\/\/\/\/\/\/\/\/\/\/\/\/\/\/\/\/\/\/\/\/
####  WEEDLE ADJUSTMENT AIR HUMIDITY STARTING     ####
\/\/\/\/\/\/\/\/\/\/\/\/\/\/\/\/\/\/\/\/\/\/\/\/\/
///////////////////////////////
=====    AIR TOO DRY   =======
///////////////////////////////
=====    INCREASE OF  +++ 2
////////////////////////////
------------------------
= IN INCREASE AIR HUMDITY
------------------------
 == IN READ WEEDLE ADJUSTMENT == 
##  Read Weedle HAWater:0
 == IN READ WEEDLE ADJUSTMENT == 
##  Read Weedle HAAir:3
 == IN READ WEEDLE ADJUSTMENT == 
##  Read Weedle HASun:0
============================
===  GARDENER TO EXECUTE ===
============================
==  water = 0
==  air = 3
==  sun = 0
============================
---
###  Caculated WATER in Sec: 0
## Turn ON WATER for: 0
##### IN WATER ON ####
Water ON...
## Turn OFF WATER
##### IN WATER OFF ####
Water OFF...
---
---
###  Caculated AIR in Sec: 6
## Turn ON AIR for: 6
##### IN AIR ON ####
Air ON...
## Turn OFF AIR
##### IN AIR OFF ####
Air OFF...
---
---
###  Caculated SUN (hot Air) in Sec: 0
##  Turn ON SUN - HOT AIR for: 0
##### IN SUN ON ####
Hot Air ON...
##  Turn OFF SUN - HOT AIR
##### IN SUN OFF ####
Hot Air OFF...
---
#################################################
####  WEEDLE ADJUSTMENT AIR HUMIDITY COMPLETED #####
#################################################
\/\/\/\/\/\/\/\/\/\/\/\/\/\/\/\/\/\/\/\/\/\/\/\/\/
\/\/\/\/\/\/\/\/\/\/\/\/\/\/\/\/\/\/\/\/\/\/\/\/\/
####  WEEDLE ADJUSTMENT SOIL HUMIDITY STARTING     ####
\/\/\/\/\/\/\/\/\/\/\/\/\/\/\/\/\/\/\/\/\/\/\/\/\/
////////////////////////////
=====    TOO DRY   =======
////////////////////////////
=====    INCREASE OF  +++ 1
////////////////////////////
------------------------
= IN INCREASE HUMDITY
------------------------
 == IN READ WEEDLE ADJUSTMENT == 
##  Read Weedle HSWater:0
 == IN READ WEEDLE ADJUSTMENT == 
##  Read Weedle HSAir:0
 == IN READ WEEDLE ADJUSTMENT == 
##  Read Weedle HSSun:0
============================
===  GARDENER TO EXECUTE ===
============================
==  water = 0
==  air = 0
==  sun = 0
============================
---
###  Caculated WATER in Sec: 0
## Turn ON WATER for: 0
##### IN WATER ON ####
Water ON...
## Turn OFF WATER
##### IN WATER OFF ####
Water OFF...
---
---
###  Caculated AIR in Sec: 0
## Turn ON AIR for: 0
##### IN AIR ON ####
Air ON...
## Turn OFF AIR
##### IN AIR OFF ####
Air OFF...
---
---
###  Caculated SUN (hot Air) in Sec: 0
##  Turn ON SUN - HOT AIR for: 0
##### IN SUN ON ####
Hot Air ON...
##  Turn OFF SUN - HOT AIR
##### IN SUN OFF ####
Hot Air OFF...
---
######################################################
####  WEEDLE ADJUSTMENT SOIL HUMIDITY COMPLETED #####
######################################################
\/\/\/\/\/\/\/\/\/\/\/\/\/\/\/\/\/\/\/\/\/\/\/\/\/
####  WEEDLE ADJUSTMENT LUMINOSITY STARTING     ####
\/\/\/\/\/\/\/\/\/\/\/\/\/\/\/\/\/\/\/\/\/\/\/\/\/
######################################################
####  WEEDLE ADJUSTMENT LUMINOSITY COMPLETED #####
######################################################
\/\/\/\/\/\/\/\/\/\/\/\/\/\/\/\/\/\/\/\/\/\/\/\/\/
####  WEEDLE ADJUSTMENT CO2 STARTING     ####
\/\/\/\/\/\/\/\/\/\/\/\/\/\/\/\/\/\/\/\/\/\/\/\/\/
######################################################
####  WEEDLE ADJUSTMENT CO2 COMPLETED #####
######################################################
\/\/\/\/\/\/\/\/\/\/\/\/\/\/\/\/\/\/\/\/\/\/\/\/\/
\/\/<3==\/\/<3==\/\/<3==\/\/<3==\/\/<3==\/\/<3==  
################################################
####  WEEDLE ADJUSTMENT CLIMATE COMPLETED #####
################################################
\/\/<3==\/\/<3==\/\/<3==\/\/<3==\/\/<3==\/\/<3==  
\/\/<3==\/\/<3==\/\/<3==\/\/<3==\/\/<3==\/\/<3==  
\/\/<3==\/\/<3==\/\/<3==\/\/<3==\/\/<3==\/\/<3==  
\/\/<3==\/\/<3==\/\/<3==\/\/<3==\/\/<3==\/\/<3==  
#######################################
#### IN WEEDLE ADJUSTMENT CLIMATE  ####
#######################################
\/\/\/\/\/\/\/\/\/\/\/\/\/\/\/\/\/\/\/\/
##############################################
#### STARTING WEEDLE ADJUSTMENT CLIMATE  ####
##############################################
 == IN READ WEEDLE CLIMATE  == 
/home/pi/weedle/gardener/main/config/weedleClimate.config
##  Read Weedle WTemperature:30
 == IN READ WEEDLE CLIMATE  == 
/home/pi/weedle/gardener/main/config/weedleClimate.config
##  Read Weedle WHumidityAir:80
 == IN READ WEEDLE CLIMATE  == 
/home/pi/weedle/gardener/main/config/weedleClimate.config
##  Read Weedle WHumiditySoil:1
 == IN READ WEEDLE CLIMATE  == 
/home/pi/weedle/gardener/main/config/weedleClimate.config
##  Read Weedle WCO2:900
 == IN READ WEEDLE CLIMATE  == 
/home/pi/weedle/gardener/main/config/weedleClimate.config
##  Read Weedle WLuminosity:255
####################################
######   WEEDLE CLIMATE HIGH  ######
####################################
## WTemperature = 30
## WHumidityAir = 80
## WHumiditySoil = 1
## WCO2 = 900
## WLuminosity = 255
####################################
 == IN READ WEEDLE CLIMATE  == 
/home/pi/weedle/gardener/main/config/weedleClimate.config
##  Read Weedle Wtemperature:20
 == IN READ WEEDLE CLIMATE  == 
/home/pi/weedle/gardener/main/config/weedleClimate.config
##  Read Weedle Whumidity:50
 == IN READ WEEDLE CLIMATE  == 
/home/pi/weedle/gardener/main/config/weedleClimate.config
##  Read Weedle Whumiditysoil:1
 == IN READ WEEDLE CLIMATE  == 
/home/pi/weedle/gardener/main/config/weedleClimate.config
##  Read Weedle Wco2:380
 == IN READ WEEDLE CLIMATE  == 
/home/pi/weedle/gardener/main/config/weedleClimate.config
##  Read Weedle Wluminosity:0
####################################
######    WEEDLE CLIMATE LOW  ######
####################################
##  Wtemperature = 20
##  Whumidityair = 50
##  Whumiditysoil = 1
##  Wco2 = 380
##  Wluminosity = 0
####################################
== IN READ AIR TEMPERATURE IN THE BOX == 
== IN READ AIR HUMIDITY IN THE BOX == 
== IN READ LUMINOSITY IN THE BOX == 
## luminosity = 255
== IN READ AIR TEMPERATURE IN THE BOX == 
## temperature:26.8 C  humidity : 47 %
\/\/\/\/\/\/\/\/
#### ALERT FAILED AIR TEMPERATURE ONCE
\/\/\/\/\/\/\/\/
== IN READ AIR HUMIDITY IN THE BOX == 
##  temperature:27.0 C  humidity : 47 %
\/\/\/\/\/\/\/\/
##### ALERT FAILED AIR HUMIDITY ONCE
\/\/\/\/\/\/\/\/
\/\/\/\/\/\/\/\/
##### ALERT FAILED CO2 ONCE
\/\/\/\/\/\/\/\/
\/\/\/\/\/\/\/\/
##### ALERT FAILED CO2 TWICE - SET WEEDLE CLIMATE DEFAULT  - NO RUN CO2
\/\/\/\/\/\/\/\/
####################################
####     IN THE BOX CLIMATE     ###
####################################
## airTemperature = 26
## airHumdity = 47
## luminosity = 255
## co2 = 380
####################################
#######  ADJUSTMENT ACTIONS  #######
\/\/\/\/\/\/\/\/\/\/\/\/\/\/\/\/\/\/\/\/\/\/\/\/\/
####  WEEDLE ADJUSTMENT TEMPERATURE STARTING  ####
\/\/\/\/\/\/\/\/\/\/\/\/\/\/\/\/\/\/\/\/\/\/\/\/\/
###################################################
####  WEEDLE ADJUSTMENT TEMPERATURE COMPLETED ####
###################################################
\/\/\/\/\/\/\/\/\/\/\/\/\/\/\/\/\/\/\/\/\/\/\/\/\/
\/\/\/\/\/\/\/\/\/\/\/\/\/\/\/\/\/\/\/\/\/\/\/\/\/
####  WEEDLE ADJUSTMENT AIR HUMIDITY STARTING     ####
\/\/\/\/\/\/\/\/\/\/\/\/\/\/\/\/\/\/\/\/\/\/\/\/\/
///////////////////////////////
=====    AIR TOO DRY   =======
///////////////////////////////
=====    INCREASE OF  +++ 3
////////////////////////////
------------------------
= IN INCREASE AIR HUMDITY
------------------------
 == IN READ WEEDLE ADJUSTMENT == 
##  Read Weedle HAWater:0
 == IN READ WEEDLE ADJUSTMENT == 
##  Read Weedle HAAir:3
 == IN READ WEEDLE ADJUSTMENT == 
##  Read Weedle HASun:0
============================
===  GARDENER TO EXECUTE ===
============================
==  water = 0
==  air = 3
==  sun = 0
============================
---
###  Caculated WATER in Sec: 0
## Turn ON WATER for: 0
##### IN WATER ON ####
Water ON...
## Turn OFF WATER
##### IN WATER OFF ####
Water OFF...
---
---
###  Caculated AIR in Sec: 9
## Turn ON AIR for: 9
##### IN AIR ON ####
Air ON...
## Turn OFF AIR
##### IN AIR OFF ####
Air OFF...
---
---
###  Caculated SUN (hot Air) in Sec: 0
##  Turn ON SUN - HOT AIR for: 0
##### IN SUN ON ####
Hot Air ON...
##  Turn OFF SUN - HOT AIR
##### IN SUN OFF ####
Hot Air OFF...
---
#################################################
####  WEEDLE ADJUSTMENT AIR HUMIDITY COMPLETED #####
#################################################
\/\/\/\/\/\/\/\/\/\/\/\/\/\/\/\/\/\/\/\/\/\/\/\/\/
\/\/\/\/\/\/\/\/\/\/\/\/\/\/\/\/\/\/\/\/\/\/\/\/\/
####  WEEDLE ADJUSTMENT LUMINOSITY STARTING     ####
\/\/\/\/\/\/\/\/\/\/\/\/\/\/\/\/\/\/\/\/\/\/\/\/\/
######################################################
####  WEEDLE ADJUSTMENT LUMINOSITY COMPLETED #####
######################################################
\/\/\/\/\/\/\/\/\/\/\/\/\/\/\/\/\/\/\/\/\/\/\/\/\/
####  WEEDLE ADJUSTMENT CO2 STARTING     ####
\/\/\/\/\/\/\/\/\/\/\/\/\/\/\/\/\/\/\/\/\/\/\/\/\/
######################################################
####  WEEDLE ADJUSTMENT CO2 COMPLETED #####
######################################################
\/\/\/\/\/\/\/\/\/\/\/\/\/\/\/\/\/\/\/\/\/\/\/\/\/
\/\/<3==\/\/<3==\/\/<3==\/\/<3==\/\/<3==\/\/<3==  
################################################
####  WEEDLE ADJUSTMENT CLIMATE COMPLETED #####
################################################
\/\/<3==\/\/<3==\/\/<3==\/\/<3==\/\/<3==\/\/<3==  
\/\/<3==\/\/<3==\/\/<3==\/\/<3==\/\/<3==\/\/<3==  
\/\/<3==\/\/<3==\/\/<3==\/\/<3==\/\/<3==\/\/<3==  
\/\/<3==\/\/<3==\/\/<3==\/\/<3==\/\/<3==\/\/<3==  
#######################################
#### IN WEEDLE ADJUSTMENT CLIMATE  ####
#######################################
\/\/\/\/\/\/\/\/\/\/\/\/\/\/\/\/\/\/\/\/
##############################################
#### STARTING WEEDLE ADJUSTMENT CLIMATE  ####
##############################################
 == IN READ WEEDLE CLIMATE  == 
/home/pi/weedle/gardener/main/config/weedleClimate.config
##  Read Weedle WTemperature:30
 == IN READ WEEDLE CLIMATE  == 
/home/pi/weedle/gardener/main/config/weedleClimate.config
##  Read Weedle WHumidityAir:80
 == IN READ WEEDLE CLIMATE  == 
/home/pi/weedle/gardener/main/config/weedleClimate.config
##  Read Weedle WHumiditySoil:1
 == IN READ WEEDLE CLIMATE  == 
/home/pi/weedle/gardener/main/config/weedleClimate.config
##  Read Weedle WCO2:900
 == IN READ WEEDLE CLIMATE  == 
/home/pi/weedle/gardener/main/config/weedleClimate.config
##  Read Weedle WLuminosity:255
####################################
######   WEEDLE CLIMATE HIGH  ######
####################################
## WTemperature = 30
## WHumidityAir = 80
## WHumiditySoil = 1
## WCO2 = 900
## WLuminosity = 255
####################################
 == IN READ WEEDLE CLIMATE  == 
/home/pi/weedle/gardener/main/config/weedleClimate.config
##  Read Weedle Wtemperature:20
 == IN READ WEEDLE CLIMATE  == 
/home/pi/weedle/gardener/main/config/weedleClimate.config
##  Read Weedle Whumidity:50
 == IN READ WEEDLE CLIMATE  == 
/home/pi/weedle/gardener/main/config/weedleClimate.config
##  Read Weedle Whumiditysoil:1
 == IN READ WEEDLE CLIMATE  == 
/home/pi/weedle/gardener/main/config/weedleClimate.config
##  Read Weedle Wco2:380
 == IN READ WEEDLE CLIMATE  == 
/home/pi/weedle/gardener/main/config/weedleClimate.config
##  Read Weedle Wluminosity:0
####################################
######    WEEDLE CLIMATE LOW  ######
####################################
##  Wtemperature = 20
##  Whumidityair = 50
##  Whumiditysoil = 1
##  Wco2 = 380
##  Wluminosity = 0
####################################
== IN READ AIR TEMPERATURE IN THE BOX == 
== IN READ AIR HUMIDITY IN THE BOX == 
== IN READ LUMINOSITY IN THE BOX == 
## luminosity = 255
== IN READ AIR TEMPERATURE IN THE BOX == 
\/\/\/\/\/\/\/\/
#### ALERT FAILED AIR TEMPERATURE ONCE
\/\/\/\/\/\/\/\/
\/\/\/\/\/\/\/\/
#### ALERT FAILED AIR TEMPERATURE TWICE - SET WEEDLE CLIMATE DEFAULT - NO RUN TEMPERATURE
\/\/\/\/\/\/\/\/
== IN READ AIR HUMIDITY IN THE BOX == 
\/\/\/\/\/\/\/\/
##### ALERT FAILED AIR HUMIDITY ONCE
\/\/\/\/\/\/\/\/
\/\/\/\/\/\/\/\/
##### ALERT FAILED AIR HUMIDITY TWICE - SET WEEDLE CLIMATE DEFAULT  - NO RUN AIR HUMIDITY
\/\/\/\/\/\/\/\/
\/\/\/\/\/\/\/\/
##### ALERT FAILED CO2 ONCE
\/\/\/\/\/\/\/\/
\/\/\/\/\/\/\/\/
##### ALERT FAILED CO2 TWICE - SET WEEDLE CLIMATE DEFAULT  - NO RUN CO2
\/\/\/\/\/\/\/\/
####################################
####     IN THE BOX CLIMATE     ###
####################################
## airTemperature = 20
## airHumdity = 50
## luminosity = 255
## co2 = 380
####################################
#######  ADJUSTMENT ACTIONS  #######
\/\/\/\/\/\/\/\/\/\/\/\/\/\/\/\/\/\/\/\/\/\/\/\/\/
####  WEEDLE ADJUSTMENT TEMPERATURE STARTING  ####
\/\/\/\/\/\/\/\/\/\/\/\/\/\/\/\/\/\/\/\/\/\/\/\/\/
###################################################
####  WEEDLE ADJUSTMENT TEMPERATURE COMPLETED ####
###################################################
\/\/\/\/\/\/\/\/\/\/\/\/\/\/\/\/\/\/\/\/\/\/\/\/\/
\/\/\/\/\/\/\/\/\/\/\/\/\/\/\/\/\/\/\/\/\/\/\/\/\/
####  WEEDLE ADJUSTMENT AIR HUMIDITY STARTING     ####
\/\/\/\/\/\/\/\/\/\/\/\/\/\/\/\/\/\/\/\/\/\/\/\/\/
#################################################
####  WEEDLE ADJUSTMENT AIR HUMIDITY COMPLETED #####
#################################################
\/\/\/\/\/\/\/\/\/\/\/\/\/\/\/\/\/\/\/\/\/\/\/\/\/
\/\/\/\/\/\/\/\/\/\/\/\/\/\/\/\/\/\/\/\/\/\/\/\/\/
####  WEEDLE ADJUSTMENT LUMINOSITY STARTING     ####
\/\/\/\/\/\/\/\/\/\/\/\/\/\/\/\/\/\/\/\/\/\/\/\/\/
######################################################
####  WEEDLE ADJUSTMENT LUMINOSITY COMPLETED #####
######################################################
\/\/\/\/\/\/\/\/\/\/\/\/\/\/\/\/\/\/\/\/\/\/\/\/\/
####  WEEDLE ADJUSTMENT CO2 STARTING     ####
\/\/\/\/\/\/\/\/\/\/\/\/\/\/\/\/\/\/\/\/\/\/\/\/\/
######################################################
####  WEEDLE ADJUSTMENT CO2 COMPLETED #####
######################################################
\/\/\/\/\/\/\/\/\/\/\/\/\/\/\/\/\/\/\/\/\/\/\/\/\/
\/\/<3==\/\/<3==\/\/<3==\/\/<3==\/\/<3==\/\/<3==  
################################################
####  WEEDLE ADJUSTMENT CLIMATE COMPLETED #####
################################################
\/\/<3==\/\/<3==\/\/<3==\/\/<3==\/\/<3==\/\/<3==  
\/\/<3==\/\/<3==\/\/<3==\/\/<3==\/\/<3==\/\/<3==  
\/\/<3==\/\/<3==\/\/<3==\/\/<3==\/\/<3==\/\/<3==  
\/\/<3==\/\/<3==\/\/<3==\/\/<3==\/\/<3==\/\/<3==  
#######################################
#### IN WEEDLE ADJUSTMENT CLIMATE  ####
#######################################
\/\/\/\/\/\/\/\/\/\/\/\/\/\/\/\/\/\/\/\/
##############################################
#### STARTING WEEDLE ADJUSTMENT CLIMATE  ####
##############################################
 == IN READ WEEDLE CLIMATE  == 
/home/pi/weedle/gardener/main/config/weedleClimate.config
##  Read Weedle WTemperature:30
 == IN READ WEEDLE CLIMATE  == 
/home/pi/weedle/gardener/main/config/weedleClimate.config
##  Read Weedle WHumidityAir:80
 == IN READ WEEDLE CLIMATE  == 
/home/pi/weedle/gardener/main/config/weedleClimate.config
##  Read Weedle WHumiditySoil:1
 == IN READ WEEDLE CLIMATE  == 
/home/pi/weedle/gardener/main/config/weedleClimate.config
##  Read Weedle WCO2:900
 == IN READ WEEDLE CLIMATE  == 
/home/pi/weedle/gardener/main/config/weedleClimate.config
##  Read Weedle WLuminosity:255
####################################
######   WEEDLE CLIMATE HIGH  ######
####################################
## WTemperature = 30
## WHumidityAir = 80
## WHumiditySoil = 1
## WCO2 = 900
## WLuminosity = 255
####################################
 == IN READ WEEDLE CLIMATE  == 
/home/pi/weedle/gardener/main/config/weedleClimate.config
##  Read Weedle Wtemperature:20
 == IN READ WEEDLE CLIMATE  == 
/home/pi/weedle/gardener/main/config/weedleClimate.config
##  Read Weedle Whumidity:50
 == IN READ WEEDLE CLIMATE  == 
/home/pi/weedle/gardener/main/config/weedleClimate.config
##  Read Weedle Whumiditysoil:1
 == IN READ WEEDLE CLIMATE  == 
/home/pi/weedle/gardener/main/config/weedleClimate.config
##  Read Weedle Wco2:380
 == IN READ WEEDLE CLIMATE  == 
/home/pi/weedle/gardener/main/config/weedleClimate.config
##  Read Weedle Wluminosity:0
####################################
######    WEEDLE CLIMATE LOW  ######
####################################
##  Wtemperature = 20
##  Whumidityair = 50
##  Whumiditysoil = 1
##  Wco2 = 380
##  Wluminosity = 0
####################################
== IN READ AIR TEMPERATURE IN THE BOX == 
== IN READ AIR HUMIDITY IN THE BOX == 
##  temperature:27.2 C  humidity : 47 %
== IN READ LUMINOSITY IN THE BOX == 
## luminosity = 255
== IN READ AIR TEMPERATURE IN THE BOX == 
## temperature:27.1 C  humidity : 47 %
\/\/\/\/\/\/\/\/
#### ALERT FAILED AIR TEMPERATURE ONCE
\/\/\/\/\/\/\/\/
\/\/\/\/\/\/\/\/
##### ALERT FAILED CO2 ONCE
\/\/\/\/\/\/\/\/
\/\/\/\/\/\/\/\/
##### ALERT FAILED CO2 TWICE - SET WEEDLE CLIMATE DEFAULT  - NO RUN CO2
\/\/\/\/\/\/\/\/
####################################
####     IN THE BOX CLIMATE     ###
####################################
## airTemperature = 27
## airHumdity = 47
## luminosity = 255
## co2 = 380
####################################
#######  ADJUSTMENT ACTIONS  #######
\/\/\/\/\/\/\/\/\/\/\/\/\/\/\/\/\/\/\/\/\/\/\/\/\/
####  WEEDLE ADJUSTMENT TEMPERATURE STARTING  ####
\/\/\/\/\/\/\/\/\/\/\/\/\/\/\/\/\/\/\/\/\/\/\/\/\/
###################################################
####  WEEDLE ADJUSTMENT TEMPERATURE COMPLETED ####
###################################################
\/\/\/\/\/\/\/\/\/\/\/\/\/\/\/\/\/\/\/\/\/\/\/\/\/
\/\/\/\/\/\/\/\/\/\/\/\/\/\/\/\/\/\/\/\/\/\/\/\/\/
####  WEEDLE ADJUSTMENT AIR HUMIDITY STARTING     ####
\/\/\/\/\/\/\/\/\/\/\/\/\/\/\/\/\/\/\/\/\/\/\/\/\/
///////////////////////////////
=====    AIR TOO DRY   =======
///////////////////////////////
=====    INCREASE OF  +++ 3
////////////////////////////
------------------------
= IN INCREASE AIR HUMDITY
------------------------
 == IN READ WEEDLE ADJUSTMENT == 
##  Read Weedle HAWater:0
 == IN READ WEEDLE ADJUSTMENT == 
##  Read Weedle HAAir:3
 == IN READ WEEDLE ADJUSTMENT == 
##  Read Weedle HASun:0
============================
===  GARDENER TO EXECUTE ===
============================
==  water = 0
==  air = 3
==  sun = 0
============================
---
###  Caculated WATER in Sec: 0
## Turn ON WATER for: 0
##### IN WATER ON ####
Water ON...
## Turn OFF WATER
##### IN WATER OFF ####
Water OFF...
---
---
###  Caculated AIR in Sec: 9
## Turn ON AIR for: 9
##### IN AIR ON ####
Air ON...
## Turn OFF AIR
##### IN AIR OFF ####
Air OFF...
---
---
###  Caculated SUN (hot Air) in Sec: 0
##  Turn ON SUN - HOT AIR for: 0
##### IN SUN ON ####
Hot Air ON...
##  Turn OFF SUN - HOT AIR
##### IN SUN OFF ####
Hot Air OFF...
---
#################################################
####  WEEDLE ADJUSTMENT AIR HUMIDITY COMPLETED #####
#################################################
\/\/\/\/\/\/\/\/\/\/\/\/\/\/\/\/\/\/\/\/\/\/\/\/\/
\/\/\/\/\/\/\/\/\/\/\/\/\/\/\/\/\/\/\/\/\/\/\/\/\/
####  WEEDLE ADJUSTMENT LUMINOSITY STARTING     ####
\/\/\/\/\/\/\/\/\/\/\/\/\/\/\/\/\/\/\/\/\/\/\/\/\/
######################################################
####  WEEDLE ADJUSTMENT LUMINOSITY COMPLETED #####
######################################################
\/\/\/\/\/\/\/\/\/\/\/\/\/\/\/\/\/\/\/\/\/\/\/\/\/
####  WEEDLE ADJUSTMENT CO2 STARTING     ####
\/\/\/\/\/\/\/\/\/\/\/\/\/\/\/\/\/\/\/\/\/\/\/\/\/
######################################################
####  WEEDLE ADJUSTMENT CO2 COMPLETED #####
######################################################
\/\/\/\/\/\/\/\/\/\/\/\/\/\/\/\/\/\/\/\/\/\/\/\/\/
\/\/<3==\/\/<3==\/\/<3==\/\/<3==\/\/<3==\/\/<3==  
################################################
####  WEEDLE ADJUSTMENT CLIMATE COMPLETED #####
################################################
\/\/<3==\/\/<3==\/\/<3==\/\/<3==\/\/<3==\/\/<3==  
\/\/<3==\/\/<3==\/\/<3==\/\/<3==\/\/<3==\/\/<3==  
\/\/<3==\/\/<3==\/\/<3==\/\/<3==\/\/<3==\/\/<3==  
\/\/<3==\/\/<3==\/\/<3==\/\/<3==\/\/<3==\/\/<3==  
