#######################################
#### IN WEEDLE ADJUSTMENT CLIMATE  ####
#######################################
\/\/\/\/\/\/\/\/\/\/\/\/\/\/\/\/\/\/\/\/
##############################################
#### STARTING WEEDLE ADJUSTMENT CLIMATE  ####
##############################################
 == IN READ WEEDLE CLIMATE  == 
/home/pi/weedle/gardener/main/config/weedleClimate.config
##  Read Weedle WTemperature:30
 == IN READ WEEDLE CLIMATE  == 
/home/pi/weedle/gardener/main/config/weedleClimate.config
##  Read Weedle WHumidityAir:80
 == IN READ WEEDLE CLIMATE  == 
/home/pi/weedle/gardener/main/config/weedleClimate.config
##  Read Weedle WHumiditySoil:1
 == IN READ WEEDLE CLIMATE  == 
/home/pi/weedle/gardener/main/config/weedleClimate.config
##  Read Weedle WCO2:900
 == IN READ WEEDLE CLIMATE  == 
/home/pi/weedle/gardener/main/config/weedleClimate.config
##  Read Weedle WLuminosity:255
####################################
######   WEEDLE CLIMATE HIGH  ######
####################################
## WTemperature = 30
## WHumidityAir = 80
## WHumiditySoil = 1
## WCO2 = 900
## WLuminosity = 255
####################################
 == IN READ WEEDLE CLIMATE  == 
/home/pi/weedle/gardener/main/config/weedleClimate.config
##  Read Weedle Wtemperature:20
 == IN READ WEEDLE CLIMATE  == 
/home/pi/weedle/gardener/main/config/weedleClimate.config
##  Read Weedle Whumidity:50
 == IN READ WEEDLE CLIMATE  == 
/home/pi/weedle/gardener/main/config/weedleClimate.config
##  Read Weedle Whumiditysoil:1
 == IN READ WEEDLE CLIMATE  == 
/home/pi/weedle/gardener/main/config/weedleClimate.config
##  Read Weedle Wco2:380
 == IN READ WEEDLE CLIMATE  == 
/home/pi/weedle/gardener/main/config/weedleClimate.config
##  Read Weedle Wluminosity:0
####################################
######    WEEDLE CLIMATE LOW  ######
####################################
##  Wtemperature = 20
##  Whumidityair = 50
##  Whumiditysoil = 1
##  Wco2 = 380
##  Wluminosity = 0
####################################
== IN READ AIR TEMPERATURE IN THE BOX == 
## temperature:23.6 C  humidity : 54 %
== IN READ AIR HUMIDITY IN THE BOX == 
##  temperature:23.8 C  humidity : 51 %
== IN READ LUMINOSITY IN THE BOX == 
## luminosity = 255
\/\/\/\/\/\/\/\/
##### ALERT FAILED CO2 ONCE
\/\/\/\/\/\/\/\/
\/\/\/\/\/\/\/\/
##### ALERT FAILED CO2 TWICE - SET WEEDLE CLIMATE DEFAULT  - NO RUN CO2
\/\/\/\/\/\/\/\/
####################################
####     IN THE BOX CLIMATE     ###
####################################
## airTemperature = 23
## airHumdity = 51
## luminosity = 255
## co2 = 380
####################################
#######  ADJUSTMENT ACTIONS  #######
\/\/\/\/\/\/\/\/\/\/\/\/\/\/\/\/\/\/\/\/\/\/\/\/\/
####  WEEDLE ADJUSTMENT TEMPERATURE STARTING  ####
\/\/\/\/\/\/\/\/\/\/\/\/\/\/\/\/\/\/\/\/\/\/\/\/\/
###################################################
####  WEEDLE ADJUSTMENT TEMPERATURE COMPLETED ####
###################################################
\/\/\/\/\/\/\/\/\/\/\/\/\/\/\/\/\/\/\/\/\/\/\/\/\/
\/\/\/\/\/\/\/\/\/\/\/\/\/\/\/\/\/\/\/\/\/\/\/\/\/
####  WEEDLE ADJUSTMENT AIR HUMIDITY STARTING     ####
\/\/\/\/\/\/\/\/\/\/\/\/\/\/\/\/\/\/\/\/\/\/\/\/\/
#################################################
####  WEEDLE ADJUSTMENT AIR HUMIDITY COMPLETED #####
#################################################
\/\/\/\/\/\/\/\/\/\/\/\/\/\/\/\/\/\/\/\/\/\/\/\/\/
\/\/\/\/\/\/\/\/\/\/\/\/\/\/\/\/\/\/\/\/\/\/\/\/\/
####  WEEDLE ADJUSTMENT LUMINOSITY STARTING     ####
\/\/\/\/\/\/\/\/\/\/\/\/\/\/\/\/\/\/\/\/\/\/\/\/\/
######################################################
####  WEEDLE ADJUSTMENT LUMINOSITY COMPLETED #####
######################################################
\/\/\/\/\/\/\/\/\/\/\/\/\/\/\/\/\/\/\/\/\/\/\/\/\/
####  WEEDLE ADJUSTMENT CO2 STARTING     ####
\/\/\/\/\/\/\/\/\/\/\/\/\/\/\/\/\/\/\/\/\/\/\/\/\/
######################################################
####  WEEDLE ADJUSTMENT CO2 COMPLETED #####
######################################################
\/\/\/\/\/\/\/\/\/\/\/\/\/\/\/\/\/\/\/\/\/\/\/\/\/
\/\/<3==\/\/<3==\/\/<3==\/\/<3==\/\/<3==\/\/<3==  
################################################
####  WEEDLE ADJUSTMENT CLIMATE COMPLETED #####
################################################
\/\/<3==\/\/<3==\/\/<3==\/\/<3==\/\/<3==\/\/<3==  
\/\/<3==\/\/<3==\/\/<3==\/\/<3==\/\/<3==\/\/<3==  
\/\/<3==\/\/<3==\/\/<3==\/\/<3==\/\/<3==\/\/<3==  
\/\/<3==\/\/<3==\/\/<3==\/\/<3==\/\/<3==\/\/<3==  
#######################################
#### IN WEEDLE ADJUSTMENT CLIMATE  ####
#######################################
\/\/\/\/\/\/\/\/\/\/\/\/\/\/\/\/\/\/\/\/
##############################################
#### STARTING WEEDLE ADJUSTMENT CLIMATE  ####
##############################################
 == IN READ WEEDLE CLIMATE  == 
/home/pi/weedle/gardener/main/config/weedleClimate.config
##  Read Weedle WTemperature:30
 == IN READ WEEDLE CLIMATE  == 
/home/pi/weedle/gardener/main/config/weedleClimate.config
##  Read Weedle WHumidityAir:80
 == IN READ WEEDLE CLIMATE  == 
/home/pi/weedle/gardener/main/config/weedleClimate.config
##  Read Weedle WHumiditySoil:1
 == IN READ WEEDLE CLIMATE  == 
/home/pi/weedle/gardener/main/config/weedleClimate.config
##  Read Weedle WCO2:900
 == IN READ WEEDLE CLIMATE  == 
/home/pi/weedle/gardener/main/config/weedleClimate.config
##  Read Weedle WLuminosity:255
####################################
######   WEEDLE CLIMATE HIGH  ######
####################################
## WTemperature = 30
## WHumidityAir = 80
## WHumiditySoil = 1
## WCO2 = 900
## WLuminosity = 255
####################################
 == IN READ WEEDLE CLIMATE  == 
/home/pi/weedle/gardener/main/config/weedleClimate.config
##  Read Weedle Wtemperature:20
 == IN READ WEEDLE CLIMATE  == 
/home/pi/weedle/gardener/main/config/weedleClimate.config
##  Read Weedle Whumidity:50
 == IN READ WEEDLE CLIMATE  == 
/home/pi/weedle/gardener/main/config/weedleClimate.config
##  Read Weedle Whumiditysoil:1
 == IN READ WEEDLE CLIMATE  == 
/home/pi/weedle/gardener/main/config/weedleClimate.config
##  Read Weedle Wco2:380
 == IN READ WEEDLE CLIMATE  == 
/home/pi/weedle/gardener/main/config/weedleClimate.config
##  Read Weedle Wluminosity:0
####################################
######    WEEDLE CLIMATE LOW  ######
####################################
##  Wtemperature = 20
##  Whumidityair = 50
##  Whumiditysoil = 1
##  Wco2 = 380
##  Wluminosity = 0
####################################
== IN READ AIR TEMPERATURE IN THE BOX == 
== IN READ AIR HUMIDITY IN THE BOX == 
##  temperature:24.2 C  humidity : 50 %
== IN READ LUMINOSITY IN THE BOX == 
## luminosity = 255
== IN READ AIR TEMPERATURE IN THE BOX == 
## temperature:24.2 C  humidity : 50 %
\/\/\/\/\/\/\/\/
#### ALERT FAILED AIR TEMPERATURE ONCE
\/\/\/\/\/\/\/\/
\/\/\/\/\/\/\/\/
##### ALERT FAILED CO2 ONCE
\/\/\/\/\/\/\/\/
\/\/\/\/\/\/\/\/
##### ALERT FAILED CO2 TWICE - SET WEEDLE CLIMATE DEFAULT  - NO RUN CO2
\/\/\/\/\/\/\/\/
####################################
####     IN THE BOX CLIMATE     ###
####################################
## airTemperature = 24
## airHumdity = 50
## luminosity = 255
## co2 = 380
####################################
#######  ADJUSTMENT ACTIONS  #######
\/\/\/\/\/\/\/\/\/\/\/\/\/\/\/\/\/\/\/\/\/\/\/\/\/
####  WEEDLE ADJUSTMENT TEMPERATURE STARTING  ####
\/\/\/\/\/\/\/\/\/\/\/\/\/\/\/\/\/\/\/\/\/\/\/\/\/
###################################################
####  WEEDLE ADJUSTMENT TEMPERATURE COMPLETED ####
###################################################
\/\/\/\/\/\/\/\/\/\/\/\/\/\/\/\/\/\/\/\/\/\/\/\/\/
\/\/\/\/\/\/\/\/\/\/\/\/\/\/\/\/\/\/\/\/\/\/\/\/\/
####  WEEDLE ADJUSTMENT AIR HUMIDITY STARTING     ####
\/\/\/\/\/\/\/\/\/\/\/\/\/\/\/\/\/\/\/\/\/\/\/\/\/
#################################################
####  WEEDLE ADJUSTMENT AIR HUMIDITY COMPLETED #####
#################################################
\/\/\/\/\/\/\/\/\/\/\/\/\/\/\/\/\/\/\/\/\/\/\/\/\/
\/\/\/\/\/\/\/\/\/\/\/\/\/\/\/\/\/\/\/\/\/\/\/\/\/
####  WEEDLE ADJUSTMENT LUMINOSITY STARTING     ####
\/\/\/\/\/\/\/\/\/\/\/\/\/\/\/\/\/\/\/\/\/\/\/\/\/
######################################################
####  WEEDLE ADJUSTMENT LUMINOSITY COMPLETED #####
######################################################
\/\/\/\/\/\/\/\/\/\/\/\/\/\/\/\/\/\/\/\/\/\/\/\/\/
####  WEEDLE ADJUSTMENT CO2 STARTING     ####
\/\/\/\/\/\/\/\/\/\/\/\/\/\/\/\/\/\/\/\/\/\/\/\/\/
######################################################
####  WEEDLE ADJUSTMENT CO2 COMPLETED #####
######################################################
\/\/\/\/\/\/\/\/\/\/\/\/\/\/\/\/\/\/\/\/\/\/\/\/\/
\/\/<3==\/\/<3==\/\/<3==\/\/<3==\/\/<3==\/\/<3==  
################################################
####  WEEDLE ADJUSTMENT CLIMATE COMPLETED #####
################################################
\/\/<3==\/\/<3==\/\/<3==\/\/<3==\/\/<3==\/\/<3==  
\/\/<3==\/\/<3==\/\/<3==\/\/<3==\/\/<3==\/\/<3==  
\/\/<3==\/\/<3==\/\/<3==\/\/<3==\/\/<3==\/\/<3==  
\/\/<3==\/\/<3==\/\/<3==\/\/<3==\/\/<3==\/\/<3==  
#######################################
#### IN WEEDLE ADJUSTMENT CLIMATE  ####
#######################################
\/\/\/\/\/\/\/\/\/\/\/\/\/\/\/\/\/\/\/\/
##############################################
#### STARTING WEEDLE ADJUSTMENT CLIMATE  ####
##############################################
 == IN READ WEEDLE CLIMATE  == 
/home/pi/weedle/gardener/main/config/weedleClimate.config
##  Read Weedle WTemperature:30
 == IN READ WEEDLE CLIMATE  == 
/home/pi/weedle/gardener/main/config/weedleClimate.config
##  Read Weedle WHumidityAir:80
 == IN READ WEEDLE CLIMATE  == 
/home/pi/weedle/gardener/main/config/weedleClimate.config
##  Read Weedle WHumiditySoil:1
 == IN READ WEEDLE CLIMATE  == 
/home/pi/weedle/gardener/main/config/weedleClimate.config
##  Read Weedle WCO2:900
 == IN READ WEEDLE CLIMATE  == 
/home/pi/weedle/gardener/main/config/weedleClimate.config
##  Read Weedle WLuminosity:255
####################################
######   WEEDLE CLIMATE HIGH  ######
####################################
## WTemperature = 30
## WHumidityAir = 80
## WHumiditySoil = 1
## WCO2 = 900
## WLuminosity = 255
####################################
 == IN READ WEEDLE CLIMATE  == 
/home/pi/weedle/gardener/main/config/weedleClimate.config
##  Read Weedle Wtemperature:20
 == IN READ WEEDLE CLIMATE  == 
/home/pi/weedle/gardener/main/config/weedleClimate.config
##  Read Weedle Whumidity:50
 == IN READ WEEDLE CLIMATE  == 
/home/pi/weedle/gardener/main/config/weedleClimate.config
##  Read Weedle Whumiditysoil:1
 == IN READ WEEDLE CLIMATE  == 
/home/pi/weedle/gardener/main/config/weedleClimate.config
##  Read Weedle Wco2:380
 == IN READ WEEDLE CLIMATE  == 
/home/pi/weedle/gardener/main/config/weedleClimate.config
##  Read Weedle Wluminosity:0
####################################
######    WEEDLE CLIMATE LOW  ######
####################################
##  Wtemperature = 20
##  Whumidityair = 50
##  Whumiditysoil = 1
##  Wco2 = 380
##  Wluminosity = 0
####################################
== IN READ AIR TEMPERATURE IN THE BOX == 
## temperature:24.3 C  humidity : 50 %
== IN READ AIR HUMIDITY IN THE BOX == 
##  temperature:24.4 C  humidity : 49 %
== IN READ LUMINOSITY IN THE BOX == 
## luminosity = 255
\/\/\/\/\/\/\/\/
##### ALERT FAILED CO2 ONCE
\/\/\/\/\/\/\/\/
\/\/\/\/\/\/\/\/
##### ALERT FAILED CO2 TWICE - SET WEEDLE CLIMATE DEFAULT  - NO RUN CO2
\/\/\/\/\/\/\/\/
####################################
####     IN THE BOX CLIMATE     ###
####################################
## airTemperature = 24
## airHumdity = 49
## luminosity = 255
## co2 = 380
####################################
#######  ADJUSTMENT ACTIONS  #######
\/\/\/\/\/\/\/\/\/\/\/\/\/\/\/\/\/\/\/\/\/\/\/\/\/
####  WEEDLE ADJUSTMENT TEMPERATURE STARTING  ####
\/\/\/\/\/\/\/\/\/\/\/\/\/\/\/\/\/\/\/\/\/\/\/\/\/
###################################################
####  WEEDLE ADJUSTMENT TEMPERATURE COMPLETED ####
###################################################
\/\/\/\/\/\/\/\/\/\/\/\/\/\/\/\/\/\/\/\/\/\/\/\/\/
\/\/\/\/\/\/\/\/\/\/\/\/\/\/\/\/\/\/\/\/\/\/\/\/\/
####  WEEDLE ADJUSTMENT AIR HUMIDITY STARTING     ####
\/\/\/\/\/\/\/\/\/\/\/\/\/\/\/\/\/\/\/\/\/\/\/\/\/
///////////////////////////////
=====    AIR TOO DRY   =======
///////////////////////////////
=====    INCREASE OF  +++ 1
////////////////////////////
------------------------
= IN INCREASE AIR HUMDITY
------------------------
 == IN READ WEEDLE ADJUSTMENT == 
##  Read Weedle HAWater:0
 == IN READ WEEDLE ADJUSTMENT == 
##  Read Weedle HAAir:3
 == IN READ WEEDLE ADJUSTMENT == 
##  Read Weedle HASun:0
============================
===  GARDENER TO EXECUTE ===
============================
==  water = 0
==  air = 3
==  sun = 0
============================
---
###  Caculated WATER in Sec: 0
## Turn ON WATER for: 0
##### IN WATER ON ####
Water ON...
## Turn OFF WATER
##### IN WATER OFF ####
Water OFF...
---
---
###  Caculated AIR in Sec: 3
## Turn ON AIR for: 3
##### IN AIR ON ####
Air ON...
## Turn OFF AIR
##### IN AIR OFF ####
Air OFF...
---
---
###  Caculated SUN (hot Air) in Sec: 0
##  Turn ON SUN - HOT AIR for: 0
##### IN SUN ON ####
Hot Air ON...
##  Turn OFF SUN - HOT AIR
##### IN SUN OFF ####
Hot Air OFF...
---
#################################################
####  WEEDLE ADJUSTMENT AIR HUMIDITY COMPLETED #####
#################################################
\/\/\/\/\/\/\/\/\/\/\/\/\/\/\/\/\/\/\/\/\/\/\/\/\/
\/\/\/\/\/\/\/\/\/\/\/\/\/\/\/\/\/\/\/\/\/\/\/\/\/
####  WEEDLE ADJUSTMENT LUMINOSITY STARTING     ####
\/\/\/\/\/\/\/\/\/\/\/\/\/\/\/\/\/\/\/\/\/\/\/\/\/
######################################################
####  WEEDLE ADJUSTMENT LUMINOSITY COMPLETED #####
######################################################
\/\/\/\/\/\/\/\/\/\/\/\/\/\/\/\/\/\/\/\/\/\/\/\/\/
####  WEEDLE ADJUSTMENT CO2 STARTING     ####
\/\/\/\/\/\/\/\/\/\/\/\/\/\/\/\/\/\/\/\/\/\/\/\/\/
######################################################
####  WEEDLE ADJUSTMENT CO2 COMPLETED #####
######################################################
\/\/\/\/\/\/\/\/\/\/\/\/\/\/\/\/\/\/\/\/\/\/\/\/\/
\/\/<3==\/\/<3==\/\/<3==\/\/<3==\/\/<3==\/\/<3==  
################################################
####  WEEDLE ADJUSTMENT CLIMATE COMPLETED #####
################################################
\/\/<3==\/\/<3==\/\/<3==\/\/<3==\/\/<3==\/\/<3==  
\/\/<3==\/\/<3==\/\/<3==\/\/<3==\/\/<3==\/\/<3==  
\/\/<3==\/\/<3==\/\/<3==\/\/<3==\/\/<3==\/\/<3==  
\/\/<3==\/\/<3==\/\/<3==\/\/<3==\/\/<3==\/\/<3==  
Weedle OFF...
##  Read Weedle blueState:OFF
##  Read Weedle redState:OFF
##  Read Weedle whiteState:OFF
Initializing Weedle Day...
There was an issue processing line: 

Initialization complete.
current time is: 18:38
There are no command to trigger for current time: 18:38
Main thread sleeping for 9 seconds
current time is: 17:38
There are no command to trigger for current time: 17:38
Main thread sleeping for 51 seconds
current time is: 17:39
There are no command to trigger for current time: 17:39
Main thread sleeping for 60 seconds
current time is: 17:40
There are 1 commands to trigger
Execute python /home/pi/weedle/gardener/main/weedleAdjustClimate.py
Main thread sleeping for 60 seconds
current time is: 17:41
There are no command to trigger for current time: 17:41
Main thread sleeping for 60 seconds
current time is: 17:42
There are no command to trigger for current time: 17:42
Main thread sleeping for 60 seconds
current time is: 17:43
There are no command to trigger for current time: 17:43
Main thread sleeping for 60 seconds
current time is: 17:44
There are no command to trigger for current time: 17:44
Main thread sleeping for 60 seconds
current time is: 17:45
There are no command to trigger for current time: 17:45
Main thread sleeping for 60 seconds
current time is: 17:46
There are no command to trigger for current time: 17:46
Main thread sleeping for 60 seconds
current time is: 17:47
There are no command to trigger for current time: 17:47
Main thread sleeping for 60 seconds
current time is: 17:48
There are no command to trigger for current time: 17:48
Main thread sleeping for 60 seconds
current time is: 17:49
There are no command to trigger for current time: 17:49
Main thread sleeping for 60 seconds
current time is: 17:50
There are 1 commands to trigger
Execute python /home/pi/weedle/gardener/main/weedleAdjustClimate.py
Main thread sleeping for 60 seconds
current time is: 17:51
There are no command to trigger for current time: 17:51
Main thread sleeping for 60 seconds
current time is: 17:52
There are no command to trigger for current time: 17:52
Main thread sleeping for 59 seconds
current time is: 17:53
There are no command to trigger for current time: 17:53
Main thread sleeping for 60 seconds
current time is: 17:54
There are no command to trigger for current time: 17:54
Main thread sleeping for 60 seconds
current time is: 17:55
There are no command to trigger for current time: 17:55
Main thread sleeping for 60 seconds
current time is: 17:56
There are no command to trigger for current time: 17:56
Main thread sleeping for 60 seconds
current time is: 17:57
There are no command to trigger for current time: 17:57
Main thread sleeping for 60 seconds
current time is: 17:58
There are no command to trigger for current time: 17:58
Main thread sleeping for 60 seconds
current time is: 17:59
There are no command to trigger for current time: 17:59
Main thread sleeping for 60 seconds
current time is: 18:00
There are 2 commands to trigger
Execute python /home/pi/weedle/gardener/main/weedleAdjustClimate.py
Execute /home/pi/weedle/gardener/main/logs/sendmail.sh
Main thread sleeping for 60 seconds
current time is: 18:01
There are no command to trigger for current time: 18:01
Main thread sleeping for 60 seconds
current time is: 18:02
There are no command to trigger for current time: 18:02
Main thread sleeping for 60 seconds
current time is: 18:03
There are no command to trigger for current time: 18:03
Main thread sleeping for 60 seconds
current time is: 18:04
There are no command to trigger for current time: 18:04
Main thread sleeping for 60 seconds
current time is: 18:05
There are no command to trigger for current time: 18:05
Main thread sleeping for 60 seconds
current time is: 18:06
There are no command to trigger for current time: 18:06
Main thread sleeping for 60 seconds
current time is: 18:07
There are no command to trigger for current time: 18:07
Main thread sleeping for 60 seconds
current time is: 18:08
There are no command to trigger for current time: 18:08
Main thread sleeping for 60 seconds
current time is: 18:09
There are no #######################################
#### IN WEEDLE ADJUSTMENT CLIMATE  ####
#######################################
\/\/\/\/\/\/\/\/\/\/\/\/\/\/\/\/\/\/\/\/
##############################################
#### STARTING WEEDLE ADJUSTMENT CLIMATE  ####
##############################################
 == IN READ WEEDLE CLIMATE  == 
/home/pi/weedle/gardener/main/config/weedleClimate.config
##  Read Weedle WTemperature:30
 == IN READ WEEDLE CLIMATE  == 
/home/pi/weedle/gardener/main/config/weedleClimate.config
##  Read Weedle WHumidityAir:80
 == IN READ WEEDLE CLIMATE  == 
/home/pi/weedle/gardener/main/config/weedleClimate.config
##  Read Weedle WHumiditySoil:1
 == IN READ WEEDLE CLIMATE  == 
/home/pi/weedle/gardener/main/config/weedleClimate.config
##  Read Weedle WCO2:900
 == IN READ WEEDLE CLIMATE  == 
/home/pi/weedle/gardener/main/config/weedleClimate.config
##  Read Weedle WLuminosity:255
####################################
######   WEEDLE CLIMATE HIGH  ######
####################################
## WTemperature = 30
## WHumidityAir = 80
## WHumiditySoil = 1
## WCO2 = 900
## WLuminosity = 255
####################################
 == IN READ WEEDLE CLIMATE  == 
/home/pi/weedle/gardener/main/config/weedleClimate.config
##  Read Weedle Wtemperature:20
 == IN READ WEEDLE CLIMATE  == 
/home/pi/weedle/gardener/main/config/weedleClimate.config
##  Read Weedle Whumidity:50
 == IN READ WEEDLE CLIMATE  == 
/home/pi/weedle/gardener/main/config/weedleClimate.config
##  Read Weedle Whumiditysoil:1
 == IN READ WEEDLE CLIMATE  == 
/home/pi/weedle/gardener/main/config/weedleClimate.config
##  Read Weedle Wco2:380
 == IN READ WEEDLE CLIMATE  == 
/home/pi/weedle/gardener/main/config/weedleClimate.config
##  Read Weedle Wluminosity:0
####################################
######    WEEDLE CLIMATE LOW  ######
####################################
##  Wtemperature = 20
##  Whumidityair = 50
##  Whumiditysoil = 1
##  Wco2 = 380
##  Wluminosity = 0
####################################
== IN READ AIR TEMPERATURE IN THE BOX == 
## temperature:24.4 C  humidity : 49 %
== IN READ AIR HUMIDITY IN THE BOX == 
##  temperature:24.6 C  humidity : 51 %
== IN READ LUMINOSITY IN THE BOX == 
## luminosity = 255
\/\/\/\/\/\/\/\/
##### ALERT FAILED CO2 ONCE
\/\/\/\/\/\/\/\/
\/\/\/\/\/\/\/\/
##### ALERT FAILED CO2 TWICE - SET WEEDLE CLIMATE DEFAULT  - NO RUN CO2
\/\/\/\/\/\/\/\/
####################################
####     IN THE BOX CLIMATE     ###
####################################
## airTemperature = 24
## airHumdity = 51
## luminosity = 255
## co2 = 380
####################################
#######  ADJUSTMENT ACTIONS  #######
\/\/\/\/\/\/\/\/\/\/\/\/\/\/\/\/\/\/\/\/\/\/\/\/\/
####  WEEDLE ADJUSTMENT TEMPERATURE STARTING  ####
\/\/\/\/\/\/\/\/\/\/\/\/\/\/\/\/\/\/\/\/\/\/\/\/\/
###################################################
####  WEEDLE ADJUSTMENT TEMPERATURE COMPLETED ####
###################################################
\/\/\/\/\/\/\/\/\/\/\/\/\/\/\/\/\/\/\/\/\/\/\/\/\/
\/\/\/\/\/\/\/\/\/\/\/\/\/\/\/\/\/\/\/\/\/\/\/\/\/
####  WEEDLE ADJUSTMENT AIR HUMIDITY STARTING     ####
\/\/\/\/\/\/\/\/\/\/\/\/\/\/\/\/\/\/\/\/\/\/\/\/\/
#################################################
####  WEEDLE ADJUSTMENT AIR HUMIDITY COMPLETED #####
#################################################
\/\/\/\/\/\/\/\/\/\/\/\/\/\/\/\/\/\/\/\/\/\/\/\/\/
\/\/\/\/\/\/\/\/\/\/\/\/\/\/\/\/\/\/\/\/\/\/\/\/\/
####  WEEDLE ADJUSTMENT LUMINOSITY STARTING     ####
\/\/\/\/\/\/\/\/\/\/\/\/\/\/\/\/\/\/\/\/\/\/\/\/\/
######################################################
####  WEEDLE ADJUSTMENT LUMINOSITY COMPLETED #####
######################################################
\/\/\/\/\/\/\/\/\/\/\/\/\/\/\/\/\/\/\/\/\/\/\/\/\/
####  WEEDLE ADJUSTMENT CO2 STARTING     ####
\/\/\/\/\/\/\/\/\/\/\/\/\/\/\/\/\/\/\/\/\/\/\/\/\/
######################################################
####  WEEDLE ADJUSTMENT CO2 COMPLETED #####
######################################################
\/\/\/\/\/\/\/\/\/\/\/\/\/\/\/\/\/\/\/\/\/\/\/\/\/
\/\/<3==\/\/<3==\/\/<3==\/\/<3==\/\/<3==\/\/<3==  
################################################
####  WEEDLE ADJUSTMENT CLIMATE COMPLETED #####
################################################
\/\/<3==\/\/<3==\/\/<3==\/\/<3==\/\/<3==\/\/<3==  
\/\/<3==\/\/<3==\/\/<3==\/\/<3==\/\/<3==\/\/<3==  
\/\/<3==\/\/<3==\/\/<3==\/\/<3==\/\/<3==\/\/<3==  
\/\/<3==\/\/<3==\/\/<3==\/\/<3==\/\/<3==\/\/<3==  
