#######################################
#### IN WEEDLE ADJUSTMENT CLIMATE  ####
#######################################
\/\/\/\/\/\/\/\/\/\/\/\/\/\/\/\/\/\/\/\/
##############################################
#### STARTING WEEDLE ADJUSTMENT CLIMATE  ####
##############################################
 == IN READ WEEDLE CLIMATE  == 
/home/pi/weedle/gardener/main/config/weedleClimate.config
##  Read Weedle WTemperature:30
 == IN READ WEEDLE CLIMATE  == 
/home/pi/weedle/gardener/main/config/weedleClimate.config
##  Read Weedle WHumidityAir:80
 == IN READ WEEDLE CLIMATE  == 
/home/pi/weedle/gardener/main/config/weedleClimate.config
##  Read Weedle WHumiditySoil:1
 == IN READ WEEDLE CLIMATE  == 
/home/pi/weedle/gardener/main/config/weedleClimate.config
##  Read Weedle WCO2:900
 == IN READ WEEDLE CLIMATE  == 
/home/pi/weedle/gardener/main/config/weedleClimate.config
##  Read Weedle WLuminosity:255
####################################
######   WEEDLE CLIMATE HIGH  ######
####################################
## WTemperature = 30
## WHumidityAir = 80
## WHumiditySoil = 1
## WCO2 = 900
## WLuminosity = 255
####################################
 == IN READ WEEDLE CLIMATE  == 
/home/pi/weedle/gardener/main/config/weedleClimate.config
##  Read Weedle Wtemperature:20
 == IN READ WEEDLE CLIMATE  == 
/home/pi/weedle/gardener/main/config/weedleClimate.config
##  Read Weedle Whumidity:50
 == IN READ WEEDLE CLIMATE  == 
/home/pi/weedle/gardener/main/config/weedleClimate.config
##  Read Weedle Whumiditysoil:1
 == IN READ WEEDLE CLIMATE  == 
/home/pi/weedle/gardener/main/config/weedleClimate.config
##  Read Weedle Wco2:380
 == IN READ WEEDLE CLIMATE  == 
/home/pi/weedle/gardener/main/config/weedleClimate.config
##  Read Weedle Wluminosity:0
####################################
######    WEEDLE CLIMATE LOW  ######
####################################
##  Wtemperature = 20
##  Whumidityair = 50
##  Whumiditysoil = 1
##  Wco2 = 380
##  Wluminosity = 0
####################################
== IN READ AIR TEMPERATURE IN THE BOX == 
## temperature:24.0 C  humidity : 51 %
== IN READ AIR HUMIDITY IN THE BOX == 
== IN READ LUMINOSITY IN THE BOX == 
## luminosity = 255
== IN READ AIR HUMIDITY IN THE BOX == 
##  temperature:24.5 C  humidity : 49 %
\/\/\/\/\/\/\/\/
##### ALERT FAILED AIR HUMIDITY ONCE
\/\/\/\/\/\/\/\/
\/\/\/\/\/\/\/\/
##### ALERT FAILED CO2 ONCE
\/\/\/\/\/\/\/\/
\/\/\/\/\/\/\/\/
##### ALERT FAILED CO2 TWICE - SET WEEDLE CLIMATE DEFAULT  - NO RUN CO2
\/\/\/\/\/\/\/\/
####################################
####     IN THE BOX CLIMATE     ###
####################################
## airTemperature = 24
## airHumdity = 49
## luminosity = 255
## co2 = 380
####################################
#######  ADJUSTMENT ACTIONS  #######
\/\/\/\/\/\/\/\/\/\/\/\/\/\/\/\/\/\/\/\/\/\/\/\/\/
####  WEEDLE ADJUSTMENT TEMPERATURE STARTING  ####
\/\/\/\/\/\/\/\/\/\/\/\/\/\/\/\/\/\/\/\/\/\/\/\/\/
###################################################
####  WEEDLE ADJUSTMENT TEMPERATURE COMPLETED ####
###################################################
\/\/\/\/\/\/\/\/\/\/\/\/\/\/\/\/\/\/\/\/\/\/\/\/\/
\/\/\/\/\/\/\/\/\/\/\/\/\/\/\/\/\/\/\/\/\/\/\/\/\/
####  WEEDLE ADJUSTMENT AIR HUMIDITY STARTING     ####
\/\/\/\/\/\/\/\/\/\/\/\/\/\/\/\/\/\/\/\/\/\/\/\/\/
///////////////////////////////
=====    AIR TOO DRY   =======
///////////////////////////////
=====    INCREASE OF  +++ 1
////////////////////////////
------------------------
= IN INCREASE AIR HUMDITY
------------------------
 == IN READ WEEDLE ADJUSTMENT == 
##  Read Weedle HAWater:0
 == IN READ WEEDLE ADJUSTMENT == 
##  Read Weedle HAAir:30
 == IN READ WEEDLE ADJUSTMENT == 
##  Read Weedle HASun:0
============================
===  GARDENER TO EXECUTE ===
============================
==  water = 0
==  air = 30
==  sun = 0
============================
---
###  Caculated WATER in Sec: 0
## Turn ON WATER for: 0
##### IN WATER ON ####
Water ON...
## Turn OFF WATER
##### IN WATER OFF ####
Water OFF...
---
---
###  Caculated AIR in Sec: 30
## Turn ON AIR for: 30
##### IN AIR ON ####
Air ON...
## Turn OFF AIR
##### IN AIR OFF ####
Air OFF...
---
---
###  Caculated SUN (hot Air) in Sec: 0
##  Turn ON SUN - HOT AIR for: 0
##### IN SUN ON ####
Hot Air ON...
##  Turn OFF SUN - HOT AIR
##### IN SUN OFF ####
Hot Air OFF...
---
#################################################
####  WEEDLE ADJUSTMENT AIR HUMIDITY COMPLETED #####
#################################################
\/\/\/\/\/\/\/\/\/\/\/\/\/\/\/\/\/\/\/\/\/\/\/\/\/
\/\/\/\/\/\/\/\/\/\/\/\/\/\/\/\/\/\/\/\/\/\/\/\/\/
####  WEEDLE ADJUSTMENT LUMINOSITY STARTING     ####
\/\/\/\/\/\/\/\/\/\/\/\/\/\/\/\/\/\/\/\/\/\/\/\/\/
######################################################
####  WEEDLE ADJUSTMENT LUMINOSITY COMPLETED #####
######################################################
\/\/\/\/\/\/\/\/\/\/\/\/\/\/\/\/\/\/\/\/\/\/\/\/\/
####  WEEDLE ADJUSTMENT CO2 STARTING     ####
\/\/\/\/\/\/\/\/\/\/\/\/\/\/\/\/\/\/\/\/\/\/\/\/\/
######################################################
####  WEEDLE ADJUSTMENT CO2 COMPLETED #####
######################################################
\/\/\/\/\/\/\/\/\/\/\/\/\/\/\/\/\/\/\/\/\/\/\/\/\/
\/\/<3==\/\/<3==\/\/<3==\/\/<3==\/\/<3==\/\/<3==  
################################################
####  WEEDLE ADJUSTMENT CLIMATE COMPLETED #####
################################################
\/\/<3==\/\/<3==\/\/<3==\/\/<3==\/\/<3==\/\/<3==  
\/\/<3==\/\/<3==\/\/<3==\/\/<3==\/\/<3==\/\/<3==  
\/\/<3==\/\/<3==\/\/<3==\/\/<3==\/\/<3==\/\/<3==  
\/\/<3==\/\/<3==\/\/<3==\/\/<3==\/\/<3==\/\/<3==  
Weedle OFF...
##  Read Weedle blueState:OFF
##  Read Weedle redState:OFF
##  Read Weedle whiteState:OFF
Initializing Weedle Day...
There was an issue processing line: 

Initialization complete.
current time is: 18:37
There are no command to trigger for current time: 18:37
Main thread sleeping for 16 seconds
current time is: 20:25
There are no command to trigger for current time: 20:25
Main thread sleeping for 54 seconds
current time is: 20:26
There are no command to trigger for current time: 20:26
Main thread sleeping for 60 seconds
current time is: 20:27
There are no command to trigger for current time: 20:27
Main thread sleeping for 60 seconds
current time is: 20:28
There are no command to trigger for current time: 20:28
Main thread sleeping for 60 seconds
current time is: 20:29
There are no command to trigger for current time: 20:29
Main thread sleeping for 60 seconds
current time is: 20:30
There are 1 commands to trigger
Execute python /home/pi/weedle/gardener/main/weedleAdjustClimate.py
Main thread sleeping for 60 seconds
current time is: 20:31
There are no command to trigger for current time: 20:31
Main thread sleeping for 60 seconds
current time is: 20:32
There are no command to trigger for current time: 20:32
Main thread sleeping for 60 seconds
current time is: 20:33
There are no command to trigger for current time: 20:33
Main thread sleeping for 60 seconds
current time is: 20:34
There are no command to trigger for current time: 20:34
Main thread sleeping for 60 seconds
current time is: 20:35
There are no command to trigger for current time: 20:35
Main thread sleeping for 60 seconds
current time is: 20:36
There are no command to trigger for current time: 20:36
Main thread sleeping for 60 seconds
current time is: 20:37
There are no command to trigger for current time: 20:37
Main thread sleeping for 60 seconds
current time is: 20:38
There are no command to trigger for current time: 20:38
Main thread sleeping for 60 seconds
current time is: 20:39
There are no command to trigger for current time: 20:39
Main thread sleeping for 60 seconds
current time is: 20:40
There are no command to trigger for current time: 20:40
Main thread sleeping for 60 seconds
current time is: 20:41
There are no command to trigger for current time: 20:41
Main thread sleeping for 60 seconds
current time is: 20:42
There are no command to trigger for current time: 20:42
Main thread sleeping for 59 seconds
current time is: 20:43
There are no command to trigger for current time: 20:43
Main thread sleeping for 60 seconds
current time is: 20:44
There are no command to trigger for current time: 20:44
Main thread sleeping for 60 seconds
current time is: 20:45
There are no command to trigger for current time: 20:45
Main thread sleeping for 60 seconds
current time is: 20:46
There are no command to trigger for current time: 20:46
Main thread sleeping for 60 seconds
current time is: 20:47
There are no command to trigger for current time: 20:47
Main thread sleeping for 60 seconds
current time is: 20:48
There are no command to trigger for current time: 20:48
Main thread sleeping for 60 seconds
current time is: 20:49
There are no command to trigger for current time: 20:49
Main thread sleeping for 60 seconds
current time is: 20:50
There are no command to trigger for current time: 20:50
Main thread sleeping for 60 seconds
current time is: 20:51
There are no command to trigger for current time: 20:51
Main thread sleeping for 60 seconds
current time is: 20:52
There are no command to trigger for current time: 20:52
Main thread sleeping for 60 seconds
current time is: 20:53
There are no command to trigger for current time: 20:53
Main thread sleeping for 60 seconds
current time is: 20:54
There are no command to trigger for current time: 20:54
Main thread sleeping for 60 seconds
current time is: 20:55
There are no command to trigger for current time: 20:55
Main thread sleeping for 60 seconds
current time is: 20:56
There are no command to trigger for current time: 20:56
Main thread sleeping for 60 seconds
current time is: 20:57
There are no command to trigger for curr#######################################
#### IN WEEDLE ADJUSTMENT CLIMATE  ####
#######################################
\/\/\/\/\/\/\/\/\/\/\/\/\/\/\/\/\/\/\/\/
##############################################
#### STARTING WEEDLE ADJUSTMENT CLIMATE  ####
##############################################
 == IN READ WEEDLE CLIMATE  == 
/home/pi/weedle/gardener/main/config/weedleClimateNight.config
##  Read Weedle WTemperature:30
 == IN READ WEEDLE CLIMATE  == 
/home/pi/weedle/gardener/main/config/weedleClimateNight.config
##  Read Weedle WHumidityAir:80
 == IN READ WEEDLE CLIMATE  == 
/home/pi/weedle/gardener/main/config/weedleClimateNight.config
##  Read Weedle WHumiditySoil:1
 == IN READ WEEDLE CLIMATE  == 
/home/pi/weedle/gardener/main/config/weedleClimateNight.config
##  Read Weedle WCO2:900
 == IN READ WEEDLE CLIMATE  == 
/home/pi/weedle/gardener/main/config/weedleClimateNight.config
##  Read Weedle WLuminosity:255
####################################
######   WEEDLE CLIMATE HIGH  ######
####################################
## WTemperature = 30
## WHumidityAir = 80
## WHumiditySoil = 1
## WCO2 = 900
## WLuminosity = 255
####################################
 == IN READ WEEDLE CLIMATE  == 
/home/pi/weedle/gardener/main/config/weedleClimateNight.config
##  Read Weedle Wtemperature:20
 == IN READ WEEDLE CLIMATE  == 
/home/pi/weedle/gardener/main/config/weedleClimateNight.config
##  Read Weedle Whumidity:50
 == IN READ WEEDLE CLIMATE  == 
/home/pi/weedle/gardener/main/config/weedleClimateNight.config
##  Read Weedle Whumiditysoil:1
 == IN READ WEEDLE CLIMATE  == 
/home/pi/weedle/gardener/main/config/weedleClimateNight.config
##  Read Weedle Wco2:380
 == IN READ WEEDLE CLIMATE  == 
/home/pi/weedle/gardener/main/config/weedleClimateNight.config
##  Read Weedle Wluminosity:0
####################################
######    WEEDLE CLIMATE LOW  ######
####################################
##  Wtemperature = 20
##  Whumidityair = 50
##  Whumiditysoil = 1
##  Wco2 = 380
##  Wluminosity = 0
####################################
== IN READ AIR TEMPERATURE IN THE BOX == 
## temperature:24.6 C  humidity : 49 %
== IN READ AIR HUMIDITY IN THE BOX == 
##  temperature:25.8 C  humidity : 45 %
== IN READ LUMINOSITY IN THE BOX == 
## luminosity = 255
\/\/\/\/\/\/\/\/
##### ALERT FAILED CO2 ONCE
\/\/\/\/\/\/\/\/
\/\/\/\/\/\/\/\/
##### ALERT FAILED CO2 TWICE - SET WEEDLE CLIMATE DEFAULT  - NO RUN CO2
\/\/\/\/\/\/\/\/
####################################
####     IN THE BOX CLIMATE     ###
####################################
## airTemperature = 24
## airHumdity = 45
## luminosity = 255
## co2 = 380
####################################
#######  ADJUSTMENT ACTIONS  #######
\/\/\/\/\/\/\/\/\/\/\/\/\/\/\/\/\/\/\/\/\/\/\/\/\/
####  WEEDLE ADJUSTMENT TEMPERATURE STARTING  ####
\/\/\/\/\/\/\/\/\/\/\/\/\/\/\/\/\/\/\/\/\/\/\/\/\/
###################################################
####  WEEDLE ADJUSTMENT TEMPERATURE COMPLETED ####
###################################################
\/\/\/\/\/\/\/\/\/\/\/\/\/\/\/\/\/\/\/\/\/\/\/\/\/
\/\/\/\/\/\/\/\/\/\/\/\/\/\/\/\/\/\/\/\/\/\/\/\/\/
####  WEEDLE ADJUSTMENT AIR HUMIDITY STARTING     ####
\/\/\/\/\/\/\/\/\/\/\/\/\/\/\/\/\/\/\/\/\/\/\/\/\/
///////////////////////////////
=====    AIR TOO DRY   =======
///////////////////////////////
=====    INCREASE OF  +++ 5
////////////////////////////
------------------------
= IN INCREASE AIR HUMDITY
------------------------
 == IN READ WEEDLE ADJUSTMENT == 
##  Read Weedle HAWater:0
 == IN READ WEEDLE ADJUSTMENT == 
##  Read Weedle HAAir:30
 == IN READ WEEDLE ADJUSTMENT == 
##  Read Weedle HASun:0
============================
===  GARDENER TO EXECUTE ===
============================
==  water = 0
==  air = 30
==  sun = 0
============================
---
###  Caculated WATER in Sec: 0
## Turn ON WATER for: 0
##### IN WATER ON ####
Water ON...
## Turn OFF WATER
##### IN WATER OFF ####
Water OFF...
---
---
###  Caculated AIR in Sec: 150
## Turn ON AIR for: 150
##### IN AIR ON ####
Air ON...
## Turn OFF AIR
##### IN AIR OFF ####
Air OFF...
---
---
###  Caculated SUN (hot Air) in Sec: 0
##  Turn ON SUN - HOT AIR for: 0
##### IN SUN ON ####
Hot Air ON...
##  Turn OFF SUN - HOT AIR
##### IN SUN OFF ####
Hot Air OFF...
---
#################################################
####  WEEDLE ADJUSTMENT AIR HUMIDITY COMPLETED #####
#################################################
\/\/\/\/\/\/\/\/\/\/\/\/\/\/\/\/\/\/\/\/\/\/\/\/\/
\/\/\/\/\/\/\/\/\/\/\/\/\/\/\/\/\/\/\/\/\/\/\/\/\/
####  WEEDLE ADJUSTMENT LUMINOSITY STARTING     ####
\/\/\/\/\/\/\/\/\/\/\/\/\/\/\/\/\/\/\/\/\/\/\/\/\/
######################################################
####  WEEDLE ADJUSTMENT LUMINOSITY COMPLETED #####
######################################################
\/\/\/\/\/\/\/\/\/\/\/\/\/\/\/\/\/\/\/\/\/\/\/\/\/
####  WEEDLE ADJUSTMENT CO2 STARTING     ####
\/\/\/\/\/\/\/\/\/\/\/\/\/\/\/\/\/\/\/\/\/\/\/\/\/
######################################################
####  WEEDLE ADJUSTMENT CO2 COMPLETED #####
######################################################
\/\/\/\/\/\/\/\/\/\/\/\/\/\/\/\/\/\/\/\/\/\/\/\/\/
\/\/<3==\/\/<3==\/\/<3==\/\/<3==\/\/<3==\/\/<3==  
################################################
####  WEEDLE ADJUSTMENT CLIMATE COMPLETED #####
################################################
\/\/<3==\/\/<3==\/\/<3==\/\/<3==\/\/<3==\/\/<3==  
\/\/<3==\/\/<3==\/\/<3==\/\/<3==\/\/<3==\/\/<3==  
\/\/<3==\/\/<3==\/\/<3==\/\/<3==\/\/<3==\/\/<3==  
\/\/<3==\/\/<3==\/\/<3==\/\/<3==\/\/<3==\/\/<3==  
ent time: 20:57
Main thread sleeping for 60 seconds
current time is: 20:58
There are no command to trigger for current time: 20:58
Main thread sleeping for 60 seconds
current time is: 20:59
There are no command to trigger for current time: 20:59
Main thread sleeping for 59 seconds
current time is: 21:00
There are 1 commands to trigger
Execute python /home/pi/weedle/gardener/main/weedleAdjustClimate.py
Main thread sleeping for 60 seconds
current time is: 21:01
There are no command to trigger for current time: 21:01
Main thread sleeping for 60 seconds
current time is: 21:02
There are no command to trigger for current time: 21:02
Main thread sleeping for 60 seconds
current time is: 21:03
There are no command to trigger for current time: 21:03
Main thread sleeping for 60 seconds
current time is: 21:04
There are no command to trigger for current time: 21:04
Main thread sleeping for 60 seconds
current time is: 21:05
There are no command to trigger for current time: 21:05
Main thread sleeping for 60 seconds
current time is: 21:06
There are no command to trigger for current time: 21:06
Main thread sleeping for 60 seconds
current time is: 21:07
There are no command to trigger for current time: 21:07
Main thread sleeping for 60 seconds
current time is: 21:08
There are no command to trigger for current time: 21:08
Main thread sleeping for 60 seconds
current time is: 21:09
There are no command to trigger for current time: 21:09
Main thread sleeping for 60 seconds
current time is: 21:10
There are no command to trigger for current time: 21:10
Main thread sleeping for 60 seconds
current time is: 21:11
There are no command to trigger for current time: 21:11
Main thread sleeping for 60 seconds
current time is: 21:12
There are no command to trigger for current time: 21:12
Main thread sleeping for 60 seconds
current time is: 21:13
There are no command to trigger for current time: 21:13
Main thread sleeping for 60 seconds
current time is: 21:14
There are no command to trigger for current time: 21:14
Main thread sleeping for 60 seconds
current time is: 21:15
There are no command to trigger for current time: 21:15
Main thread sleeping for 60 seconds
current time is: 21:16
There are no command to trigger for current time: 21:16
Main thread sleeping for 59 seconds
current time is: 21:17
There are no command to trigger for current time: 21:17
Main thread sleeping for 60 seconds
current time is: 21:18
There are no command to trigger for current time: 21:18
Main thread sleeping for 60 seconds
current time is: 21:19
There are no command to trigger for current time: 21:19
Main thread sleeping for 60 seconds
current time is: 21:20
There are no command to trigger for current time: 21:20
Main thread sleeping for 60 seconds
current time is: 21:21
There are no command to trigger for current time: 21:21
Main thread sleeping for 60 seconds
current time is: 21:22
There are no command to trigger for current time: 21:22
Main thread sleeping for 60 seconds
current time is: 21:23
There are no command to trigger for current time: 21:23
Main thread sleeping for 60 seconds
current time is: 21:24
There are no command to trigger for current time: 21:24
Main thread sleeping for 60 seconds
current time is: 21:25
There are no command to trigger for current time: 21:25
Main thread sleeping for 60 seconds
current time is: 21:26
There are no command to trigger for current time: 21:26
Main thread sleeping for 60 seconds
current time is: 21:27
There are no command to trigger for current time: 21:27
Main thread sleeping for 60 seconds
current time is: 21:28
There are no command to trigger for current time: 21:28
Main thread sleeping for 60 seconds
current time is: 21:29
There are no command to trigger for current time: 21:29
Main thread sleeping for 60 seconds
current time is: 21:30
There are 1 commands to trigger
Execute python /home/pi/weedle/gardener/main/weedleAdjustClimate.py
Main thread sleeping for 60 seconds
current time is: 21:31
There are no command to trigger for current time: 21:31
Main thread sleeping for 60 seconds
current time is: 21:32
There are no command to#######################################
#### IN WEEDLE ADJUSTMENT CLIMATE  ####
#######################################
\/\/\/\/\/\/\/\/\/\/\/\/\/\/\/\/\/\/\/\/
##############################################
#### STARTING WEEDLE ADJUSTMENT CLIMATE  ####
##############################################
 == IN READ WEEDLE CLIMATE  == 
/home/pi/weedle/gardener/main/config/weedleClimateNight.config
##  Read Weedle WTemperature:30
 == IN READ WEEDLE CLIMATE  == 
/home/pi/weedle/gardener/main/config/weedleClimateNight.config
##  Read Weedle WHumidityAir:80
 == IN READ WEEDLE CLIMATE  == 
/home/pi/weedle/gardener/main/config/weedleClimateNight.config
##  Read Weedle WHumiditySoil:1
 == IN READ WEEDLE CLIMATE  == 
/home/pi/weedle/gardener/main/config/weedleClimateNight.config
##  Read Weedle WCO2:900
 == IN READ WEEDLE CLIMATE  == 
/home/pi/weedle/gardener/main/config/weedleClimateNight.config
##  Read Weedle WLuminosity:255
####################################
######   WEEDLE CLIMATE HIGH  ######
####################################
## WTemperature = 30
## WHumidityAir = 80
## WHumiditySoil = 1
## WCO2 = 900
## WLuminosity = 255
####################################
 == IN READ WEEDLE CLIMATE  == 
/home/pi/weedle/gardener/main/config/weedleClimateNight.config
##  Read Weedle Wtemperature:20
 == IN READ WEEDLE CLIMATE  == 
/home/pi/weedle/gardener/main/config/weedleClimateNight.config
##  Read Weedle Whumidity:50
 == IN READ WEEDLE CLIMATE  == 
/home/pi/weedle/gardener/main/config/weedleClimateNight.config
##  Read Weedle Whumiditysoil:1
 == IN READ WEEDLE CLIMATE  == 
/home/pi/weedle/gardener/main/config/weedleClimateNight.config
##  Read Weedle Wco2:380
 == IN READ WEEDLE CLIMATE  == 
/home/pi/weedle/gardener/main/config/weedleClimateNight.config
##  Read Weedle Wluminosity:0
####################################
######    WEEDLE CLIMATE LOW  ######
####################################
##  Wtemperature = 20
##  Whumidityair = 50
##  Whumiditysoil = 1
##  Wco2 = 380
##  Wluminosity = 0
####################################
== IN READ AIR TEMPERATURE IN THE BOX == 
## temperature:25.8 C  humidity : 45 %
== IN READ AIR HUMIDITY IN THE BOX == 
##  temperature:26.3 C  humidity : 45 %
== IN READ LUMINOSITY IN THE BOX == 
## luminosity = 255
\/\/\/\/\/\/\/\/
##### ALERT FAILED CO2 ONCE
\/\/\/\/\/\/\/\/
\/\/\/\/\/\/\/\/
##### ALERT FAILED CO2 TWICE - SET WEEDLE CLIMATE DEFAULT  - NO RUN CO2
\/\/\/\/\/\/\/\/
####################################
####     IN THE BOX CLIMATE     ###
####################################
## airTemperature = 25
## airHumdity = 45
## luminosity = 255
## co2 = 380
####################################
#######  ADJUSTMENT ACTIONS  #######
\/\/\/\/\/\/\/\/\/\/\/\/\/\/\/\/\/\/\/\/\/\/\/\/\/
####  WEEDLE ADJUSTMENT TEMPERATURE STARTING  ####
\/\/\/\/\/\/\/\/\/\/\/\/\/\/\/\/\/\/\/\/\/\/\/\/\/
###################################################
####  WEEDLE ADJUSTMENT TEMPERATURE COMPLETED ####
###################################################
\/\/\/\/\/\/\/\/\/\/\/\/\/\/\/\/\/\/\/\/\/\/\/\/\/
\/\/\/\/\/\/\/\/\/\/\/\/\/\/\/\/\/\/\/\/\/\/\/\/\/
####  WEEDLE ADJUSTMENT AIR HUMIDITY STARTING     ####
\/\/\/\/\/\/\/\/\/\/\/\/\/\/\/\/\/\/\/\/\/\/\/\/\/
///////////////////////////////
=====    AIR TOO DRY   =======
///////////////////////////////
=====    INCREASE OF  +++ 5
////////////////////////////
------------------------
= IN INCREASE AIR HUMDITY
------------------------
 == IN READ WEEDLE ADJUSTMENT == 
##  Read Weedle HAWater:0
 == IN READ WEEDLE ADJUSTMENT == 
##  Read Weedle HAAir:30
 == IN READ WEEDLE ADJUSTMENT == 
##  Read Weedle HASun:0
============================
===  GARDENER TO EXECUTE ===
============================
==  water = 0
==  air = 30
==  sun = 0
============================
---
###  Caculated WATER in Sec: 0
## Turn ON WATER for: 0
##### IN WATER ON ####
Water ON...
## Turn OFF WATER
##### IN WATER OFF ####
Water OFF...
---
---
###  Caculated AIR in Sec: 150
## Turn ON AIR for: 150
##### IN AIR ON ####
Air ON...
## Turn OFF AIR
##### IN AIR OFF ####
Air OFF...
---
---
###  Caculated SUN (hot Air) in Sec: 0
##  Turn ON SUN - HOT AIR for: 0
##### IN SUN ON ####
Hot Air ON...
##  Turn OFF SUN - HOT AIR
##### IN SUN OFF ####
Hot Air OFF...
---
#################################################
####  WEEDLE ADJUSTMENT AIR HUMIDITY COMPLETED #####
#################################################
\/\/\/\/\/\/\/\/\/\/\/\/\/\/\/\/\/\/\/\/\/\/\/\/\/
\/\/\/\/\/\/\/\/\/\/\/\/\/\/\/\/\/\/\/\/\/\/\/\/\/
####  WEEDLE ADJUSTMENT LUMINOSITY STARTING     ####
\/\/\/\/\/\/\/\/\/\/\/\/\/\/\/\/\/\/\/\/\/\/\/\/\/
######################################################
####  WEEDLE ADJUSTMENT LUMINOSITY COMPLETED #####
######################################################
\/\/\/\/\/\/\/\/\/\/\/\/\/\/\/\/\/\/\/\/\/\/\/\/\/
####  WEEDLE ADJUSTMENT CO2 STARTING     ####
\/\/\/\/\/\/\/\/\/\/\/\/\/\/\/\/\/\/\/\/\/\/\/\/\/
######################################################
####  WEEDLE ADJUSTMENT CO2 COMPLETED #####
######################################################
\/\/\/\/\/\/\/\/\/\/\/\/\/\/\/\/\/\/\/\/\/\/\/\/\/
\/\/<3==\/\/<3==\/\/<3==\/\/<3==\/\/<3==\/\/<3==  
################################################
####  WEEDLE ADJUSTMENT CLIMATE COMPLETED #####
################################################
\/\/<3==\/\/<3==\/\/<3==\/\/<3==\/\/<3==\/\/<3==  
\/\/<3==\/\/<3==\/\/<3==\/\/<3==\/\/<3==\/\/<3==  
\/\/<3==\/\/<3==\/\/<3==\/\/<3==\/\/<3==\/\/<3==  
\/\/<3==\/\/<3==\/\/<3==\/\/<3==\/\/<3==\/\/<3==  
sendmail: Authorization failed (535 5.7.8  https://support.google.com/mail/?p=BadCredentials c11sm22312470pfj.114 - gsmtp)
#######################################
#### IN WEEDLE ADJUSTMENT CLIMATE  ####
#######################################
\/\/\/\/\/\/\/\/\/\/\/\/\/\/\/\/\/\/\/\/
##############################################
#### STARTING WEEDLE ADJUSTMENT CLIMATE  ####
##############################################
 == IN READ WEEDLE CLIMATE  == 
/home/pi/weedle/gardener/main/config/weedleClimateNight.config
##  Read Weedle WTemperature:30
 == IN READ WEEDLE CLIMATE  == 
/home/pi/weedle/gardener/main/config/weedleClimateNight.config
##  Read Weedle WHumidityAir:80
 == IN READ WEEDLE CLIMATE  == 
/home/pi/weedle/gardener/main/config/weedleClimateNight.config
##  Read Weedle WHumiditySoil:1
 == IN READ WEEDLE CLIMATE  == 
/home/pi/weedle/gardener/main/config/weedleClimateNight.config
##  Read Weedle WCO2:900
 == IN READ WEEDLE CLIMATE  == 
/home/pi/weedle/gardener/main/config/weedleClimateNight.config
##  Read Weedle WLuminosity:255
####################################
######   WEEDLE CLIMATE HIGH  ######
####################################
## WTemperature = 30
## WHumidityAir = 80
## WHumiditySoil = 1
## WCO2 = 900
## WLuminosity = 255
####################################
 == IN READ WEEDLE CLIMATE  == 
/home/pi/weedle/gardener/main/config/weedleClimateNight.config
##  Read Weedle Wtemperature:20
 == IN READ WEEDLE CLIMATE  == 
/home/pi/weedle/gardener/main/config/weedleClimateNight.config
##  Read Weedle Whumidity:50
 == IN READ WEEDLE CLIMATE  == 
/home/pi/weedle/gardener/main/config/weedleClimateNight.config
##  Read Weedle Whumiditysoil:1
 == IN READ WEEDLE CLIMATE  == 
/home/pi/weedle/gardener/main/config/weedleClimateNight.config
##  Read Weedle Wco2:380
 == IN READ WEEDLE CLIMATE  == 
/home/pi/weedle/gardener/main/config/weedleClimateNight.config
##  Read Weedle Wluminosity:0
####################################
######    WEEDLE CLIMATE LOW  ######
####################################
##  Wtemperature = 20
##  Whumidityair = 50
##  Whumiditysoil = 1
##  Wco2 = 380
##  Wluminosity = 0
####################################
== IN READ AIR TEMPERATURE IN THE BOX == 
## temperature:26.3 C  humidity : 46 %
== IN READ AIR HUMIDITY IN THE BOX == 
##  temperature:26.3 C  humidity : 45 %
== IN READ LUMINOSITY IN THE BOX == 
## luminosity = 255
\/\/\/\/\/\/\/\/
##### ALERT FAILED CO2 ONCE
\/\/\/\/\/\/\/\/
\/\/\/\/\/\/\/\/
##### ALERT FAILED CO2 TWICE - SET WEEDLE CLIMATE DEFAULT  - NO RUN CO2
\/\/\/\/\/\/\/\/
####################################
####     IN THE BOX CLIMATE     ###
####################################
## airTemperature = 26
## airHumdity = 45
## luminosity = 255
## co2 = 380
####################################
#######  ADJUSTMENT ACTIONS  #######
\/\/\/\/\/\/\/\/\/\/\/\/\/\/\/\/\/\/\/\/\/\/\/\/\/
####  WEEDLE ADJUSTMENT TEMPERATURE STARTING  ####
\/\/\/\/\/\/\/\/\/\/\/\/\/\/\/\/\/\/\/\/\/\/\/\/\/
###################################################
####  WEEDLE ADJUSTMENT TEMPERATURE COMPLETED ####
###################################################
\/\/\/\/\/\/\/\/\/\/\/\/\/\/\/\/\/\/\/\/\/\/\/\/\/
\/\/\/\/\/\/\/\/\/\/\/\/\/\/\/\/\/\/\/\/\/\/\/\/\/
####  WEEDLE ADJUSTMENT AIR HUMIDITY STARTING     ####
\/\/\/\/\/\/\/\/\/\/\/\/\/\/\/\/\/\/\/\/\/\/\/\/\/
///////////////////////////////
=====    AIR TOO DRY   =======
///////////////////////////////
=====    INCREASE OF  +++ 5
////////////////////////////
------------------------
= IN INCREASE AIR HUMDITY
------------------------
 == IN READ WEEDLE ADJUSTMENT == 
##  Read Weedle HAWater:0
 == IN READ WEEDLE ADJUSTMENT == 
##  Read Weedle HAAir:30
 == IN READ WEEDLE ADJUSTMENT == 
##  Read Weedle HASun:0
============================
===  GARDENER TO EXECUTE ===
============================
==  water = 0
==  air = 30
==  sun = 0
============================
---
###  Caculated WATER in Sec: 0
## Turn ON WATER for: 0
##### IN WATER ON ####
Water ON...
## Turn OFF WATER
##### IN WATER OFF ####
Water OFF...
---
---
###  Caculated AIR in Sec: 150
## Turn ON AIR for: 150
##### IN AIR ON ####
Air ON...
## Turn OFF AIR
##### IN AIR OFF ####
Air OFF...
---
---
###  Caculated SUN (hot Air) in Sec: 0
##  Turn ON SUN - HOT AIR for: 0
##### IN SUN ON ####
Hot Air ON...
##  Turn OFF SUN - HOT AIR
##### IN SUN OFF ####
Hot Air OFF...
---
#################################################
####  WEEDLE ADJUSTMENT AIR HUMIDITY COMPLETED #####
#################################################
\/\/\/\/\/\/\/\/\/\/\/\/\/\/\/\/\/\/\/\/\/\/\/\/\/
\/\/\/\/\/\/\/\/\/\/\/\/\/\/\/\/\/\/\/\/\/\/\/\/\/
####  WEEDLE ADJUSTMENT LUMINOSITY STARTING     ####
\/\/\/\/\/\/\/\/\/\/\/\/\/\/\/\/\/\/\/\/\/\/\/\/\/
######################################################
####  WEEDLE ADJUSTMENT LUMINOSITY COMPLETED #####
######################################################
\/\/\/\/\/\/\/\/\/\/\/\/\/\/\/\/\/\/\/\/\/\/\/\/\/
####  WEEDLE ADJUSTMENT CO2 STARTING     ####
\/\/\/\/\/\/\/\/\/\/\/\/\/\/\/\/\/\/\/\/\/\/\/\/\/
######################################################
####  WEEDLE ADJUSTMENT CO2 COMPLETED #####
######################################################
\/\/\/\/\/\/\/\/\/\/\/\/\/\/\/\/\/\/\/\/\/\/\/\/\/
\/\/<3==\/\/<3==\/\/<3==\/\/<3==\/\/<3==\/\/<3==  
################################################
####  WEEDLE ADJUSTMENT CLIMATE COMPLETED #####
################################################
\/\/<3==\/\/<3==\/\/<3==\/\/<3==\/\/<3==\/\/<3==  
\/\/<3==\/\/<3==\/\/<3==\/\/<3==\/\/<3==\/\/<3==  
\/\/<3==\/\/<3==\/\/<3==\/\/<3==\/\/<3==\/\/<3==  
\/\/<3==\/\/<3==\/\/<3==\/\/<3==\/\/<3==\/\/<3==  
